[0603/112130:ERROR:process_reader_win.cc(173)] ResumeThread: 操作成功完成。 (0x0)
[0603/112130:ERROR:process_reader_win.cc(173)] ResumeThread: 操作成功完成。 (0x0)
[0603/112130:ERROR:process_reader_win.cc(142)] SuspendThread: 拒绝访问。 (0x5)
[0603/112130:ERROR:process_reader_win.cc(142)] SuspendThread: 拒绝访问。 (0x5)
[0603/112130:ERROR:process_reader_win.cc(142)] SuspendThread: 拒绝访问。 (0x5)
[0603/112130:ERROR:process_reader_win.cc(142)] SuspendThread: 拒绝访问。 (0x5)
[0603/112130:ERROR:process_reader_win.cc(142)] SuspendThread: 拒绝访问。 (0x5)
[0603/112130:ERROR:process_reader_win.cc(142)] SuspendThread: 拒绝访问。 (0x5)
[0603/112130:ERROR:process_reader_win.cc(142)] SuspendThread: 拒绝访问。 (0x5)
[0603/112130:ERROR:process_reader_win.cc(142)] SuspendThread: 拒绝访问。 (0x5)
[0603/112130:ERROR:process_reader_win.cc(142)] SuspendThread: 拒绝访问。 (0x5)
[0603/112130:ERROR:process_reader_win.cc(142)] SuspendThread: 拒绝访问。 (0x5)
[0603/112130:ERROR:process_reader_win.cc(142)] SuspendThread: 拒绝访问。 (0x5)
[0603/112130:ERROR:process_reader_win.cc(142)] SuspendThread: 拒绝访问。 (0x5)
[0603/112130:ERROR:exception_snapshot_win.cc(88)] thread ID 42896 not found in process
[0603/112130:WARNING:crash_report_exception_handler.cc(60)] ProcessSnapshotWin::InitializeException failed
[0603/112130:ERROR:process_reader_win.cc(142)] SuspendThread: 拒绝访问。 (0x5)
[0603/112130:ERROR:process_reader_win.cc(142)] SuspendThread: 拒绝访问。 (0x5)
[0603/112130:ERROR:process_reader_win.cc(142)] SuspendThread: 拒绝访问。 (0x5)
[0603/112130:ERROR:process_reader_win.cc(233)] ReadMemory at 0x12bb9a0 of 72 bytes failed: 仅完成部分的 ReadProcessMemory 或 WriteProcessMemory 请求。 (0x12B)
[0603/112130:ERROR:process_reader_win.cc(233)] ReadMemory at 0x12945c8 of 72 bytes failed: 仅完成部分的 ReadProcessMemory 或 WriteProcessMemory 请求。 (0x12B)
[0603/112130:ERROR:process_reader_win.cc(233)] ReadMemory at 0x1292158 of 784 bytes failed: 仅完成部分的 ReadProcessMemory 或 WriteProcessMemory 请求。 (0x12B)
[0603/112130:ERROR:process_snapshot_win.cc(390)] ReadMemory RTL_USER_PROCESS_PARAMETERS
[0603/112130:ERROR:process_reader_win.cc(233)] ReadMemory at 0xf30000 of 64 bytes failed: 仅完成部分的 ReadProcessMemory 或 WriteProcessMemory 请求。 (0x12B)
[0603/112130:WARNING:pe_image_reader.cc(281)] could not read dos header from C:\Program Files (x86)\Google\Chrome\Application\chrome.exe
[0603/112130:ERROR:process_reader_win.cc(233)] ReadMemory at 0x77060000 of 64 bytes failed: 仅完成部分的 ReadProcessMemory 或 WriteProcessMemory 请求。 (0x12B)
[0603/112130:WARNING:pe_image_reader.cc(281)] could not read dos header from C:\windows\SYSTEM32\KERNELBASE.dll
[0603/112130:ERROR:process_reader_win.cc(233)] ReadMemory at 0x765f0000 of 64 bytes failed: 仅完成部分的 ReadProcessMemory 或 WriteProcessMemory 请求。 (0x12B)
[0603/112130:WARNING:pe_image_reader.cc(281)] could not read dos header from C:\windows\SYSTEM32\KERNEL32.DLL
[0603/112130:ERROR:process_reader_win.cc(233)] ReadMemory at 0x713a0000 of 64 bytes failed: 仅完成部分的 ReadProcessMemory 或 WriteProcessMemory 请求。 (0x12B)
[0603/112130:WARNING:pe_image_reader.cc(281)] could not read dos header from C:\windows\system32\apphelp.dll
[0603/112130:ERROR:process_reader_win.cc(233)] ReadMemory at 0x764d0000 of 64 bytes failed: 仅完成部分的 ReadProcessMemory 或 WriteProcessMemory 请求。 (0x12B)
[0603/112130:WARNING:pe_image_reader.cc(281)] could not read dos header from C:\windows\SYSTEM32\msvcrt.dll
[0603/112130:ERROR:process_reader_win.cc(233)] ReadMemory at 0x74670000 of 64 bytes failed: 仅完成部分的 ReadProcessMemory 或 WriteProcessMemory 请求。 (0x12B)
[0603/112130:WARNING:pe_image_reader.cc(281)] could not read dos header from C:\windows\SYSTEM32\bcryptPrimitives.dll
[0603/112130:ERROR:process_reader_win.cc(233)] ReadMemory at 0x745e0000 of 64 bytes failed: 仅完成部分的 ReadProcessMemory 或 WriteProcessMemory 请求。 (0x12B)
[0603/112130:WARNING:pe_image_reader.cc(281)] could not read dos header from C:\windows\SYSTEM32\CRYPTBASE.dll
[0603/112130:ERROR:process_reader_win.cc(233)] ReadMemory at 0x745f0000 of 64 bytes failed: 仅完成部分的 ReadProcessMemory 或 WriteProcessMemory 请求。 (0x12B)
[0603/112130:WARNING:pe_image_reader.cc(281)] could not read dos header from C:\windows\SYSTEM32\SspiCli.dll
[0603/112130:ERROR:process_reader_win.cc(233)] ReadMemory at 0x76300000 of 64 bytes failed: 仅完成部分的 ReadProcessMemory 或 WriteProcessMemory 请求。 (0x12B)
[0603/112130:WARNING:pe_image_reader.cc(281)] could not read dos header from C:\windows\SYSTEM32\RPCRT4.dll
[0603/112130:ERROR:process_reader_win.cc(233)] ReadMemory at 0x75fb0000 of 64 bytes failed: 仅完成部分的 ReadProcessMemory 或 WriteProcessMemory 请求。 (0x12B)
[0603/112130:WARNING:pe_image_reader.cc(281)] could not read dos header from C:\windows\SYSTEM32\sechost.dll
[0603/112130:ERROR:process_reader_win.cc(233)] ReadMemory at 0x75f20000 of 64 bytes failed: 仅完成部分的 ReadProcessMemory 或 WriteProcessMemory 请求。 (0x12B)
[0603/112130:WARNING:pe_image_reader.cc(281)] could not read dos header from C:\windows\SYSTEM32\ADVAPI32.dll
[0603/112130:ERROR:process_reader_win.cc(233)] ReadMemory at 0x6dc30000 of 64 bytes failed: 仅完成部分的 ReadProcessMemory 或 WriteProcessMemory 请求。 (0x12B)
[0603/112130:WARNING:pe_image_reader.cc(281)] could not read dos header from C:\Program Files (x86)\Google\Chrome\Application\52.0.2743.116\chrome_elf.dll
[0603/112130:ERROR:process_reader_win.cc(233)] ReadMemory at 0x74340000 of 64 bytes failed: 仅完成部分的 ReadProcessMemory 或 WriteProcessMemory 请求。 (0x12B)
[0603/112130:WARNING:pe_image_reader.cc(281)] could not read dos header from C:\windows\SYSTEM32\VERSION.dll
[0603/112130:ERROR:process_reader_win.cc(233)] ReadMemory at 0x74810000 of 64 bytes failed: 仅完成部分的 ReadProcessMemory 或 WriteProcessMemory 请求。 (0x12B)
[0603/112130:WARNING:pe_image_reader.cc(281)] could not read dos header from C:\windows\SYSTEM32\cfgmgr32.dll
[0603/112130:ERROR:process_reader_win.cc(233)] ReadMemory at 0x731e0000 of 64 bytes failed: 仅完成部分的 ReadProcessMemory 或 WriteProcessMemory 请求。 (0x12B)
[0603/112130:WARNING:pe_image_reader.cc(281)] could not read dos header from C:\windows\SYSTEM32\WINMMBASE.dll
[0603/112130:ERROR:process_reader_win.cc(233)] ReadMemory at 0x760d0000 of 64 bytes failed: 仅完成部分的 ReadProcessMemory 或 WriteProcessMemory 请求。 (0x12B)
[0603/112130:WARNING:pe_image_reader.cc(281)] could not read dos header from C:\windows\SYSTEM32\GDI32.dll
[0603/112130:ERROR:process_reader_win.cc(233)] ReadMemory at 0x76a40000 of 64 bytes failed: 仅完成部分的 ReadProcessMemory 或 WriteProcessMemory 请求。 (0x12B)
[0603/112130:WARNING:pe_image_reader.cc(281)] could not read dos header from C:\windows\SYSTEM32\USER32.dll
[0603/112130:ERROR:process_reader_win.cc(233)] ReadMemory at 0x76a10000 of 64 bytes failed: 仅完成部分的 ReadProcessMemory 或 WriteProcessMemory 请求。 (0x12B)
[0603/112130:WARNING:pe_image_reader.cc(281)] could not read dos header from C:\windows\SYSTEM32\IMM32.DLL
[0603/112130:ERROR:process_reader_win.cc(233)] ReadMemory at 0x73410000 of 64 bytes failed: 仅完成部分的 ReadProcessMemory 或 WriteProcessMemory 请求。 (0x12B)
[0603/112130:WARNING:pe_image_reader.cc(281)] could not read dos header from C:\windows\SYSTEM32\WINMM.dll
[0603/112130:ERROR:process_reader_win.cc(233)] ReadMemory at 0x76000000 of 64 bytes failed: 仅完成部分的 ReadProcessMemory 或 WriteProcessMemory 请求。 (0x12B)
[0603/112130:WARNING:pe_image_reader.cc(281)] could not read dos header from C:\windows\SYSTEM32\profapi.dll
[0603/112130:ERROR:process_reader_win.cc(233)] ReadMemory at 0x74350000 of 64 bytes failed: 仅完成部分的 ReadProcessMemory 或 WriteProcessMemory 请求。 (0x12B)
[0603/112130:WARNING:pe_image_reader.cc(281)] could not read dos header from C:\windows\SYSTEM32\USERENV.dll
[0603/112130:ERROR:process_reader_win.cc(233)] ReadMemory at 0x74370000 of 64 bytes failed: 仅完成部分的 ReadProcessMemory 或 WriteProcessMemory 请求。 (0x12B)
[0603/112130:WARNING:pe_image_reader.cc(281)] could not read dos header from C:\windows\SYSTEM32\WTSAPI32.dll
[0603/112130:ERROR:process_reader_win.cc(233)] ReadMemory at 0x73800000 of 64 bytes failed: 仅完成部分的 ReadProcessMemory 或 WriteProcessMemory 请求。 (0x12B)
[0603/112130:WARNING:pe_image_reader.cc(281)] could not read dos header from C:\windows\SYSTEM32\WINHTTP.dll
[0603/112130:ERROR:process_reader_win.cc(233)] ReadMemory at 0x771e0000 of 64 bytes failed: 仅完成部分的 ReadProcessMemory 或 WriteProcessMemory 请求。 (0x12B)
[0603/112130:WARNING:pe_image_reader.cc(281)] could not read dos header from C:\windows\SYSTEM32\PSAPI.DLL
[0603/112130:ERROR:process_reader_win.cc(233)] ReadMemory at 0x76850000 of 64 bytes failed: 仅完成部分的 ReadProcessMemory 或 WriteProcessMemory 请求。 (0x12B)
[0603/112130:WARNING:pe_image_reader.cc(281)] could not read dos header from C:\windows\SYSTEM32\combase.dll
[0603/112130:ERROR:process_reader_win.cc(233)] ReadMemory at 0x76220000 of 64 bytes failed: 仅完成部分的 ReadProcessMemory 或 WriteProcessMemory 请求。 (0x12B)
[0603/112130:WARNING:pe_image_reader.cc(281)] could not read dos header from C:\windows\SYSTEM32\shlwapi.dll
[0603/112130:ERROR:process_reader_win.cc(233)] ReadMemory at 0x75fa0000 of 64 bytes failed: 仅完成部分的 ReadProcessMemory 或 WriteProcessMemory 请求。 (0x12B)
[0603/112130:WARNING:pe_image_reader.cc(281)] could not read dos header from C:\windows\SYSTEM32\kernel.appcore.dll
[0603/112130:ERROR:process_reader_win.cc(233)] ReadMemory at 0x76270000 of 64 bytes failed: 仅完成部分的 ReadProcessMemory 或 WriteProcessMemory 请求。 (0x12B)
[0603/112130:WARNING:pe_image_reader.cc(281)] could not read dos header from C:\windows\SYSTEM32\shcore.dll
[0603/112130:ERROR:process_reader_win.cc(233)] ReadMemory at 0x76080000 of 64 bytes failed: 仅完成部分的 ReadProcessMemory 或 WriteProcessMemory 请求。 (0x12B)
[0603/112130:WARNING:pe_image_reader.cc(281)] could not read dos header from C:\windows\SYSTEM32\powrprof.dll
[0603/112130:ERROR:process_reader_win.cc(233)] ReadMemory at 0x773c0000 of 64 bytes failed: 仅完成部分的 ReadProcessMemory 或 WriteProcessMemory 请求。 (0x12B)
[0603/112130:WARNING:pe_image_reader.cc(281)] could not read dos header from C:\windows\SYSTEM32\windows.storage.dll
[0603/112130:ERROR:process_reader_win.cc(233)] ReadMemory at 0x74870000 of 64 bytes failed: 仅完成部分的 ReadProcessMemory 或 WriteProcessMemory 请求。 (0x12B)
[0603/112130:WARNING:pe_image_reader.cc(281)] could not read dos header from C:\windows\SYSTEM32\SHELL32.dll
[0603/112130:ERROR:process_reader_win.cc(233)] ReadMemory at 0x72a80000 of 64 bytes failed: 仅完成部分的 ReadProcessMemory 或 WriteProcessMemory 请求。 (0x12B)
[0603/112130:WARNING:pe_image_reader.cc(281)] could not read dos header from C:\windows\SYSTEM32\OLEACC.dll
[0603/112130:ERROR:process_reader_win.cc(233)] ReadMemory at 0x10000000 of 64 bytes failed: 仅完成部分的 ReadProcessMemory 或 WriteProcessMemory 请求。 (0x12B)
[0603/112130:WARNING:pe_image_reader.cc(281)] could not read dos header from c:\program files (x86)\kingsoft\kingsoft antivirus\ks3rdhmpg.dll
[0603/112130:ERROR:process_reader_win.cc(233)] ReadMemory at 0x72c60000 of 64 bytes failed: 仅完成部分的 ReadProcessMemory 或 WriteProcessMemory 请求。 (0x12B)
[0603/112130:WARNING:pe_image_reader.cc(281)] could not read dos header from C:\windows\SYSTEM32\bcrypt.dll
[0603/112130:ERROR:process_reader_win.cc(233)] ReadMemory at 0x72dc0000 of 64 bytes failed: 仅完成部分的 ReadProcessMemory 或 WriteProcessMemory 请求。 (0x12B)
[0603/112130:WARNING:pe_image_reader.cc(281)] could not read dos header from C:\windows\SYSTEM32\WINSPOOL.DRV
[0603/112130:ERROR:process_reader_win.cc(233)] ReadMemory at 0x72e30000 of 64 bytes failed: 仅完成部分的 ReadProcessMemory 或 WriteProcessMemory 请求。 (0x12B)
[0603/112130:WARNING:pe_image_reader.cc(281)] could not read dos header from C:\windows\WinSxS\x86_microsoft.windows.common-controls_6595b64144ccf1df_6.0.10586.589_none_ea8aeaa1b9b5d5d4\COMCTL32.dll
[0603/112130:ERROR:process_reader_win.cc(233)] ReadMemory at 0x74610000 of 64 bytes failed: 仅完成部分的 ReadProcessMemory 或 WriteProcessMemory 请求。 (0x12B)
[0603/112130:WARNING:pe_image_reader.cc(281)] could not read dos header from C:\windows\SYSTEM32\FirewallAPI.dll
[0603/112130:ERROR:process_reader_win.cc(233)] ReadMemory at 0x72b90000 of 64 bytes failed: 仅完成部分的 ReadProcessMemory 或 WriteProcessMemory 请求。 (0x12B)
[0603/112130:WARNING:pe_image_reader.cc(281)] could not read dos header from C:\windows\SYSTEM32\fwbase.dll
[0603/112130:ERROR:process_reader_win.cc(233)] ReadMemory at 0x75e60000 of 64 bytes failed: 仅完成部分的 ReadProcessMemory 或 WriteProcessMemory 请求。 (0x12B)
[0603/112130:WARNING:pe_image_reader.cc(281)] could not read dos header from C:\windows\SYSTEM32\NETAPI32.dll
[0603/112130:ERROR:process_reader_win.cc(233)] ReadMemory at 0x733f0000 of 64 bytes failed: 仅完成部分的 ReadProcessMemory 或 WriteProcessMemory 请求。 (0x12B)
[0603/112130:WARNING:pe_image_reader.cc(281)] could not read dos header from C:\windows\SYSTEM32\DAVHLPR.DLL
[0603/112130:ERROR:process_reader_win.cc(233)] ReadMemory at 0x75d60000 of 64 bytes failed: 仅完成部分的 ReadProcessMemory 或 WriteProcessMemory 请求。 (0x12B)
[0603/112130:WARNING:pe_image_reader.cc(281)] could not read dos header from C:\windows\SYSTEM32\COMDLG32.dll
[0603/112130:ERROR:process_reader_win.cc(233)] ReadMemory at 0x75c70000 of 64 bytes failed: 仅完成部分的 ReadProcessMemory 或 WriteProcessMemory 请求。 (0x12B)
[0603/112130:WARNING:pe_image_reader.cc(281)] could not read dos header from C:\windows\SYSTEM32\ole32.dll
[0603/112130:ERROR:process_reader_win.cc(233)] ReadMemory at 0x75e80000 of 64 bytes failed: 仅完成部分的 ReadProcessMemory 或 WriteProcessMemory 请求。 (0x12B)
[0603/112130:WARNING:pe_image_reader.cc(281)] could not read dos header from C:\windows\SYSTEM32\OLEAUT32.dll
[0603/112130:ERROR:process_reader_win.cc(233)] ReadMemory at 0x740e0000 of 64 bytes failed: 仅完成部分的 ReadProcessMemory 或 WriteProcessMemory 请求。 (0x12B)
[0603/112130:WARNING:pe_image_reader.cc(281)] could not read dos header from C:\windows\SYSTEM32\IPHLPAPI.DLL
[0603/112130:ERROR:process_reader_win.cc(233)] ReadMemory at 0x771f0000 of 64 bytes failed: 仅完成部分的 ReadProcessMemory 或 WriteProcessMemory 请求。 (0x12B)
[0603/112130:WARNING:pe_image_reader.cc(281)] could not read dos header from C:\windows\SYSTEM32\WS2_32.dll
[0603/112130:ERROR:process_reader_win.cc(233)] ReadMemory at 0x70c50000 of 64 bytes failed: 仅完成部分的 ReadProcessMemory 或 WriteProcessMemory 请求。 (0x12B)
[0603/112130:WARNING:pe_image_reader.cc(281)] could not read dos header from C:\windows\SYSTEM32\USP10.dll
[0603/112130:ERROR:process_reader_win.cc(233)] ReadMemory at 0x76070000 of 64 bytes failed: 仅完成部分的 ReadProcessMemory 或 WriteProcessMemory 请求。 (0x12B)
[0603/112130:WARNING:pe_image_reader.cc(281)] could not read dos header from C:\windows\SYSTEM32\MSASN1.dll
[0603/112130:ERROR:process_reader_win.cc(233)] ReadMemory at 0x766d0000 of 64 bytes failed: 仅完成部分的 ReadProcessMemory 或 WriteProcessMemory 请求。 (0x12B)
[0603/112130:WARNING:pe_image_reader.cc(281)] could not read dos header from C:\windows\SYSTEM32\CRYPT32.dll
[0603/112130:ERROR:process_reader_win.cc(233)] ReadMemory at 0x76ba0000 of 64 bytes failed: 仅完成部分的 ReadProcessMemory 或 WriteProcessMemory 请求。 (0x12B)
[0603/112130:WARNING:pe_image_reader.cc(281)] could not read dos header from C:\windows\SYSTEM32\WINTRUST.dll
[0603/112130:ERROR:process_reader_win.cc(233)] ReadMemory at 0x72940000 of 64 bytes failed: 仅完成部分的 ReadProcessMemory 或 WriteProcessMemory 请求。 (0x12B)
[0603/112130:WARNING:pe_image_reader.cc(281)] could not read dos header from C:\windows\SYSTEM32\Secur32.dll
[0603/112130:ERROR:process_reader_win.cc(233)] ReadMemory at 0x68460000 of 64 bytes failed: 仅完成部分的 ReadProcessMemory 或 WriteProcessMemory 请求。 (0x12B)
[0603/112130:WARNING:pe_image_reader.cc(281)] could not read dos header from C:\Program Files (x86)\Google\Chrome\Application\52.0.2743.116\chrome_child.dll
[0603/112130:ERROR:process_reader_win.cc(233)] ReadMemory at 0x71460000 of 64 bytes failed: 仅完成部分的 ReadProcessMemory 或 WriteProcessMemory 请求。 (0x12B)
[0603/112130:WARNING:pe_image_reader.cc(281)] could not read dos header from C:\windows\SYSTEM32\dwrite.dll
[0603/112130:ERROR:process_reader_win.cc(233)] ReadMemory at 0x72a00000 of 64 bytes failed: 仅完成部分的 ReadProcessMemory 或 WriteProcessMemory 请求。 (0x12B)
[0603/112130:WARNING:pe_image_reader.cc(281)] could not read dos header from C:\windows\system32\uxtheme.dll
[0603/112130:ERROR:process_reader_win.cc(233)] ReadMemory at 0x741d0000 of 64 bytes failed: 仅完成部分的 ReadProcessMemory 或 WriteProcessMemory 请求。 (0x12B)
[0603/112130:WARNING:pe_image_reader.cc(281)] could not read dos header from C:\windows\WinSxS\x86_microsoft.windows.gdiplus_6595b64144ccf1df_1.1.10586.589_none_1b75dd8714484fa2\gdiplus.dll
[0603/112130:ERROR:process_reader_win.cc(233)] ReadMemory at 0x67f30000 of 64 bytes failed: 仅完成部分的 ReadProcessMemory 或 WriteProcessMemory 请求。 (0x12B)
[0603/112130:WARNING:pe_image_reader.cc(281)] could not read dos header from C:\windows\SYSTEM32\dxva2.dll
[0603/112130:ERROR:process_reader_win.cc(233)] ReadMemory at 0x779cab80 of 5888 bytes failed: 仅完成部分的 ReadProcessMemory 或 WriteProcessMemory 请求。 (0x12B)
[0603/112130:ERROR:process_reader_win.cc(233)] ReadMemory at 0xf30000 of 64 bytes failed: 仅完成部分的 ReadProcessMemory 或 WriteProcessMemory 请求。 (0x12B)
[0603/112130:WARNING:pe_image_reader.cc(281)] could not read dos header from C:\Program Files (x86)\Google\Chrome\Application\chrome.exe
[0603/112130:ERROR:process_reader_win.cc(233)] ReadMemory at 0x778c0000 of 64 bytes failed: 仅完成部分的 ReadProcessMemory 或 WriteProcessMemory 请求。 (0x12B)
[0603/112130:WARNING:pe_image_reader.cc(281)] could not read dos header from C:\windows\SYSTEM32\ntdll.dll
[0603/112130:ERROR:process_reader_win.cc(233)] ReadMemory at 0x77060000 of 64 bytes failed: 仅完成部分的 ReadProcessMemory 或 WriteProcessMemory 请求。 (0x12B)
[0603/112130:WARNING:pe_image_reader.cc(281)] could not read dos header from C:\windows\SYSTEM32\KERNELBASE.dll
[0603/112130:ERROR:process_reader_win.cc(233)] ReadMemory at 0x765f0000 of 64 bytes failed: 仅完成部分的 ReadProcessMemory 或 WriteProcessMemory 请求。 (0x12B)
[0603/112130:WARNING:pe_image_reader.cc(281)] could not read dos header from C:\windows\SYSTEM32\KERNEL32.DLL
[0603/112130:ERROR:process_reader_win.cc(233)] ReadMemory at 0x713a0000 of 64 bytes failed: 仅完成部分的 ReadProcessMemory 或 WriteProcessMemory 请求。 (0x12B)
[0603/112130:WARNING:pe_image_reader.cc(281)] could not read dos header from C:\windows\system32\apphelp.dll
[0603/112130:ERROR:process_reader_win.cc(233)] ReadMemory at 0x764d0000 of 64 bytes failed: 仅完成部分的 ReadProcessMemory 或 WriteProcessMemory 请求。 (0x12B)
[0603/112130:WARNING:pe_image_reader.cc(281)] could not read dos header from C:\windows\SYSTEM32\msvcrt.dll
[0603/112130:ERROR:process_reader_win.cc(233)] ReadMemory at 0x74670000 of 64 bytes failed: 仅完成部分的 ReadProcessMemory 或 WriteProcessMemory 请求。 (0x12B)
[0603/112130:WARNING:pe_image_reader.cc(281)] could not read dos header from C:\windows\SYSTEM32\bcryptPrimitives.dll
[0603/112130:ERROR:process_reader_win.cc(233)] ReadMemory at 0x745e0000 of 64 bytes failed: 仅完成部分的 ReadProcessMemory 或 WriteProcessMemory 请求。 (0x12B)
[0603/112130:WARNING:pe_image_reader.cc(281)] could not read dos header from C:\windows\SYSTEM32\CRYPTBASE.dll
[0603/112130:ERROR:process_reader_win.cc(233)] ReadMemory at 0x745f0000 of 64 bytes failed: 仅完成部分的 ReadProcessMemory 或 WriteProcessMemory 请求。 (0x12B)
[0603/112130:WARNING:pe_image_reader.cc(281)] could not read dos header from C:\windows\SYSTEM32\SspiCli.dll
[0603/112130:ERROR:process_reader_win.cc(233)] ReadMemory at 0x76300000 of 64 bytes failed: 仅完成部分的 ReadProcessMemory 或 WriteProcessMemory 请求。 (0x12B)
[0603/112130:WARNING:pe_image_reader.cc(281)] could not read dos header from C:\windows\SYSTEM32\RPCRT4.dll
[0603/112130:ERROR:process_reader_win.cc(233)] ReadMemory at 0x75fb0000 of 64 bytes failed: 仅完成部分的 ReadProcessMemory 或 WriteProcessMemory 请求。 (0x12B)
[0603/112130:WARNING:pe_image_reader.cc(281)] could not read dos header from C:\windows\SYSTEM32\sechost.dll
[0603/112130:ERROR:process_reader_win.cc(233)] ReadMemory at 0x75f20000 of 64 bytes failed: 仅完成部分的 ReadProcessMemory 或 WriteProcessMemory 请求。 (0x12B)
[0603/112130:WARNING:pe_image_reader.cc(281)] could not read dos header from C:\windows\SYSTEM32\ADVAPI32.dll
[0603/112130:ERROR:process_reader_win.cc(233)] ReadMemory at 0x6dc30000 of 64 bytes failed: 仅完成部分的 ReadProcessMemory 或 WriteProcessMemory 请求。 (0x12B)
[0603/112130:WARNING:pe_image_reader.cc(281)] could not read dos header from C:\Program Files (x86)\Google\Chrome\Application\52.0.2743.116\chrome_elf.dll
[0603/112130:ERROR:process_reader_win.cc(233)] ReadMemory at 0x74340000 of 64 bytes failed: 仅完成部分的 ReadProcessMemory 或 WriteProcessMemory 请求。 (0x12B)
[0603/112130:WARNING:pe_image_reader.cc(281)] could not read dos header from C:\windows\SYSTEM32\VERSION.dll
[0603/112130:ERROR:process_reader_win.cc(233)] ReadMemory at 0x74810000 of 64 bytes failed: 仅完成部分的 ReadProcessMemory 或 WriteProcessMemory 请求。 (0x12B)
[0603/112130:WARNING:pe_image_reader.cc(281)] could not read dos header from C:\windows\SYSTEM32\cfgmgr32.dll
[0603/112130:ERROR:process_reader_win.cc(233)] ReadMemory at 0x731e0000 of 64 bytes failed: 仅完成部分的 ReadProcessMemory 或 WriteProcessMemory 请求。 (0x12B)
[0603/112130:WARNING:pe_image_reader.cc(281)] could not read dos header from C:\windows\SYSTEM32\WINMMBASE.dll
[0603/112130:ERROR:process_reader_win.cc(233)] ReadMemory at 0x760d0000 of 64 bytes failed: 仅完成部分的 ReadProcessMemory 或 WriteProcessMemory 请求。 (0x12B)
[0603/112130:WARNING:pe_image_reader.cc(281)] could not read dos header from C:\windows\SYSTEM32\GDI32.dll
[0603/112130:ERROR:process_reader_win.cc(233)] ReadMemory at 0x76a40000 of 64 bytes failed: 仅完成部分的 ReadProcessMemory 或 WriteProcessMemory 请求。 (0x12B)
[0603/112130:WARNING:pe_image_reader.cc(281)] could not read dos header from C:\windows\SYSTEM32\USER32.dll
[0603/112130:ERROR:process_reader_win.cc(233)] ReadMemory at 0x76a10000 of 64 bytes failed: 仅完成部分的 ReadProcessMemory 或 WriteProcessMemory 请求。 (0x12B)
[0603/112130:WARNING:pe_image_reader.cc(281)] could not read dos header from C:\windows\SYSTEM32\IMM32.DLL
[0603/112130:ERROR:process_reader_win.cc(233)] ReadMemory at 0x73410000 of 64 bytes failed: 仅完成部分的 ReadProcessMemory 或 WriteProcessMemory 请求。 (0x12B)
[0603/112130:WARNING:pe_image_reader.cc(281)] could not read dos header from C:\windows\SYSTEM32\WINMM.dll
[0603/112130:ERROR:process_reader_win.cc(233)] ReadMemory at 0x76000000 of 64 bytes failed: 仅完成部分的 ReadProcessMemory 或 WriteProcessMemory 请求。 (0x12B)
[0603/112130:WARNING:pe_image_reader.cc(281)] could not read dos header from C:\windows\SYSTEM32\profapi.dll
[0603/112130:ERROR:process_reader_win.cc(233)] ReadMemory at 0x74350000 of 64 bytes failed: 仅完成部分的 ReadProcessMemory 或 WriteProcessMemory 请求。 (0x12B)
[0603/112130:WARNING:pe_image_reader.cc(281)] could not read dos header from C:\windows\SYSTEM32\USERENV.dll
[0603/112130:ERROR:process_reader_win.cc(233)] ReadMemory at 0x74370000 of 64 bytes failed: 仅完成部分的 ReadProcessMemory 或 WriteProcessMemory 请求。 (0x12B)
[0603/112130:WARNING:pe_image_reader.cc(281)] could not read dos header from C:\windows\SYSTEM32\WTSAPI32.dll
[0603/112130:ERROR:process_reader_win.cc(233)] ReadMemory at 0x73800000 of 64 bytes failed: 仅完成部分的 ReadProcessMemory 或 WriteProcessMemory 请求。 (0x12B)
[0603/112130:WARNING:pe_image_reader.cc(281)] could not read dos header from C:\windows\SYSTEM32\WINHTTP.dll
[0603/112130:ERROR:process_reader_win.cc(233)] ReadMemory at 0x771e0000 of 64 bytes failed: 仅完成部分的 ReadProcessMemory 或 WriteProcessMemory 请求。 (0x12B)
[0603/112130:WARNING:pe_image_reader.cc(281)] could not read dos header from C:\windows\SYSTEM32\PSAPI.DLL
[0603/112130:ERROR:process_reader_win.cc(233)] ReadMemory at 0x76850000 of 64 bytes failed: 仅完成部分的 ReadProcessMemory 或 WriteProcessMemory 请求。 (0x12B)
[0603/112130:WARNING:pe_image_reader.cc(281)] could not read dos header from C:\windows\SYSTEM32\combase.dll
[0603/112130:ERROR:process_reader_win.cc(233)] ReadMemory at 0x76220000 of 64 bytes failed: 仅完成部分的 ReadProcessMemory 或 WriteProcessMemory 请求。 (0x12B)
[0603/112130:WARNING:pe_image_reader.cc(281)] could not read dos header from C:\windows\SYSTEM32\shlwapi.dll
[0603/112130:ERROR:process_reader_win.cc(233)] ReadMemory at 0x75fa0000 of 64 bytes failed: 仅完成部分的 ReadProcessMemory 或 WriteProcessMemory 请求。 (0x12B)
[0603/112130:WARNING:pe_image_reader.cc(281)] could not read dos header from C:\windows\SYSTEM32\kernel.appcore.dll
[0603/112130:ERROR:process_reader_win.cc(233)] ReadMemory at 0x76270000 of 64 bytes failed: 仅完成部分的 ReadProcessMemory 或 WriteProcessMemory 请求。 (0x12B)
[0603/112130:WARNING:pe_image_reader.cc(281)] could not read dos header from C:\windows\SYSTEM32\shcore.dll
[0603/112130:ERROR:process_reader_win.cc(233)] ReadMemory at 0x76080000 of 64 bytes failed: 仅完成部分的 ReadProcessMemory 或 WriteProcessMemory 请求。 (0x12B)
[0603/112130:WARNING:pe_image_reader.cc(281)] could not read dos header from C:\windows\SYSTEM32\powrprof.dll
[0603/112130:ERROR:process_reader_win.cc(233)] ReadMemory at 0x773c0000 of 64 bytes failed: 仅完成部分的 ReadProcessMemory 或 WriteProcessMemory 请求。 (0x12B)
[0603/112130:WARNING:pe_image_reader.cc(281)] could not read dos header from C:\windows\SYSTEM32\windows.storage.dll
[0603/112130:ERROR:process_reader_win.cc(233)] ReadMemory at 0x74870000 of 64 bytes failed: 仅完成部分的 ReadProcessMemory 或 WriteProcessMemory 请求。 (0x12B)
[0603/112130:WARNING:pe_image_reader.cc(281)] could not read dos header from C:\windows\SYSTEM32\SHELL32.dll
[0603/112130:ERROR:process_reader_win.cc(233)] ReadMemory at 0x72a80000 of 64 bytes failed: 仅完成部分的 ReadProcessMemory 或 WriteProcessMemory 请求。 (0x12B)
[0603/112130:WARNING:pe_image_reader.cc(281)] could not read dos header from C:\windows\SYSTEM32\OLEACC.dll
[0603/112130:ERROR:process_reader_win.cc(233)] ReadMemory at 0x10000000 of 64 bytes failed: 仅完成部分的 ReadProcessMemory 或 WriteProcessMemory 请求。 (0x12B)
[0603/112130:WARNING:pe_image_reader.cc(281)] could not read dos header from c:\program files (x86)\kingsoft\kingsoft antivirus\ks3rdhmpg.dll
[0603/112130:ERROR:process_reader_win.cc(233)] ReadMemory at 0x72c60000 of 64 bytes failed: 仅完成部分的 ReadProcessMemory 或 WriteProcessMemory 请求。 (0x12B)
[0603/112130:WARNING:pe_image_reader.cc(281)] could not read dos header from C:\windows\SYSTEM32\bcrypt.dll
[0603/112130:ERROR:process_reader_win.cc(233)] ReadMemory at 0x72dc0000 of 64 bytes failed: 仅完成部分的 ReadProcessMemory 或 WriteProcessMemory 请求。 (0x12B)
[0603/112130:WARNING:pe_image_reader.cc(281)] could not read dos header from C:\windows\SYSTEM32\WINSPOOL.DRV
[0603/112130:ERROR:process_reader_win.cc(233)] ReadMemory at 0x72e30000 of 64 bytes failed: 仅完成部分的 ReadProcessMemory 或 WriteProcessMemory 请求。 (0x12B)
[0603/112130:WARNING:pe_image_reader.cc(281)] could not read dos header from C:\windows\WinSxS\x86_microsoft.windows.common-controls_6595b64144ccf1df_6.0.10586.589_none_ea8aeaa1b9b5d5d4\COMCTL32.dll
[0603/112130:ERROR:process_reader_win.cc(233)] ReadMemory at 0x74610000 of 64 bytes failed: 仅完成部分的 ReadProcessMemory 或 WriteProcessMemory 请求。 (0x12B)
[0603/112130:WARNING:pe_image_reader.cc(281)] could not read dos header from C:\windows\SYSTEM32\FirewallAPI.dll
[0603/112130:ERROR:process_reader_win.cc(233)] ReadMemory at 0x72b90000 of 64 bytes failed: 仅完成部分的 ReadProcessMemory 或 WriteProcessMemory 请求。 (0x12B)
[0603/112130:WARNING:pe_image_reader.cc(281)] could not read dos header from C:\windows\SYSTEM32\fwbase.dll
[0603/112130:ERROR:process_reader_win.cc(233)] ReadMemory at 0x75e60000 of 64 bytes failed: 仅完成部分的 ReadProcessMemory 或 WriteProcessMemory 请求。 (0x12B)
[0603/112130:WARNING:pe_image_reader.cc(281)] could not read dos header from C:\windows\SYSTEM32\NETAPI32.dll
[0603/112130:ERROR:process_reader_win.cc(233)] ReadMemory at 0x733f0000 of 64 bytes failed: 仅完成部分的 ReadProcessMemory 或 WriteProcessMemory 请求。 (0x12B)
[0603/112130:WARNING:pe_image_reader.cc(281)] could not read dos header from C:\windows\SYSTEM32\DAVHLPR.DLL
[0603/112130:ERROR:process_reader_win.cc(233)] ReadMemory at 0x75d60000 of 64 bytes failed: 仅完成部分的 ReadProcessMemory 或 WriteProcessMemory 请求。 (0x12B)
[0603/112130:WARNING:pe_image_reader.cc(281)] could not read dos header from C:\windows\SYSTEM32\COMDLG32.dll
[0603/112130:ERROR:process_reader_win.cc(233)] ReadMemory at 0x75c70000 of 64 bytes failed: 仅完成部分的 ReadProcessMemory 或 WriteProcessMemory 请求。 (0x12B)
[0603/112130:WARNING:pe_image_reader.cc(281)] could not read dos header from C:\windows\SYSTEM32\ole32.dll
[0603/112130:ERROR:process_reader_win.cc(233)] ReadMemory at 0x75e80000 of 64 bytes failed: 仅完成部分的 ReadProcessMemory 或 WriteProcessMemory 请求。 (0x12B)
[0603/112130:WARNING:pe_image_reader.cc(281)] could not read dos header from C:\windows\SYSTEM32\OLEAUT32.dll
[0603/112130:ERROR:process_reader_win.cc(233)] ReadMemory at 0x740e0000 of 64 bytes failed: 仅完成部分的 ReadProcessMemory 或 WriteProcessMemory 请求。 (0x12B)
[0603/112130:WARNING:pe_image_reader.cc(281)] could not read dos header from C:\windows\SYSTEM32\IPHLPAPI.DLL
[0603/112130:ERROR:process_reader_win.cc(233)] ReadMemory at 0x771f0000 of 64 bytes failed: 仅完成部分的 ReadProcessMemory 或 WriteProcessMemory 请求。 (0x12B)
[0603/112130:WARNING:pe_image_reader.cc(281)] could not read dos header from C:\windows\SYSTEM32\WS2_32.dll
[0603/112130:ERROR:process_reader_win.cc(233)] ReadMemory at 0x70c50000 of 64 bytes failed: 仅完成部分的 ReadProcessMemory 或 WriteProcessMemory 请求。 (0x12B)
[0603/112130:WARNING:pe_image_reader.cc(281)] could not read dos header from C:\windows\SYSTEM32\USP10.dll
[0603/112130:ERROR:process_reader_win.cc(233)] ReadMemory at 0x76070000 of 64 bytes failed: 仅完成部分的 ReadProcessMemory 或 WriteProcessMemory 请求。 (0x12B)
[0603/112130:WARNING:pe_image_reader.cc(281)] could not read dos header from C:\windows\SYSTEM32\MSASN1.dll
[0603/112130:ERROR:process_reader_win.cc(233)] ReadMemory at 0x766d0000 of 64 bytes failed: 仅完成部分的 ReadProcessMemory 或 WriteProcessMemory 请求。 (0x12B)
[0603/112130:WARNING:pe_image_reader.cc(281)] could not read dos header from C:\windows\SYSTEM32\CRYPT32.dll
[0603/112130:ERROR:process_reader_win.cc(233)] ReadMemory at 0x76ba0000 of 64 bytes failed: 仅完成部分的 ReadProcessMemory 或 WriteProcessMemory 请求。 (0x12B)
[0603/112130:WARNING:pe_image_reader.cc(281)] could not read dos header from C:\windows\SYSTEM32\WINTRUST.dll
[0603/112130:ERROR:process_reader_win.cc(233)] ReadMemory at 0x72940000 of 64 bytes failed: 仅完成部分的 ReadProcessMemory 或 WriteProcessMemory 请求。 (0x12B)
[0603/112130:WARNING:pe_image_reader.cc(281)] could not read dos header from C:\windows\SYSTEM32\Secur32.dll
[0603/112130:ERROR:process_reader_win.cc(233)] ReadMemory at 0x68460000 of 64 bytes failed: 仅完成部分的 ReadProcessMemory 或 WriteProcessMemory 请求。 (0x12B)
[0603/112130:WARNING:pe_image_reader.cc(281)] could not read dos header from C:\Program Files (x86)\Google\Chrome\Application\52.0.2743.116\chrome_child.dll
[0603/112130:ERROR:process_reader_win.cc(233)] ReadMemory at 0x71460000 of 64 bytes failed: 仅完成部分的 ReadProcessMemory 或 WriteProcessMemory 请求。 (0x12B)
[0603/112130:WARNING:pe_image_reader.cc(281)] could not read dos header from C:\windows\SYSTEM32\dwrite.dll
[0603/112130:ERROR:process_reader_win.cc(233)] ReadMemory at 0x72a00000 of 64 bytes failed: 仅完成部分的 ReadProcessMemory 或 WriteProcessMemory 请求。 (0x12B)
[0603/112130:WARNING:pe_image_reader.cc(281)] could not read dos header from C:\windows\system32\uxtheme.dll
[0603/112130:ERROR:process_reader_win.cc(233)] ReadMemory at 0x741d0000 of 64 bytes failed: 仅完成部分的 ReadProcessMemory 或 WriteProcessMemory 请求。 (0x12B)
[0603/112130:WARNING:pe_image_reader.cc(281)] could not read dos header from C:\windows\WinSxS\x86_microsoft.windows.gdiplus_6595b64144ccf1df_1.1.10586.589_none_1b75dd8714484fa2\gdiplus.dll
[0603/112130:ERROR:process_reader_win.cc(233)] ReadMemory at 0x67f30000 of 64 bytes failed: 仅完成部分的 ReadProcessMemory 或 WriteProcessMemory 请求。 (0x12B)
[0603/112130:WARNING:pe_image_reader.cc(281)] could not read dos header from C:\windows\SYSTEM32\dxva2.dll
[0603/112130:ERROR:process_reader_win.cc(99)] process 41648 not found
[0603/112130:ERROR:process_reader_win.cc(233)] ReadMemory at 0xf30000 of 64 bytes failed: 仅完成部分的 ReadProcessMemory 或 WriteProcessMemory 请求。 (0x12B)
[0603/112130:WARNING:pe_image_reader.cc(281)] could not read dos header from C:\Program Files (x86)\Google\Chrome\Application\chrome.exe
[0603/112130:ERROR:process_reader_win.cc(233)] ReadMemory at 0x778c0000 of 64 bytes failed: 仅完成部分的 ReadProcessMemory 或 WriteProcessMemory 请求。 (0x12B)
[0603/112130:WARNING:pe_image_reader.cc(281)] could not read dos header from C:\windows\SYSTEM32\ntdll.dll
[0603/112130:ERROR:process_reader_win.cc(233)] ReadMemory at 0x77060000 of 64 bytes failed: 仅完成部分的 ReadProcessMemory 或 WriteProcessMemory 请求。 (0x12B)
[0603/112130:WARNING:pe_image_reader.cc(281)] could not read dos header from C:\windows\SYSTEM32\KERNELBASE.dll
[0603/112130:ERROR:process_reader_win.cc(233)] ReadMemory at 0x765f0000 of 64 bytes failed: 仅完成部分的 ReadProcessMemory 或 WriteProcessMemory 请求。 (0x12B)
[0603/112130:WARNING:pe_image_reader.cc(281)] could not read dos header from C:\windows\SYSTEM32\KERNEL32.DLL
[0603/112130:ERROR:process_reader_win.cc(233)] ReadMemory at 0x713a0000 of 64 bytes failed: 仅完成部分的 ReadProcessMemory 或 WriteProcessMemory 请求。 (0x12B)
[0603/112130:WARNING:pe_image_reader.cc(281)] could not read dos header from C:\windows\system32\apphelp.dll
[0603/112130:ERROR:process_reader_win.cc(233)] ReadMemory at 0x764d0000 of 64 bytes failed: 仅完成部分的 ReadProcessMemory 或 WriteProcessMemory 请求。 (0x12B)
[0603/112130:WARNING:pe_image_reader.cc(281)] could not read dos header from C:\windows\SYSTEM32\msvcrt.dll
[0603/112130:ERROR:process_reader_win.cc(233)] ReadMemory at 0x74670000 of 64 bytes failed: 仅完成部分的 ReadProcessMemory 或 WriteProcessMemory 请求。 (0x12B)
[0603/112130:WARNING:pe_image_reader.cc(281)] could not read dos header from C:\windows\SYSTEM32\bcryptPrimitives.dll
[0603/112130:ERROR:process_reader_win.cc(233)] ReadMemory at 0x745e0000 of 64 bytes failed: 仅完成部分的 ReadProcessMemory 或 WriteProcessMemory 请求。 (0x12B)
[0603/112130:WARNING:pe_image_reader.cc(281)] could not read dos header from C:\windows\SYSTEM32\CRYPTBASE.dll
[0603/112130:ERROR:process_reader_win.cc(233)] ReadMemory at 0x745f0000 of 64 bytes failed: 仅完成部分的 ReadProcessMemory 或 WriteProcessMemory 请求。 (0x12B)
[0603/112130:WARNING:pe_image_reader.cc(281)] could not read dos header from C:\windows\SYSTEM32\SspiCli.dll
[0603/112130:ERROR:process_reader_win.cc(233)] ReadMemory at 0x76300000 of 64 bytes failed: 仅完成部分的 ReadProcessMemory 或 WriteProcessMemory 请求。 (0x12B)
[0603/112130:WARNING:pe_image_reader.cc(281)] could not read dos header from C:\windows\SYSTEM32\RPCRT4.dll
[0603/112130:ERROR:process_reader_win.cc(233)] ReadMemory at 0x75fb0000 of 64 bytes failed: 仅完成部分的 ReadProcessMemory 或 WriteProcessMemory 请求。 (0x12B)
[0603/112130:WARNING:pe_image_reader.cc(281)] could not read dos header from C:\windows\SYSTEM32\sechost.dll
[0603/112130:ERROR:process_reader_win.cc(233)] ReadMemory at 0x75f20000 of 64 bytes failed: 仅完成部分的 ReadProcessMemory 或 WriteProcessMemory 请求。 (0x12B)
[0603/112130:WARNING:pe_image_reader.cc(281)] could not read dos header from C:\windows\SYSTEM32\ADVAPI32.dll
[0603/112130:ERROR:process_reader_win.cc(233)] ReadMemory at 0x6dc30000 of 64 bytes failed: 仅完成部分的 ReadProcessMemory 或 WriteProcessMemory 请求。 (0x12B)
[0603/112130:WARNING:pe_image_reader.cc(281)] could not read dos header from C:\Program Files (x86)\Google\Chrome\Application\52.0.2743.116\chrome_elf.dll
[0603/112130:ERROR:process_reader_win.cc(233)] ReadMemory at 0x74340000 of 64 bytes failed: 仅完成部分的 ReadProcessMemory 或 WriteProcessMemory 请求。 (0x12B)
[0603/112130:WARNING:pe_image_reader.cc(281)] could not read dos header from C:\windows\SYSTEM32\VERSION.dll
[0603/112130:ERROR:process_reader_win.cc(233)] ReadMemory at 0x74810000 of 64 bytes failed: 仅完成部分的 ReadProcessMemory 或 WriteProcessMemory 请求。 (0x12B)
[0603/112130:WARNING:pe_image_reader.cc(281)] could not read dos header from C:\windows\SYSTEM32\cfgmgr32.dll
[0603/112130:ERROR:process_reader_win.cc(233)] ReadMemory at 0x731e0000 of 64 bytes failed: 仅完成部分的 ReadProcessMemory 或 WriteProcessMemory 请求。 (0x12B)
[0603/112130:WARNING:pe_image_reader.cc(281)] could not read dos header from C:\windows\SYSTEM32\WINMMBASE.dll
[0603/112130:ERROR:process_reader_win.cc(233)] ReadMemory at 0x760d0000 of 64 bytes failed: 仅完成部分的 ReadProcessMemory 或 WriteProcessMemory 请求。 (0x12B)
[0603/112130:WARNING:pe_image_reader.cc(281)] could not read dos header from C:\windows\SYSTEM32\GDI32.dll
[0603/112130:ERROR:process_reader_win.cc(233)] ReadMemory at 0x76a40000 of 64 bytes failed: 仅完成部分的 ReadProcessMemory 或 WriteProcessMemory 请求。 (0x12B)
[0603/112130:WARNING:pe_image_reader.cc(281)] could not read dos header from C:\windows\SYSTEM32\USER32.dll
[0603/112130:ERROR:process_reader_win.cc(233)] ReadMemory at 0x76a10000 of 64 bytes failed: 仅完成部分的 ReadProcessMemory 或 WriteProcessMemory 请求。 (0x12B)
[0603/112130:WARNING:pe_image_reader.cc(281)] could not read dos header from C:\windows\SYSTEM32\IMM32.DLL
[0603/112130:ERROR:process_reader_win.cc(233)] ReadMemory at 0x73410000 of 64 bytes failed: 仅完成部分的 ReadProcessMemory 或 WriteProcessMemory 请求。 (0x12B)
[0603/112130:WARNING:pe_image_reader.cc(281)] could not read dos header from C:\windows\SYSTEM32\WINMM.dll
[0603/112130:ERROR:process_reader_win.cc(233)] ReadMemory at 0x76000000 of 64 bytes failed: 仅完成部分的 ReadProcessMemory 或 WriteProcessMemory 请求。 (0x12B)
[0603/112130:WARNING:pe_image_reader.cc(281)] could not read dos header from C:\windows\SYSTEM32\profapi.dll
[0603/112130:ERROR:process_reader_win.cc(233)] ReadMemory at 0x74350000 of 64 bytes failed: 仅完成部分的 ReadProcessMemory 或 WriteProcessMemory 请求。 (0x12B)
[0603/112130:WARNING:pe_image_reader.cc(281)] could not read dos header from C:\windows\SYSTEM32\USERENV.dll
[0603/112130:ERROR:process_reader_win.cc(233)] ReadMemory at 0x74370000 of 64 bytes failed: 仅完成部分的 ReadProcessMemory 或 WriteProcessMemory 请求。 (0x12B)
[0603/112130:WARNING:pe_image_reader.cc(281)] could not read dos header from C:\windows\SYSTEM32\WTSAPI32.dll
[0603/112130:ERROR:process_reader_win.cc(233)] ReadMemory at 0x73800000 of 64 bytes failed: 仅完成部分的 ReadProcessMemory 或 WriteProcessMemory 请求。 (0x12B)
[0603/112130:WARNING:pe_image_reader.cc(281)] could not read dos header from C:\windows\SYSTEM32\WINHTTP.dll
[0603/112130:ERROR:process_reader_win.cc(233)] ReadMemory at 0x771e0000 of 64 bytes failed: 仅完成部分的 ReadProcessMemory 或 WriteProcessMemory 请求。 (0x12B)
[0603/112130:WARNING:pe_image_reader.cc(281)] could not read dos header from C:\windows\SYSTEM32\PSAPI.DLL
[0603/112130:ERROR:process_reader_win.cc(233)] ReadMemory at 0x76850000 of 64 bytes failed: 仅完成部分的 ReadProcessMemory 或 WriteProcessMemory 请求。 (0x12B)
[0603/112130:WARNING:pe_image_reader.cc(281)] could not read dos header from C:\windows\SYSTEM32\combase.dll
[0603/112130:ERROR:process_reader_win.cc(233)] ReadMemory at 0x76220000 of 64 bytes failed: 仅完成部分的 ReadProcessMemory 或 WriteProcessMemory 请求。 (0x12B)
[0603/112130:WARNING:pe_image_reader.cc(281)] could not read dos header from C:\windows\SYSTEM32\shlwapi.dll
[0603/112130:ERROR:process_reader_win.cc(233)] ReadMemory at 0x75fa0000 of 64 bytes failed: 仅完成部分的 ReadProcessMemory 或 WriteProcessMemory 请求。 (0x12B)
[0603/112130:WARNING:pe_image_reader.cc(281)] could not read dos header from C:\windows\SYSTEM32\kernel.appcore.dll
[0603/112130:ERROR:process_reader_win.cc(233)] ReadMemory at 0x76270000 of 64 bytes failed: 仅完成部分的 ReadProcessMemory 或 WriteProcessMemory 请求。 (0x12B)
[0603/112130:WARNING:pe_image_reader.cc(281)] could not read dos header from C:\windows\SYSTEM32\shcore.dll
[0603/112130:ERROR:process_reader_win.cc(233)] ReadMemory at 0x76080000 of 64 bytes failed: 仅完成部分的 ReadProcessMemory 或 WriteProcessMemory 请求。 (0x12B)
[0603/112130:WARNING:pe_image_reader.cc(281)] could not read dos header from C:\windows\SYSTEM32\powrprof.dll
[0603/112130:ERROR:process_reader_win.cc(233)] ReadMemory at 0x773c0000 of 64 bytes failed: 仅完成部分的 ReadProcessMemory 或 WriteProcessMemory 请求。 (0x12B)
[0603/112130:WARNING:pe_image_reader.cc(281)] could not read dos header from C:\windows\SYSTEM32\windows.storage.dll
[0603/112130:ERROR:process_reader_win.cc(233)] ReadMemory at 0x74870000 of 64 bytes failed: 仅完成部分的 ReadProcessMemory 或 WriteProcessMemory 请求。 (0x12B)
[0603/112130:WARNING:pe_image_reader.cc(281)] could not read dos header from C:\windows\SYSTEM32\SHELL32.dll
[0603/112130:ERROR:process_reader_win.cc(233)] ReadMemory at 0x72a80000 of 64 bytes failed: 仅完成部分的 ReadProcessMemory 或 WriteProcessMemory 请求。 (0x12B)
[0603/112130:WARNING:pe_image_reader.cc(281)] could not read dos header from C:\windows\SYSTEM32\OLEACC.dll
[0603/112130:ERROR:process_reader_win.cc(233)] ReadMemory at 0x10000000 of 64 bytes failed: 仅完成部分的 ReadProcessMemory 或 WriteProcessMemory 请求。 (0x12B)
[0603/112130:WARNING:pe_image_reader.cc(281)] could not read dos header from c:\program files (x86)\kingsoft\kingsoft antivirus\ks3rdhmpg.dll
[0603/112130:ERROR:process_reader_win.cc(233)] ReadMemory at 0x72c60000 of 64 bytes failed: 仅完成部分的 ReadProcessMemory 或 WriteProcessMemory 请求。 (0x12B)
[0603/112130:WARNING:pe_image_reader.cc(281)] could not read dos header from C:\windows\SYSTEM32\bcrypt.dll
[0603/112130:ERROR:process_reader_win.cc(233)] ReadMemory at 0x72dc0000 of 64 bytes failed: 仅完成部分的 ReadProcessMemory 或 WriteProcessMemory 请求。 (0x12B)
[0603/112130:WARNING:pe_image_reader.cc(281)] could not read dos header from C:\windows\SYSTEM32\WINSPOOL.DRV
[0603/112130:ERROR:process_reader_win.cc(233)] ReadMemory at 0x72e30000 of 64 bytes failed: 仅完成部分的 ReadProcessMemory 或 WriteProcessMemory 请求。 (0x12B)
[0603/112130:WARNING:pe_image_reader.cc(281)] could not read dos header from C:\windows\WinSxS\x86_microsoft.windows.common-controls_6595b64144ccf1df_6.0.10586.589_none_ea8aeaa1b9b5d5d4\COMCTL32.dll
[0603/112130:ERROR:process_reader_win.cc(233)] ReadMemory at 0x74610000 of 64 bytes failed: 仅完成部分的 ReadProcessMemory 或 WriteProcessMemory 请求。 (0x12B)
[0603/112130:WARNING:pe_image_reader.cc(281)] could not read dos header from C:\windows\SYSTEM32\FirewallAPI.dll
[0603/112130:ERROR:process_reader_win.cc(233)] ReadMemory at 0x72b90000 of 64 bytes failed: 仅完成部分的 ReadProcessMemory 或 WriteProcessMemory 请求。 (0x12B)
[0603/112130:WARNING:pe_image_reader.cc(281)] could not read dos header from C:\windows\SYSTEM32\fwbase.dll
[0603/112130:ERROR:process_reader_win.cc(233)] ReadMemory at 0x75e60000 of 64 bytes failed: 仅完成部分的 ReadProcessMemory 或 WriteProcessMemory 请求。 (0x12B)
[0603/112130:WARNING:pe_image_reader.cc(281)] could not read dos header from C:\windows\SYSTEM32\NETAPI32.dll
[0603/112130:ERROR:process_reader_win.cc(233)] ReadMemory at 0x733f0000 of 64 bytes failed: 仅完成部分的 ReadProcessMemory 或 WriteProcessMemory 请求。 (0x12B)
[0603/112130:WARNING:pe_image_reader.cc(281)] could not read dos header from C:\windows\SYSTEM32\DAVHLPR.DLL
[0603/112130:ERROR:process_reader_win.cc(233)] ReadMemory at 0x75d60000 of 64 bytes failed: 仅完成部分的 ReadProcessMemory 或 WriteProcessMemory 请求。 (0x12B)
[0603/112130:WARNING:pe_image_reader.cc(281)] could not read dos header from C:\windows\SYSTEM32\COMDLG32.dll
[0603/112130:ERROR:process_reader_win.cc(233)] ReadMemory at 0x75c70000 of 64 bytes failed: 仅完成部分的 ReadProcessMemory 或 WriteProcessMemory 请求。 (0x12B)
[0603/112130:WARNING:pe_image_reader.cc(281)] could not read dos header from C:\windows\SYSTEM32\ole32.dll
[0603/112130:ERROR:process_reader_win.cc(233)] ReadMemory at 0x75e80000 of 64 bytes failed: 仅完成部分的 ReadProcessMemory 或 WriteProcessMemory 请求。 (0x12B)
[0603/112130:WARNING:pe_image_reader.cc(281)] could not read dos header from C:\windows\SYSTEM32\OLEAUT32.dll
[0603/112130:ERROR:process_reader_win.cc(233)] ReadMemory at 0x740e0000 of 64 bytes failed: 仅完成部分的 ReadProcessMemory 或 WriteProcessMemory 请求。 (0x12B)
[0603/112130:WARNING:pe_image_reader.cc(281)] could not read dos header from C:\windows\SYSTEM32\IPHLPAPI.DLL
[0603/112130:ERROR:process_reader_win.cc(233)] ReadMemory at 0x771f0000 of 64 bytes failed: 仅完成部分的 ReadProcessMemory 或 WriteProcessMemory 请求。 (0x12B)
[0603/112130:WARNING:pe_image_reader.cc(281)] could not read dos header from C:\windows\SYSTEM32\WS2_32.dll
[0603/112130:ERROR:process_reader_win.cc(233)] ReadMemory at 0x70c50000 of 64 bytes failed: 仅完成部分的 ReadProcessMemory 或 WriteProcessMemory 请求。 (0x12B)
[0603/112130:WARNING:pe_image_reader.cc(281)] could not read dos header from C:\windows\SYSTEM32\USP10.dll
[0603/112130:ERROR:process_reader_win.cc(233)] ReadMemory at 0x76070000 of 64 bytes failed: 仅完成部分的 ReadProcessMemory 或 WriteProcessMemory 请求。 (0x12B)
[0603/112130:WARNING:pe_image_reader.cc(281)] could not read dos header from C:\windows\SYSTEM32\MSASN1.dll
[0603/112130:ERROR:process_reader_win.cc(233)] ReadMemory at 0x766d0000 of 64 bytes failed: 仅完成部分的 ReadProcessMemory 或 WriteProcessMemory 请求。 (0x12B)
[0603/112130:WARNING:pe_image_reader.cc(281)] could not read dos header from C:\windows\SYSTEM32\CRYPT32.dll
[0603/112130:ERROR:process_reader_win.cc(233)] ReadMemory at 0x76ba0000 of 64 bytes failed: 仅完成部分的 ReadProcessMemory 或 WriteProcessMemory 请求。 (0x12B)
[0603/112130:WARNING:pe_image_reader.cc(281)] could not read dos header from C:\windows\SYSTEM32\WINTRUST.dll
[0603/112130:ERROR:process_reader_win.cc(233)] ReadMemory at 0x72940000 of 64 bytes failed: 仅完成部分的 ReadProcessMemory 或 WriteProcessMemory 请求。 (0x12B)
[0603/112130:WARNING:pe_image_reader.cc(281)] could not read dos header from C:\windows\SYSTEM32\Secur32.dll
[0603/112130:ERROR:process_reader_win.cc(233)] ReadMemory at 0x68460000 of 64 bytes failed: 仅完成部分的 ReadProcessMemory 或 WriteProcessMemory 请求。 (0x12B)
[0603/112130:WARNING:pe_image_reader.cc(281)] could not read dos header from C:\Program Files (x86)\Google\Chrome\Application\52.0.2743.116\chrome_child.dll
[0603/112130:ERROR:process_reader_win.cc(233)] ReadMemory at 0x71460000 of 64 bytes failed: 仅完成部分的 ReadProcessMemory 或 WriteProcessMemory 请求。 (0x12B)
[0603/112130:WARNING:pe_image_reader.cc(281)] could not read dos header from C:\windows\SYSTEM32\dwrite.dll
[0603/112130:ERROR:process_reader_win.cc(233)] ReadMemory at 0x72a00000 of 64 bytes failed: 仅完成部分的 ReadProcessMemory 或 WriteProcessMemory 请求。 (0x12B)
[0603/112130:WARNING:pe_image_reader.cc(281)] could not read dos header from C:\windows\system32\uxtheme.dll
[0603/112130:ERROR:process_reader_win.cc(233)] ReadMemory at 0x741d0000 of 64 bytes failed: 仅完成部分的 ReadProcessMemory 或 WriteProcessMemory 请求。 (0x12B)
[0603/112130:WARNING:pe_image_reader.cc(281)] could not read dos header from C:\windows\WinSxS\x86_microsoft.windows.gdiplus_6595b64144ccf1df_1.1.10586.589_none_1b75dd8714484fa2\gdiplus.dll
[0603/112130:ERROR:process_reader_win.cc(233)] ReadMemory at 0x67f30000 of 64 bytes failed: 仅完成部分的 ReadProcessMemory 或 WriteProcessMemory 请求。 (0x12B)
[0603/112130:WARNING:pe_image_reader.cc(281)] could not read dos header from C:\windows\SYSTEM32\dxva2.dll
[0603/112130:ERROR:process_reader_win.cc(233)] ReadMemory at 0xfefbb4 of 12 bytes failed: 仅完成部分的 ReadProcessMemory 或 WriteProcessMemory 请求。 (0x12B)
[0603/112130:WARNING:process_snapshot_win.cc(104)] ReadMemory ExceptionInformation failed
[0603/112130:WARNING:crash_report_exception_handler.cc(60)] ProcessSnapshotWin::InitializeException failed
[0603/112130:ERROR:scoped_process_suspend.cc(38)] NtResumeProcess, ntstatus=-1073741558
[0603/112130:ERROR:process_reader_win.cc(233)] ReadMemory at 0x34de000 of 8192 bytes failed: 仅完成部分的 ReadProcessMemory 或 WriteProcessMemory 请求。 (0x12B)
[0603/112130:ERROR:crash_report_exception_handler.cc(102)] WriteEverything failed
[0603/112130:ERROR:scoped_process_suspend.cc(38)] NtResumeProcess, ntstatus=-1073741558
