[error][2017/09/26 13:36:45][function handlerErr(err,response,name)]:domainErrorEvent : Error: ENOENT: no such file or directory, open 'D:\newProject\jsweb\bin\static_src\public\js\common\base.js'
    at Error (native)
[error][2017/09/26 13:36:45][function handlerErr(err,response,name)]:domainErrorEvent : Error: ENOENT: no such file or directory, open 'D:\newProject\jsweb\bin\static_src\public\js\common\base.js'
    at Error (native)
[error][2017/09/26 13:36:45][function handlerErr(err,response,name)]:domainErrorEvent : Error: ENOENT: no such file or directory, open 'D:\newProject\jsweb\bin\static_src\favicon.ico'
    at Error (native)
[error][2017/09/26 13:52:01][function handlerErr(err,response,name)]:domainErrorEvent : Error: ENOENT: no such file or directory, open 'D:\newProject\jsweb\bin\static_src\public\js\common\base.js'
    at Error (native)
[error][2017/09/26 13:52:01][function handlerErr(err,response,name)]:domainErrorEvent : Error: ENOENT: no such file or directory, open 'D:\newProject\jsweb\bin\static_src\public\js\common\base.js'
    at Error (native)
[error][2017/09/26 13:57:42][function handlerErr(err,response,name)]:domainErrorEvent : Error: ENOENT: no such file or directory, open 'D:\newProject\jsweb\bin\static_src\public\js\common\base.js'
    at Error (native)
[error][2017/09/26 13:57:42][function handlerErr(err,response,name)]:domainErrorEvent : Error: ENOENT: no such file or directory, open 'D:\newProject\jsweb\bin\static_src\public\js\common\base.js'
    at Error (native)
[error][2017/09/26 13:58:52][function handlerErr(err,response,name)]:domainErrorEvent : Error: ENOENT: no such file or directory, open 'D:\newProject\jsweb\bin\static_src\public\js\common\base.js'
    at Error (native)
[error][2017/09/26 13:58:52][function handlerErr(err,response,name)]:domainErrorEvent : Error: ENOENT: no such file or directory, open 'D:\newProject\jsweb\bin\static_src\public\js\common\base.js'
    at Error (native)
[error][2017/09/26 13:59:43][function handlerErr(err,response,name)]:domainErrorEvent : Error: ENOENT: no such file or directory, open 'D:\newProject\jsweb\bin\static_src\public\js\common\base.js'
    at Error (native)
[error][2017/09/26 13:59:43][function handlerErr(err,response,name)]:domainErrorEvent : Error: ENOENT: no such file or directory, open 'D:\newProject\jsweb\bin\static_src\public\js\common\base.js'
    at Error (native)
[error][2017/09/26 19:01:26][function handlerErr(err,response,name)]:domainErrorEvent : Error: ENOENT: no such file or directory, open 'D:\newProject\jsweb\bin\static_src\public\js\common\base.js'
    at Error (native)
[error][2017/09/26 19:01:27][function handlerErr(err,response,name)]:domainErrorEvent : Error: ENOENT: no such file or directory, open 'D:\newProject\jsweb\bin\static_src\public\js\common\base.js'
    at Error (native)
[error][2017/09/26 19:02:29][function handlerErr(err,response,name)]:domainErrorEvent : Error: ENOENT: no such file or directory, open 'D:\newProject\jsweb\bin\static_src\public\js\common\base.js'
    at Error (native)
[error][2017/09/26 19:02:29][function handlerErr(err,response,name)]:domainErrorEvent : Error: ENOENT: no such file or directory, open 'D:\newProject\jsweb\bin\static_src\public\js\common\base.js'
    at Error (native)
[error][2017/09/26 19:03:20][function handlerErr(err,response,name)]:domainErrorEvent : Error: ENOENT: no such file or directory, open 'D:\newProject\jsweb\bin\static_src\public\js\common\base.js'
    at Error (native)
[error][2017/09/26 19:03:20][function handlerErr(err,response,name)]:domainErrorEvent : Error: ENOENT: no such file or directory, open 'D:\newProject\jsweb\bin\static_src\public\js\common\base.js'
    at Error (native)
[error][2017/09/26 19:04:08][function handlerErr(err,response,name)]:domainErrorEvent : Error: ENOENT: no such file or directory, open 'D:\newProject\jsweb\bin\static_src\public\js\common\base.js'
    at Error (native)
[error][2017/09/26 19:04:08][function handlerErr(err,response,name)]:domainErrorEvent : Error: ENOENT: no such file or directory, open 'D:\newProject\jsweb\bin\static_src\public\js\common\base.js'
    at Error (native)
[error][2017/09/26 19:04:53][function handlerErr(err,response,name)]:domainErrorEvent : Error: ENOENT: no such file or directory, open 'D:\newProject\jsweb\bin\static_src\public\js\common\base.js'
    at Error (native)
[error][2017/09/26 19:04:53][function handlerErr(err,response,name)]:domainErrorEvent : Error: ENOENT: no such file or directory, open 'D:\newProject\jsweb\bin\static_src\public\js\common\base.js'
    at Error (native)
[error][2017/09/26 19:12:19][function handlerErr(err,response,name)]:domainErrorEvent : Error: ENOENT: no such file or directory, open 'D:\newProject\jsweb\bin\static_src\public\js\common\base.js'
    at Error (native)
[error][2017/09/26 19:12:19][function handlerErr(err,response,name)]:domainErrorEvent : Error: ENOENT: no such file or directory, open 'D:\newProject\jsweb\bin\static_src\public\js\common\base.js'
    at Error (native)
[error][2017/09/26 19:13:04][function handlerErr(err,response,name)]:domainErrorEvent : Error: ENOENT: no such file or directory, open 'D:\newProject\jsweb\bin\static_src\public\js\common\base.js'
    at Error (native)
[error][2017/09/26 19:13:04][function handlerErr(err,response,name)]:domainErrorEvent : Error: ENOENT: no such file or directory, open 'D:\newProject\jsweb\bin\static_src\public\js\common\base.js'
    at Error (native)
[error][2017/09/26 19:13:19][function handlerErr(err,response,name)]:domainErrorEvent : Error: ENOENT: no such file or directory, open 'D:\newProject\jsweb\bin\static_src\public\js\common\base.js'
    at Error (native)
[error][2017/09/26 19:13:19][function handlerErr(err,response,name)]:domainErrorEvent : Error: ENOENT: no such file or directory, open 'D:\newProject\jsweb\bin\static_src\public\js\common\base.js'
    at Error (native)
[error][2017/09/26 19:22:49][function handlerErr(err,response,name)]:domainErrorEvent : Error: ENOENT: no such file or directory, open 'D:\newProject\jsweb\bin\static_src\public\js\common\base.js'
    at Error (native)
[error][2017/09/26 19:22:49][function handlerErr(err,response,name)]:domainErrorEvent : Error: ENOENT: no such file or directory, open 'D:\newProject\jsweb\bin\static_src\public\js\common\base.js'
    at Error (native)
[error][2017/09/26 20:00:07][function handlerErr(err,response,name)]:domainErrorEvent : Error: ENOENT: no such file or directory, open 'D:\newProject\jsweb\bin\static_src\public\js\common\base.js'
    at Error (native)
[error][2017/09/26 20:00:07][function handlerErr(err,response,name)]:domainErrorEvent : Error: ENOENT: no such file or directory, open 'D:\newProject\jsweb\bin\static_src\public\js\common\base.js'
    at Error (native)
[error][2017/09/26 20:00:30][function handlerErr(err,response,name)]:domainErrorEvent : Error: ENOENT: no such file or directory, open 'D:\newProject\jsweb\bin\static_src\public\js\common\base.js'
    at Error (native)
[error][2017/09/26 20:00:30][function handlerErr(err,response,name)]:domainErrorEvent : Error: ENOENT: no such file or directory, open 'D:\newProject\jsweb\bin\static_src\public\js\common\base.js'
    at Error (native)
[error][2017/09/26 20:01:46][function handlerErr(err,response,name)]:domainErrorEvent : Error: ENOENT: no such file or directory, open 'D:\newProject\jsweb\bin\static_src\public\js\common\base.js'
    at Error (native)
[error][2017/09/26 20:01:46][function handlerErr(err,response,name)]:domainErrorEvent : Error: ENOENT: no such file or directory, open 'D:\newProject\jsweb\bin\static_src\public\js\common\base.js'
    at Error (native)
[error][2017/09/26 20:23:41][function handlerErr(err,response,name)]:domainErrorEvent : Error: ENOENT: no such file or directory, open 'D:\newProject\jsweb\bin\static_src\favicon.ico'
    at Error (native)
[error][2017/09/26 20:48:09][function handlerErr(err,response,name)]:domainErrorEvent : Error: ENOENT: no such file or directory, open 'D:\newProject\jsweb\bin\static_src\public\js\common\base.js'
    at Error (native)
[error][2017/09/26 20:48:09][function handlerErr(err,response,name)]:domainErrorEvent : Error: ENOENT: no such file or directory, open 'D:\newProject\jsweb\bin\static_src\public\js\common\base.js'
    at Error (native)
[error][2017/09/26 20:55:30][function handlerErr(err,response,name)]:domainErrorEvent : Error: ENOENT: no such file or directory, open 'D:\newProject\jsweb\bin\static_src\public\js\common\base.js'
    at Error (native)
[error][2017/09/26 20:55:30][function handlerErr(err,response,name)]:domainErrorEvent : Error: ENOENT: no such file or directory, open 'D:\newProject\jsweb\bin\static_src\public\js\common\base.js'
    at Error (native)
[error][2017/09/26 20:55:57][function handlerErr(err,response,name)]:domainErrorEvent : Error: ENOENT: no such file or directory, open 'D:\newProject\jsweb\bin\static_src\public\js\common\base.js'
    at Error (native)
[error][2017/09/26 20:55:57][function handlerErr(err,response,name)]:domainErrorEvent : Error: ENOENT: no such file or directory, open 'D:\newProject\jsweb\bin\static_src\public\js\common\base.js'
    at Error (native)
[error][2017/09/26 20:56:31][function handlerErr(err,response,name)]:domainErrorEvent : Error: ENOENT: no such file or directory, open 'D:\newProject\jsweb\bin\static_src\public\js\common\base.js'
    at Error (native)
[error][2017/09/26 20:56:31][function handlerErr(err,response,name)]:domainErrorEvent : Error: ENOENT: no such file or directory, open 'D:\newProject\jsweb\bin\static_src\public\js\common\base.js'
    at Error (native)
[error][2017/09/26 20:56:31][function handlerErr(err,response,name)]:domainErrorEvent : Error: ENOENT: no such file or directory, open 'D:\newProject\jsweb\bin\static_src\favicon.ico'
    at Error (native)
[error][2017/09/26 20:58:10][function handlerErr(err,response,name)]:domainErrorEvent : Error: ENOENT: no such file or directory, open 'D:\newProject\jsweb\bin\static_src\public\js\common\base.js'
    at Error (native)
[error][2017/09/26 20:58:10][function handlerErr(err,response,name)]:domainErrorEvent : Error: ENOENT: no such file or directory, open 'D:\newProject\jsweb\bin\static_src\public\js\common\base.js'
    at Error (native)
[error][2017/09/26 20:58:10][function handlerErr(err,response,name)]:domainErrorEvent : Error: ENOENT: no such file or directory, open 'D:\newProject\jsweb\bin\static_src\favicon.ico'
    at Error (native)
[error][2017/09/26 20:58:20][function handlerErr(err,response,name)]:domainErrorEvent : Error: ENOENT: no such file or directory, open 'D:\newProject\jsweb\bin\static_src\public\js\common\base.js'
    at Error (native)
[error][2017/09/26 20:58:20][function handlerErr(err,response,name)]:domainErrorEvent : Error: ENOENT: no such file or directory, open 'D:\newProject\jsweb\bin\static_src\public\js\common\base.js'
    at Error (native)
[error][2017/09/27 07:46:49][function handlerErr(err,response,name)]:domainErrorEvent : Error: ENOENT: no such file or directory, open 'D:\newProject\jsweb\bin\common\public\js\lib\jquery.dialog.js'
    at Error (native)
[error][2017/09/27 07:46:49][function handlerErr(err,response,name)]:domainErrorEvent : Error: ENOENT: no such file or directory, open 'D:\newProject\jsweb\bin\common\public\js\common\require.js'
    at Error (native)
[error][2017/09/27 07:46:49][function handlerErr(err,response,name)]:domainErrorEvent : Error: ENOENT: no such file or directory, open 'D:\newProject\jsweb\bin\common\public\css\common\base.css'
    at Error (native)
[error][2017/09/27 07:46:49][function handlerErr(err,response,name)]:domainErrorEvent : Error: ENOENT: no such file or directory, open 'D:\newProject\jsweb\bin\common\public\js\lib\jquery-1.12.4.js'
    at Error (native)
[error][2017/09/27 07:46:49][function handlerErr(err,response,name)]:domainErrorEvent : Error: ENOENT: no such file or directory, open 'D:\newProject\jsweb\bin\common\public\js\lib\rap.util.prototype.js'
    at Error (native)
[error][2017/09/27 07:46:49][function handlerErr(err,response,name)]:domainErrorEvent : Error: ENOENT: no such file or directory, open 'D:\newProject\jsweb\bin\common\public\js\common\main.js'
    at Error (native)
[error][2017/09/27 07:46:49][function handlerErr(err,response,name)]:domainErrorEvent : Error: ENOENT: no such file or directory, open 'D:\newProject\jsweb\bin\common\public\js\common\base.js'
    at Error (native)
[error][2017/09/27 07:46:50][function handlerErr(err,response,name)]:domainErrorEvent : Error: ENOENT: no such file or directory, open 'D:\newProject\jsweb\bin\common\public\js\common\jquery.carousel.v1.0.1.js'
    at Error (native)
[error][2017/09/27 07:46:50][function handlerErr(err,response,name)]:domainErrorEvent : Error: ENOENT: no such file or directory, open 'D:\newProject\jsweb\bin\common\public\js\common\page.js'
    at Error (native)
[error][2017/09/27 07:46:50][function handlerErr(err,response,name)]:domainErrorEvent : Error: ENOENT: no such file or directory, open 'D:\newProject\jsweb\bin\common\public\js\lib\jquery.dialog.js'
    at Error (native)
[error][2017/09/27 07:46:50][function handlerErr(err,response,name)]:domainErrorEvent : Error: ENOENT: no such file or directory, open 'D:\newProject\jsweb\bin\common\public\js\lib\rap.util.prototype.js'
    at Error (native)
[error][2017/09/27 07:46:50][function handlerErr(err,response,name)]:domainErrorEvent : Error: ENOENT: no such file or directory, open 'D:\newProject\jsweb\bin\common\public\js\common\main.js'
    at Error (native)
[error][2017/09/27 07:46:50][function handlerErr(err,response,name)]:domainErrorEvent : Error: ENOENT: no such file or directory, open 'D:\newProject\jsweb\bin\common\public\js\common\base.js'
    at Error (native)
[error][2017/09/27 07:46:50][function handlerErr(err,response,name)]:domainErrorEvent : Error: ENOENT: no such file or directory, open 'D:\newProject\jsweb\bin\common\public\js\common\require.js'
    at Error (native)
[error][2017/09/27 07:46:50][function handlerErr(err,response,name)]:domainErrorEvent : Error: ENOENT: no such file or directory, open 'D:\newProject\jsweb\bin\common\public\js\common\jquery.carousel.v1.0.1.js'
    at Error (native)
[error][2017/09/27 07:46:50][function handlerErr(err,response,name)]:domainErrorEvent : Error: ENOENT: no such file or directory, open 'D:\newProject\jsweb\bin\common\public\js\common\page.js'
    at Error (native)
[error][2017/09/27 07:47:01][function handlerErr(err,response,name)]:domainErrorEvent : Error: ENOENT: no such file or directory, open 'D:\newProject\jsweb\bin\common\public\css\common\base.css'
    at Error (native)
[error][2017/09/27 07:48:35][function handlerErr(err,response,name)]:domainErrorEvent : Error: ENOENT: no such file or directory, open 'D:\newProject\jsweb\bin\common\public\js\lib\jquery.dialog.js'
    at Error (native)
[error][2017/09/27 07:48:35][function handlerErr(err,response,name)]:domainErrorEvent : Error: ENOENT: no such file or directory, open 'D:\newProject\jsweb\bin\common\public\js\common\base.js'
    at Error (native)
[error][2017/09/27 07:48:35][function handlerErr(err,response,name)]:domainErrorEvent : Error: ENOENT: no such file or directory, open 'D:\newProject\jsweb\bin\common\public\js\lib\jquery.dialog.js'
    at Error (native)
[error][2017/09/27 07:48:36][function handlerErr(err,response,name)]:domainErrorEvent : Error: ENOENT: no such file or directory, open 'D:\newProject\jsweb\bin\common\public\js\common\base.js'
    at Error (native)
[error][2017/09/27 07:51:02][function handlerErr(err,response,name)]:domainErrorEvent : Error: ENOENT: no such file or directory, open 'D:\newProject\jsweb\bin\common\public\js\lib\jquery.dialog.js'
    at Error (native)
[error][2017/09/27 07:51:03][function handlerErr(err,response,name)]:domainErrorEvent : Error: ENOENT: no such file or directory, open 'D:\newProject\jsweb\bin\common\public\js\common\base.js'
    at Error (native)
[error][2017/09/27 07:51:03][function handlerErr(err,response,name)]:domainErrorEvent : Error: ENOENT: no such file or directory, open 'D:\newProject\jsweb\bin\common\public\js\lib\jquery.dialog.js'
    at Error (native)
[error][2017/09/27 07:51:03][function handlerErr(err,response,name)]:domainErrorEvent : Error: ENOENT: no such file or directory, open 'D:\newProject\jsweb\bin\common\public\js\common\base.js'
    at Error (native)
[error][2017/09/27 07:51:15][function handlerErr(err,response,name)]:domainErrorEvent : Error: ENOENT: no such file or directory, open 'D:\newProject\jsweb\bin\common\public\js\lib\jquery.dialog.js'
    at Error (native)
[error][2017/09/27 07:51:15][function handlerErr(err,response,name)]:domainErrorEvent : Error: ENOENT: no such file or directory, open 'D:\newProject\jsweb\bin\common\public\js\common\base.js'
    at Error (native)
[error][2017/09/27 07:51:15][function handlerErr(err,response,name)]:domainErrorEvent : Error: ENOENT: no such file or directory, open 'D:\newProject\jsweb\bin\common\public\js\lib\jquery.dialog.js'
    at Error (native)
[error][2017/09/27 07:51:15][function handlerErr(err,response,name)]:domainErrorEvent : Error: ENOENT: no such file or directory, open 'D:\newProject\jsweb\bin\common\public\js\common\base.js'
    at Error (native)
[error][2017/09/27 07:53:30][function handlerErr(err,response,name)]:domainErrorEvent : Error: ENOENT: no such file or directory, open 'D:\newProject\jsweb\bin\common\public\js\lib\jquery.dialog.js'
    at Error (native)
[error][2017/09/27 07:53:30][function handlerErr(err,response,name)]:domainErrorEvent : Error: ENOENT: no such file or directory, open 'D:\newProject\jsweb\bin\common\public\js\common\base.js'
    at Error (native)
[error][2017/09/27 07:53:31][function handlerErr(err,response,name)]:domainErrorEvent : Error: ENOENT: no such file or directory, open 'D:\newProject\jsweb\bin\common\public\js\lib\jquery.dialog.js'
    at Error (native)
[error][2017/09/27 07:53:31][function handlerErr(err,response,name)]:domainErrorEvent : Error: ENOENT: no such file or directory, open 'D:\newProject\jsweb\bin\common\public\js\common\base.js'
    at Error (native)
[error][2017/09/27 07:54:13][function handlerErr(err,response,name)]:domainErrorEvent : Error: ENOENT: no such file or directory, open 'D:\newProject\jsweb\bin\common\public\js\lib\jquery.dialog.js'
    at Error (native)
[error][2017/09/27 07:54:13][function handlerErr(err,response,name)]:domainErrorEvent : Error: ENOENT: no such file or directory, open 'D:\newProject\jsweb\bin\common\public\js\common\base.js'
    at Error (native)
[error][2017/09/27 07:54:13][function handlerErr(err,response,name)]:domainErrorEvent : Error: ENOENT: no such file or directory, open 'D:\newProject\jsweb\bin\common\public\js\lib\jquery.dialog.js'
    at Error (native)
[error][2017/09/27 07:54:13][function handlerErr(err,response,name)]:domainErrorEvent : Error: ENOENT: no such file or directory, open 'D:\newProject\jsweb\bin\common\public\js\common\base.js'
    at Error (native)
[error][2017/09/27 07:57:23][function handlerErr(err,response,name)]:domainErrorEvent : Error: ENOENT: no such file or directory, open 'D:\newProject\jsweb\bin\common\public\js\common\base.js'
    at Error (native)
[error][2017/09/27 07:57:24][function handlerErr(err,response,name)]:domainErrorEvent : Error: ENOENT: no such file or directory, open 'D:\newProject\jsweb\bin\common\public\js\common\base.js'
    at Error (native)
[error][2017/09/27 07:59:06][function handlerErr(err,response,name)]:domainErrorEvent : Error: ENOENT: no such file or directory, open 'D:\newProject\jsweb\bin\common\!web\login.html'
    at Error (native)
[error][2017/09/27 07:59:06][function handlerErr(err,response,name)]:domainErrorEvent : Error: ENOENT: no such file or directory, open 'D:\newProject\jsweb\bin\common\html\web404.html'
    at Error (native)
[error][2017/09/27 08:00:06][function handlerErr(err,response,name)]:domainErrorEvent : Error: ENOENT: no such file or directory, open 'D:\newProject\jsweb\bin\common\web\login.css'
    at Error (native)
[error][2017/09/27 08:01:35][function handlerErr(err,response,name)]:domainErrorEvent : Error: ENOENT: no such file or directory, open 'D:\newProject\jsweb\bin\common\web\login.css'
    at Error (native)
[error][2017/09/27 08:02:42][function handlerErr(err,response,name)]:domainErrorEvent : Error: ENOENT: no such file or directory, open 'D:\newProject\jsweb\bin\common\web\login.css'
    at Error (native)
[error][2017/09/27 08:04:59][function handlerErr(err,response,name)]:domainErrorEvent : Error: ENOENT: no such file or directory, open 'D:\newProject\jsweb\bin\common\web\login.css'
    at Error (native)
[error][2017/09/27 12:35:14][function handlerErr(err,response,name)]:domainErrorEvent : Error: ENOENT: no such file or directory, open 'D:\newProject\jsweb\bin\common\favicon.ico'
    at Error (native)
[error][2017/09/27 13:42:35][function handlerErr(err,response,name)]:domainErrorEvent : Error: ENOENT: no such file or directory, open 'D:\newProject\jsweb\bin\common\public\js\lib\setREM.js'
    at Error (native)
[error][2017/09/27 13:42:35][function handlerErr(err,response,name)]:domainErrorEvent : Error: ENOENT: no such file or directory, open 'D:\newProject\jsweb\bin\common\public\js\lib\setREM.js'
    at Error (native)
[error][2017/09/27 13:43:41][function handlerErr(err,response,name)]:domainErrorEvent : Error: ENOENT: no such file or directory, open 'D:\newProject\jsweb\bin\common\public\js\lib\setREM.js'
    at Error (native)
[error][2017/09/27 13:43:41][function handlerErr(err,response,name)]:domainErrorEvent : Error: ENOENT: no such file or directory, open 'D:\newProject\jsweb\bin\common\public\js\lib\setREM.js'
    at Error (native)
[error][2017/09/27 13:45:13][function handlerErr(err,response,name)]:domainErrorEvent : Error: ENOENT: no such file or directory, open 'D:\newProject\jsweb\bin\common\public\js\lib\setREM.js'
    at Error (native)
[error][2017/09/27 13:45:14][function handlerErr(err,response,name)]:domainErrorEvent : Error: ENOENT: no such file or directory, open 'D:\newProject\jsweb\bin\common\public\js\lib\setREM.js'
    at Error (native)
[error][2017/09/27 13:45:30][function handlerErr(err,response,name)]:domainErrorEvent : Error: ENOENT: no such file or directory, open 'D:\newProject\jsweb\bin\common\public\js\lib\setREM.js'
    at Error (native)
[error][2017/09/27 13:45:30][function handlerErr(err,response,name)]:domainErrorEvent : Error: ENOENT: no such file or directory, open 'D:\newProject\jsweb\bin\common\public\js\lib\setREM.js'
    at Error (native)
[error][2017/09/27 13:47:15][function handlerErr(err,response,name)]:domainErrorEvent : Error: ENOENT: no such file or directory, open 'D:\newProject\jsweb\bin\common\public\css\form.css'
    at Error (native)
[error][2017/09/27 13:47:15][function handlerErr(err,response,name)]:domainErrorEvent : Error: ENOENT: no such file or directory, open 'D:\newProject\jsweb\bin\common\public\js\lib\setREM.js'
    at Error (native)
[error][2017/09/27 13:47:16][function handlerErr(err,response,name)]:domainErrorEvent : Error: ENOENT: no such file or directory, open 'D:\newProject\jsweb\bin\common\public\js\lib\setREM.js'
    at Error (native)
[error][2017/09/27 13:47:48][function handlerErr(err,response,name)]:domainErrorEvent : Error: ENOENT: no such file or directory, open 'D:\newProject\jsweb\bin\common\public\css\form.css'
    at Error (native)
[error][2017/09/27 13:47:48][function handlerErr(err,response,name)]:domainErrorEvent : Error: ENOENT: no such file or directory, open 'D:\newProject\jsweb\bin\common\public\js\lib\setREM.js'
    at Error (native)
[error][2017/09/27 13:47:48][function handlerErr(err,response,name)]:domainErrorEvent : Error: ENOENT: no such file or directory, open 'D:\newProject\jsweb\bin\common\public\js\lib\setREM.js'
    at Error (native)
[error][2017/09/27 22:40:43][function handlerErr(err,response,name)]:domainErrorEvent : Error: not find action or not support resource of mine type:undefined url:/public/images/ extname:
    at Timeout._onTimeout (D:\newProject\jsweb\bin\rap.server.response.js:116:10)
    at tryOnTimeout (timers.js:224:11)
    at Timer.listOnTimeout (timers.js:198:5)
[error][2017/09/28 06:07:42][function handlerErr(err,response,name)]:domainErrorEvent : Error: ENOENT: no such file or directory, open 'D:\newProject\jsweb\bin\common\public\images\checkbox.png'
    at Error (native)
[error][2017/09/28 13:47:31][function handlerErr(err,response,name)]:domainErrorEvent : Error: ENOENT: no such file or directory, open 'D:\newProject\jsweb\bin\common\public\css\iconItem.png'
    at Error (native)
[error][2017/09/30 11:13:38][function handlerErr(err,response,name)]:domainErrorEvent : Error: ENOENT: no such file or directory, open 'D:\newProject\jsweb\bin\common\favicon.ico'
    at Error (native)
[error][2017/09/30 15:14:15][function handlerErr(err,response,name)]:domainErrorEvent : Error: ENOENT: no such file or directory, open 'D:\newProject\jsweb\bin\common\favicon.ico'
    at Error (native)
[error][2017/09/30 15:53:45][function handlerErr(err,response,name)]:domainErrorEvent : Error: ENOENT: no such file or directory, open 'D:\newProject\jsweb\bin\common\public\css\dl-img\tips-warn.png'
    at Error (native)
[error][2017/09/30 15:54:29][function handlerErr(err,response,name)]:domainErrorEvent : Error: ENOENT: no such file or directory, open 'D:\newProject\jsweb\bin\common\public\css\dl-img\tips-success.png'
    at Error (native)
[error][2017/09/30 16:31:25][function handlerErr(err,response,name)]:domainErrorEvent : Error: ENOENT: no such file or directory, open 'D:\newProject\jsweb\bin\common\public\css\dl-img\tips-error.png'
    at Error (native)
[error][2017/09/30 16:38:17][function handlerErr(err,response,name)]:domainErrorEvent : Error: ENOENT: no such file or directory, open 'D:\newProject\jsweb\bin\common\public\css\dl-img\tips-error.png'
    at Error (native)
[error][2017/09/30 16:38:44][function handlerErr(err,response,name)]:domainErrorEvent : Error: ENOENT: no such file or directory, open 'D:\newProject\jsweb\bin\common\public\css\dl-img\tips-error.png'
    at Error (native)
[error][2017/09/30 16:39:23][function handlerErr(err,response,name)]:domainErrorEvent : Error: ENOENT: no such file or directory, open 'D:\newProject\jsweb\bin\common\public\css\dl-img\tips-error.png'
    at Error (native)
[error][2017/09/30 16:57:48][function handlerErr(err,response,name)]:uncaughtException : TypeError: response.cookie is not a function
    at Object.module.exports./api/user/login (D:\newProject\jsweb\bin\action\senlin.js:15:14)
    at module.exports (D:\newProject\jsweb\bin\rap.server.response.js:96:26)
    at D:\newProject\jsweb\bin\rap.server.init.js:100:4
    at IncomingMessage.<anonymous> (D:\newProject\jsweb\bin\rap.server.require.js:54:4)
    at emitNone (events.js:86:13)
    at IncomingMessage.emit (events.js:185:7)
    at endReadableNT (_stream_readable.js:973:12)
    at _combinedTickCallback (internal/process/next_tick.js:74:11)
    at process._tickDomainCallback (internal/process/next_tick.js:122:9)
[error][2017/09/30 17:30:27][function handlerErr(err,response,name)]:trycatch : TypeError: Cannot read property 'join' of undefined
    at responseData (D:\newProject\jsweb\bin\rap.server.response.js:34:30)
    at module.exports (D:\newProject\jsweb\bin\rap.server.response.js:103:4)
    at D:\newProject\jsweb\bin\rap.server.init.js:100:4
    at module.exports (D:\newProject\jsweb\bin\rap.server.require.js:68:3)
    at Domain.<anonymous> (D:\newProject\jsweb\bin\rap.server.init.js:98:3)
    at Domain.run (domain.js:221:14)
    at Server.<anonymous> (D:\newProject\jsweb\bin\rap.server.init.js:89:4)
    at emitTwo (events.js:106:13)
    at Server.emit (events.js:191:7)
    at HTTPParser.parserOnIncoming [as onIncoming] (_http_server.js:543:12)
[error][2017/09/30 17:33:40][function handlerErr(err,response,name)]:trycatch : ReferenceError: request is not defined
    at module.exports (D:\newProject\jsweb\bin\rap.server.require.js:33:2)
    at Domain.<anonymous> (D:\newProject\jsweb\bin\rap.server.init.js:98:3)
    at Domain.run (domain.js:221:14)
    at Server.<anonymous> (D:\newProject\jsweb\bin\rap.server.init.js:89:4)
    at emitTwo (events.js:106:13)
    at Server.emit (events.js:191:7)
    at HTTPParser.parserOnIncoming [as onIncoming] (_http_server.js:543:12)
    at HTTPParser.parserOnHeadersComplete (_http_common.js:105:23)
[error][2017/09/30 21:25:20][function handlerErr(err,response,name)]:domainErrorEvent : Error: ENOENT: no such file or directory, open 'D:\newProject\jsweb\bin\common\web\register.js'
    at Error (native)
[error][2017/09/30 21:26:05][function handlerErr(err,response,name)]:domainErrorEvent : Error: ENOENT: no such file or directory, open 'D:\newProject\jsweb\bin\common\web\register.js'
    at Error (native)
[error][2017/09/30 21:27:11][function handlerErr(err,response,name)]:domainErrorEvent : Error: ENOENT: no such file or directory, open 'D:\newProject\jsweb\bin\common\web\register.js'
    at Error (native)
[error][2017/09/30 21:28:39][function handlerErr(err,response,name)]:domainErrorEvent : Error: ENOENT: no such file or directory, open 'D:\newProject\jsweb\bin\common\web\register.js'
    at Error (native)
[error][2017/09/30 21:29:28][function handlerErr(err,response,name)]:domainErrorEvent : Error: ENOENT: no such file or directory, open 'D:\newProject\jsweb\bin\common\web\register.js'
    at Error (native)
[error][2017/09/30 21:31:48][function handlerErr(err,response,name)]:domainErrorEvent : Error: ENOENT: no such file or directory, open 'D:\newProject\jsweb\bin\common\web\register.js'
    at Error (native)
[error][2017/09/30 21:34:42][function handlerErr(err,response,name)]:domainErrorEvent : Error: ENOENT: no such file or directory, open 'D:\newProject\jsweb\bin\common\web\register.js'
    at Error (native)
[error][2017/09/30 22:08:31][function handlerErr(err,response,name)]:domainErrorEvent : Error: ENOENT: no such file or directory, open 'D:\newProject\jsweb\bin\common\web\register.js'
    at Error (native)
[error][2017/09/30 22:09:47][function handlerErr(err,response,name)]:domainErrorEvent : Error: ENOENT: no such file or directory, open 'D:\newProject\jsweb\bin\common\web\register.js'
    at Error (native)
[error][2017/09/30 22:16:19][function handlerErr(err,response,name)]:domainErrorEvent : Error: ENOENT: no such file or directory, open 'D:\newProject\jsweb\bin\common\web\register.js'
    at Error (native)
[error][2017/09/30 22:17:56][function handlerErr(err,response,name)]:domainErrorEvent : Error: ENOENT: no such file or directory, open 'D:\newProject\jsweb\bin\common\web\register.js'
    at Error (native)
[error][2017/09/30 22:18:19][function handlerErr(err,response,name)]:domainErrorEvent : Error: ENOENT: no such file or directory, open 'D:\newProject\jsweb\bin\common\web\register.js'
    at Error (native)
[error][2017/09/30 22:23:41][function handlerErr(err,response,name)]:domainErrorEvent : Error: ENOENT: no such file or directory, open 'D:\newProject\jsweb\bin\common\web\register.js'
    at Error (native)
[error][2017/09/30 22:24:56][function handlerErr(err,response,name)]:domainErrorEvent : Error: ENOENT: no such file or directory, open 'D:\newProject\jsweb\bin\common\web\register.js'
    at Error (native)
[error][2017/09/30 22:26:56][function handlerErr(err,response,name)]:domainErrorEvent : Error: ENOENT: no such file or directory, open 'D:\newProject\jsweb\bin\common\web\register.js'
    at Error (native)
[error][2017/09/30 22:28:02][function handlerErr(err,response,name)]:domainErrorEvent : Error: ENOENT: no such file or directory, open 'D:\newProject\jsweb\bin\common\web\register.js'
    at Error (native)
[error][2017/09/30 22:34:48][function handlerErr(err,response,name)]:domainErrorEvent : Error: ENOENT: no such file or directory, open 'D:\newProject\jsweb\bin\common\web\register.js'
    at Error (native)
[error][2017/09/30 22:35:09][function handlerErr(err,response,name)]:domainErrorEvent : Error: ENOENT: no such file or directory, open 'D:\newProject\jsweb\bin\common\web\register.js'
    at Error (native)
[error][2017/09/30 22:37:35][function handlerErr(err,response,name)]:domainErrorEvent : Error: ENOENT: no such file or directory, open 'D:\newProject\jsweb\bin\common\web\register.js'
    at Error (native)
[error][2017/09/30 22:38:19][function handlerErr(err,response,name)]:domainErrorEvent : Error: ENOENT: no such file or directory, open 'D:\newProject\jsweb\bin\common\web\register.js'
    at Error (native)
[error][2017/09/30 22:40:59][function handlerErr(err,response,name)]:domainErrorEvent : Error: ENOENT: no such file or directory, open 'D:\newProject\jsweb\bin\common\web\register.js'
    at Error (native)
[error][2017/09/30 22:41:36][function handlerErr(err,response,name)]:domainErrorEvent : Error: ENOENT: no such file or directory, open 'D:\newProject\jsweb\bin\common\web\register.js'
    at Error (native)
[error][2017/09/30 22:42:28][function handlerErr(err,response,name)]:domainErrorEvent : Error: ENOENT: no such file or directory, open 'D:\newProject\jsweb\bin\common\web\register.js'
    at Error (native)
[error][2017/09/30 22:43:04][function handlerErr(err,response,name)]:domainErrorEvent : Error: ENOENT: no such file or directory, open 'D:\newProject\jsweb\bin\common\web\register.js'
    at Error (native)
[error][2017/09/30 22:43:16][function handlerErr(err,response,name)]:domainErrorEvent : Error: ENOENT: no such file or directory, open 'D:\newProject\jsweb\bin\common\web\register.js'
    at Error (native)
[error][2017/10/01 06:12:19][function handlerErr(err,response,name)]:domainErrorEvent : Error: ENOENT: no such file or directory, open 'D:\newProject\jsweb\bin\common\web\register.js'
    at Error (native)
[error][2017/10/01 06:15:02][function handlerErr(err,response,name)]:domainErrorEvent : Error: ENOENT: no such file or directory, open 'D:\newProject\jsweb\bin\common\web\register.js'
    at Error (native)
[error][2017/10/01 06:52:47][function handlerErr(err,response,name)]:domainErrorEvent : Error: ENOENT: no such file or directory, open 'D:\newProject\jsweb\bin\common\web\register.js'
    at Error (native)
[error][2017/10/01 06:53:56][function handlerErr(err,response,name)]:domainErrorEvent : Error: ENOENT: no such file or directory, open 'D:\newProject\jsweb\bin\common\web\register.js'
    at Error (native)
[error][2017/10/01 07:05:50][function handlerErr(err,response,name)]:domainErrorEvent : Error: ENOENT: no such file or directory, open 'D:\newProject\jsweb\bin\common\web\register.js'
    at Error (native)
[error][2017/10/01 07:06:32][function handlerErr(err,response,name)]:domainErrorEvent : Error: ENOENT: no such file or directory, open 'D:\newProject\jsweb\bin\common\web\register.js'
    at Error (native)
[error][2017/10/01 07:22:36][function handlerErr(err,response,name)]:domainErrorEvent : Error: ENOENT: no such file or directory, open 'D:\newProject\jsweb\bin\common\favicon.ico'
    at Error (native)
[error][2017/10/01 09:04:34][function handlerErr(err,response,name)]:domainErrorEvent : Error: ENOENT: no such file or directory, open 'D:\newProject\jsweb\bin\common\favicon.ico'
    at Error (native)
[error][2017/10/01 10:20:16][function handlerErr(err,response,name)]:domainErrorEvent : Error: ENOENT: no such file or directory, open 'D:\newProject\jsweb\bin\common\web\register.js'
    at Error (native)
[error][2017/10/01 18:52:39][function handlerErr(err,response,name)]:domainErrorEvent : Error: ENOENT: no such file or directory, open 'D:\newProject\jsweb\bin\common\web\register.js'
    at Error (native)
[error][2017/10/01 21:20:04][function handlerErr(err,response,name)]:domainErrorEvent : Error: ENOENT: no such file or directory, open 'D:\newProject\jsweb\bin\common\public\images\formItem.png'
    at Error (native)
[error][2017/10/01 21:24:29][function handlerErr(err,response,name)]:domainErrorEvent : Error: ENOENT: no such file or directory, open 'D:\newProject\jsweb\bin\common\public\images\formItem.png'
    at Error (native)
[error][2017/10/01 21:28:11][function handlerErr(err,response,name)]:domainErrorEvent : Error: ENOENT: no such file or directory, open 'D:\newProject\jsweb\bin\common\public\images\formItem.png'
    at Error (native)
[error][2017/10/01 21:29:10][function handlerErr(err,response,name)]:domainErrorEvent : Error: ENOENT: no such file or directory, open 'D:\newProject\jsweb\bin\common\public\images\formItem.png'
    at Error (native)
[error][2017/10/01 21:30:24][function handlerErr(err,response,name)]:domainErrorEvent : Error: ENOENT: no such file or directory, open 'D:\newProject\jsweb\bin\common\public\images\formItem.png'
    at Error (native)
[error][2017/10/01 21:31:42][function handlerErr(err,response,name)]:domainErrorEvent : Error: ENOENT: no such file or directory, open 'D:\newProject\jsweb\bin\common\public\images\formItem.png'
    at Error (native)
[error][2017/10/01 21:33:02][function handlerErr(err,response,name)]:domainErrorEvent : Error: ENOENT: no such file or directory, open 'D:\newProject\jsweb\bin\common\public\images\formItem.png'
    at Error (native)
[error][2017/10/02 21:27:50][function handlerErr(err,response,name)]:domainErrorEvent : Error: ENOENT: no such file or directory, open 'D:\newProject\jsweb\bin\common\favicon.ico'
    at Error (native)
[error][2017/10/03 06:31:06][function handlerErr(err,response,name)]:domainErrorEvent : Error: ENOENT: no such file or directory, open 'D:\newProject\jsweb\bin\common\favicon.ico'
    at Error (native)
[error][2017/10/03 07:38:47][function handlerErr(err,response,name)]:domainErrorEvent : Error: not find action or not support resource of mine type:undefined url:/api/user/register extname:
    at Timeout._onTimeout (D:\newProject\jsweb\bin\rap.server.response.js:121:10)
    at tryOnTimeout (timers.js:224:11)
    at Timer.listOnTimeout (timers.js:198:5)
[error][2017/10/03 10:43:04][function handlerErr(err,response,name)]:domainErrorEvent : Error: ENOENT: no such file or directory, open 'D:\newProject\jsweb\bin\common\favicon.ico'
    at Error (native)
[error][2017/10/03 11:49:19][function handlerErr(err,response,name)]:domainErrorEvent : Error: response timeout
    at Timeout._onTimeout (D:\newProject\jsweb\bin\rap.server.response.js:99:11)
    at tryOnTimeout (timers.js:224:11)
    at Timer.listOnTimeout (timers.js:198:5)
[error][2017/10/03 11:51:19][function handlerErr(err,response,name)]:domainErrorEvent : Error: response timeout
    at Timeout._onTimeout (D:\newProject\jsweb\bin\rap.server.response.js:99:11)
    at tryOnTimeout (timers.js:224:11)
    at Timer.listOnTimeout (timers.js:198:5)
[error][2017/10/03 18:05:01][function handlerErr(err,response,name)]:domainErrorEvent : Error: ENOENT: no such file or directory, open 'D:\newProject\jsweb\bin\common\web\daojuItem.png'
    at Error (native)
[error][2017/10/05 19:39:55][function handlerErr(err,response,name)]:domainErrorEvent : Error: ENOENT: no such file or directory, open 'D:\newProject\jsweb\bin\common\favicon.ico'
    at Error (native)
[error][2017/10/05 20:18:00][function handlerErr(err,response,name)]:domainErrorEvent : Error: ENOENT: no such file or directory, open 'D:\newProject\jsweb\bin\common\favicon.ico'
    at Error (native)
[error][2017/10/06 08:20:41][function handlerErr(err,response,name)]:domainErrorEvent : Error: ENOENT: no such file or directory, open 'D:\newProject\jsweb\bin\common\web\info.js'
    at Error (native)
[error][2017/10/06 08:25:56][function handlerErr(err,response,name)]:domainErrorEvent : Error: ENOENT: no such file or directory, open 'D:\newProject\jsweb\bin\common\web\info.js'
    at Error (native)
[error][2017/10/06 10:00:11][function handlerErr(err,response,name)]:domainErrorEvent : Error: ENOENT: no such file or directory, open 'D:\newProject\jsweb\bin\common\web\info.js'
    at Error (native)
[error][2017/10/06 10:00:40][function handlerErr(err,response,name)]:domainErrorEvent : Error: ENOENT: no such file or directory, open 'D:\newProject\jsweb\bin\common\web\info.js'
    at Error (native)
[error][2017/10/06 10:01:09][function handlerErr(err,response,name)]:domainErrorEvent : Error: ENOENT: no such file or directory, open 'D:\newProject\jsweb\bin\common\web\info.js'
    at Error (native)
[error][2017/10/06 10:06:28][function handlerErr(err,response,name)]:domainErrorEvent : Error: ENOENT: no such file or directory, open 'D:\newProject\jsweb\bin\common\web\info.js'
    at Error (native)
[error][2017/10/06 10:09:06][function handlerErr(err,response,name)]:domainErrorEvent : Error: ENOENT: no such file or directory, open 'D:\newProject\jsweb\bin\common\web\info.js'
    at Error (native)
[error][2017/10/06 10:09:30][function handlerErr(err,response,name)]:domainErrorEvent : Error: ENOENT: no such file or directory, open 'D:\newProject\jsweb\bin\common\web\info.js'
    at Error (native)
[error][2017/10/06 10:10:09][function handlerErr(err,response,name)]:domainErrorEvent : Error: ENOENT: no such file or directory, open 'D:\newProject\jsweb\bin\common\web\info.js'
    at Error (native)
[error][2017/10/06 15:45:26][function handlerErr(err,response,name)]:domainErrorEvent : Error: ENOENT: no such file or directory, open 'D:\newProject\jsweb\bin\common\web\info.js'
    at Error (native)
[error][2017/10/06 15:47:09][function handlerErr(err,response,name)]:domainErrorEvent : Error: ENOENT: no such file or directory, open 'D:\newProject\jsweb\bin\common\web\info.js'
    at Error (native)
[error][2017/10/06 15:47:45][function handlerErr(err,response,name)]:domainErrorEvent : Error: ENOENT: no such file or directory, open 'D:\newProject\jsweb\bin\common\web\info.js'
    at Error (native)
[error][2017/10/06 15:48:05][function handlerErr(err,response,name)]:domainErrorEvent : Error: ENOENT: no such file or directory, open 'D:\newProject\jsweb\bin\common\web\info.js'
    at Error (native)
[error][2017/10/06 15:49:04][function handlerErr(err,response,name)]:domainErrorEvent : Error: ENOENT: no such file or directory, open 'D:\newProject\jsweb\bin\common\web\info.js'
    at Error (native)
[error][2017/10/06 15:50:08][function handlerErr(err,response,name)]:domainErrorEvent : Error: ENOENT: no such file or directory, open 'D:\newProject\jsweb\bin\common\web\info.js'
    at Error (native)
[error][2017/10/06 15:50:29][function handlerErr(err,response,name)]:domainErrorEvent : Error: ENOENT: no such file or directory, open 'D:\newProject\jsweb\bin\common\web\info.js'
    at Error (native)
[error][2017/10/06 15:50:50][function handlerErr(err,response,name)]:domainErrorEvent : Error: ENOENT: no such file or directory, open 'D:\newProject\jsweb\bin\common\web\info.js'
    at Error (native)
[error][2017/10/06 15:51:30][function handlerErr(err,response,name)]:domainErrorEvent : Error: ENOENT: no such file or directory, open 'D:\newProject\jsweb\bin\common\web\info.js'
    at Error (native)
[error][2017/10/06 15:51:45][function handlerErr(err,response,name)]:domainErrorEvent : Error: ENOENT: no such file or directory, open 'D:\newProject\jsweb\bin\common\web\info.js'
    at Error (native)
[error][2017/10/06 15:52:37][function handlerErr(err,response,name)]:domainErrorEvent : Error: ENOENT: no such file or directory, open 'D:\newProject\jsweb\bin\common\web\info.js'
    at Error (native)
[error][2017/10/06 15:53:09][function handlerErr(err,response,name)]:domainErrorEvent : Error: ENOENT: no such file or directory, open 'D:\newProject\jsweb\bin\common\web\info.js'
    at Error (native)
[error][2017/10/06 16:00:35][function handlerErr(err,response,name)]:domainErrorEvent : Error: ENOENT: no such file or directory, open 'D:\newProject\jsweb\bin\common\web\info.js'
    at Error (native)
[error][2017/10/06 16:01:45][function handlerErr(err,response,name)]:domainErrorEvent : Error: ENOENT: no such file or directory, open 'D:\newProject\jsweb\bin\common\web\info.js'
    at Error (native)
[error][2017/10/06 16:03:27][function handlerErr(err,response,name)]:domainErrorEvent : Error: ENOENT: no such file or directory, open 'D:\newProject\jsweb\bin\common\web\info.js'
    at Error (native)
[error][2017/10/06 16:04:37][function handlerErr(err,response,name)]:domainErrorEvent : Error: ENOENT: no such file or directory, open 'D:\newProject\jsweb\bin\common\web\info.js'
    at Error (native)
[error][2017/10/06 16:04:53][function handlerErr(err,response,name)]:domainErrorEvent : Error: ENOENT: no such file or directory, open 'D:\newProject\jsweb\bin\common\web\info.js'
    at Error (native)
[error][2017/10/06 16:05:50][function handlerErr(err,response,name)]:domainErrorEvent : Error: ENOENT: no such file or directory, open 'D:\newProject\jsweb\bin\common\web\info.js'
    at Error (native)
[error][2017/10/06 16:06:12][function handlerErr(err,response,name)]:domainErrorEvent : Error: ENOENT: no such file or directory, open 'D:\newProject\jsweb\bin\common\web\info.js'
    at Error (native)
[error][2017/10/06 16:06:33][function handlerErr(err,response,name)]:domainErrorEvent : Error: ENOENT: no such file or directory, open 'D:\newProject\jsweb\bin\common\web\info.js'
    at Error (native)
[error][2017/10/06 16:06:43][function handlerErr(err,response,name)]:domainErrorEvent : Error: ENOENT: no such file or directory, open 'D:\newProject\jsweb\bin\common\web\info.js'
    at Error (native)
[error][2017/10/06 16:06:56][function handlerErr(err,response,name)]:domainErrorEvent : Error: ENOENT: no such file or directory, open 'D:\newProject\jsweb\bin\common\web\info.js'
    at Error (native)
[error][2017/10/06 16:07:12][function handlerErr(err,response,name)]:domainErrorEvent : Error: ENOENT: no such file or directory, open 'D:\newProject\jsweb\bin\common\web\info.js'
    at Error (native)
[error][2017/10/06 16:07:29][function handlerErr(err,response,name)]:domainErrorEvent : Error: ENOENT: no such file or directory, open 'D:\newProject\jsweb\bin\common\web\info.js'
    at Error (native)
[error][2017/10/06 16:17:27][function handlerErr(err,response,name)]:domainErrorEvent : Error: ENOENT: no such file or directory, open 'D:\newProject\jsweb\bin\common\web\info.js'
    at Error (native)
[error][2017/10/06 16:18:10][function handlerErr(err,response,name)]:domainErrorEvent : Error: ENOENT: no such file or directory, open 'D:\newProject\jsweb\bin\common\web\info.js'
    at Error (native)
[error][2017/10/06 16:34:44][function handlerErr(err,response,name)]:domainErrorEvent : Error: ENOENT: no such file or directory, open 'D:\newProject\jsweb\bin\common\web\info.js'
    at Error (native)
[error][2017/10/06 16:34:49][function handlerErr(err,response,name)]:domainErrorEvent : Error: ENOENT: no such file or directory, open 'D:\newProject\jsweb\bin\common\web\info.js'
    at Error (native)
[error][2017/10/06 16:35:17][function handlerErr(err,response,name)]:domainErrorEvent : Error: ENOENT: no such file or directory, open 'D:\newProject\jsweb\bin\common\web\info.js'
    at Error (native)
[error][2017/10/06 17:18:15][function handlerErr(err,response,name)]:domainErrorEvent : Error: ENOENT: no such file or directory, open 'D:\newProject\jsweb\bin\common\favicon.ico'
    at Error (native)
[error][2017/10/07 20:00:52][function handlerErr(err,response,name)]:domainErrorEvent : Error: ENOENT: no such file or directory, open 'D:\newProject\jsweb\bin\common\favicon.ico'
    at Error (native)
