[error][2017/05/26 07:32:56][function (err) ]:Error: ENOENT: no such file or directory, open 'D:\newProject\jsweb\bin\static\favicon.ico'
    at Error (native)
[error][2017/05/28 14:23:30][function () ]:insert into not find table
[error][2017/05/28 14:23:30][function (req, response) ]:TypeError: The header content contains invalid characters
    at storeHeader (_http_outgoing.js:309:11)
    at ServerResponse.OutgoingMessage._storeHeader (_http_outgoing.js:223:9)
    at ServerResponse.writeHead (_http_server.js:218:8)
    at responseData (D:\newProject\jsweb\bin\rap.server.response.js:39:12)
    at D:\newProject\jsweb\bin\rap.server.response.js:91:5
    at Object.module.exports./ (D:\newProject\jsweb\bin\action\index.js:5:4)
    at module.exports (D:\newProject\jsweb\bin\rap.server.response.js:89:26)
    at Server.<anonymous> (D:\newProject\jsweb\bin\rap.server.init.js:51:2)
    at emitTwo (events.js:106:13)
    at Server.emit (events.js:191:7)
[error][2017/05/28 14:23:38][function () ]:insert into not find table
[error][2017/05/28 14:23:38][function (req, response) ]:TypeError: The header content contains invalid characters
    at storeHeader (_http_outgoing.js:309:11)
    at ServerResponse.OutgoingMessage._storeHeader (_http_outgoing.js:223:9)
    at ServerResponse.writeHead (_http_server.js:218:8)
    at responseData (D:\newProject\jsweb\bin\rap.server.response.js:39:12)
    at D:\newProject\jsweb\bin\rap.server.response.js:91:5
    at Object.module.exports./ (D:\newProject\jsweb\bin\action\index.js:5:4)
    at module.exports (D:\newProject\jsweb\bin\rap.server.response.js:89:26)
    at Server.<anonymous> (D:\newProject\jsweb\bin\rap.server.init.js:51:2)
    at emitTwo (events.js:106:13)
    at Server.emit (events.js:191:7)
[error][2017/05/28 14:25:38][function () ]:insert into not find table
[error][2017/05/28 14:25:38][function (req, response) ]:TypeError: The header content contains invalid characters
    at storeHeader (_http_outgoing.js:309:11)
    at ServerResponse.OutgoingMessage._storeHeader (_http_outgoing.js:223:9)
    at ServerResponse.writeHead (_http_server.js:218:8)
    at responseData (D:\newProject\jsweb\bin\rap.server.response.js:39:12)
    at D:\newProject\jsweb\bin\rap.server.response.js:91:5
    at Object.module.exports./ (D:\newProject\jsweb\bin\action\index.js:5:4)
    at module.exports (D:\newProject\jsweb\bin\rap.server.response.js:89:26)
    at Server.<anonymous> (D:\newProject\jsweb\bin\rap.server.init.js:51:2)
    at emitTwo (events.js:106:13)
    at Server.emit (events.js:191:7)
[error][2017/05/28 14:29:01][function () ]:insert into not find table
[error][2017/05/28 14:29:01][function (err) ]:Error: ENOENT: no such file or directory, open 'D:\newProject\jsweb\bin\static\favicon.ico'
    at Error (native)
[error][2017/05/28 14:29:07][function (err,stdout) ]:{"killed":false,"code":1,"signal":[same object Object],"cmd":"start "%windir%\system32\cmd.exe" "node-inspector --web-port=8081""}
[error][2017/05/28 14:29:37][function () ]:insert into not find table
[error][2017/05/28 14:29:37][function (err) ]:Error: ENOENT: no such file or directory, open 'D:\newProject\jsweb\bin\static\favicon.ico'
    at Error (native)
[error][2017/05/28 14:31:37][function (err) ]:Error: ENOENT: no such file or directory, open 'D:\newProject\jsweb\bin\static\favicon.ico'
    at Error (native)
[error][2017/05/28 14:44:28][function () ]:insert into not find table
[error][2017/05/28 14:44:28][function (err) ]:Error: ENOENT: no such file or directory, open 'D:\newProject\jsweb\bin\static\favicon.ico'
    at Error (native)
[error][2017/05/28 14:44:50][function (err) ]:Error: ENOENT: no such file or directory, open 'D:\newProject\jsweb\bin\static\favicon.ico'
    at Error (native)
[error][2017/05/28 14:44:52][function () ]:insert into not find table
[error][2017/05/28 14:45:25][function () ]:insert into not find table
[error][2017/05/28 14:45:25][function (err) ]:Error: ENOENT: no such file or directory, open 'D:\newProject\jsweb\bin\static\favicon.ico'
    at Error (native)
[error][2017/05/28 14:47:25][function (err) ]:Error: ENOENT: no such file or directory, open 'D:\newProject\jsweb\bin\static\favicon.ico'
    at Error (native)
[error][2017/05/28 14:51:13][function () ]:insert into not find table
[error][2017/05/28 14:51:13][function (err) ]:Error: ENOENT: no such file or directory, open 'D:\newProject\jsweb\bin\static\favicon.ico'
    at Error (native)
[error][2017/05/28 14:53:13][function (err) ]:Error: ENOENT: no such file or directory, open 'D:\newProject\jsweb\bin\static\favicon.ico'
    at Error (native)
[error][2017/05/31 12:59:58][function () ]:insert into not find table
[error][2017/05/31 12:59:58][function (err) ]:Error: ENOENT: no such file or directory, open 'D:\newProject\jsweb\bin\static\favicon.ico'
    at Error (native)
[error][2017/05/31 13:02:01][function (err) ]:Error: ENOENT: no such file or directory, open 'D:\newProject\jsweb\bin\static\bin\index.html'
    at Error (native)
[error][2017/05/31 13:03:45][function (err) ]:Error: ENOENT: no such file or directory, open 'D:\newProject\jsweb\bin\static_src\bin\index.html'
    at Error (native)
[error][2017/05/31 13:04:08][function (err) ]:Error: ENOENT: no such file or directory, open 'D:\newProject\jsweb\bin\static_src\bin\index.html'
    at Error (native)
[error][2017/05/31 13:05:10][function (err) ]:Error: write after end
    at writeAfterEnd (_stream_writable.js:166:12)
    at Gzip.Writable.write (_stream_writable.js:217:5)
    at ReadStream.ondata (_stream_readable.js:556:20)
    at emitOne (events.js:96:13)
    at ReadStream.emit (events.js:188:7)
    at readableAddChunk (_stream_readable.js:177:18)
    at ReadStream.Readable.push (_stream_readable.js:135:10)
    at onread (fs.js:1780:12)
    at FSReqWrap.wrapper [as oncomplete] (fs.js:681:17)
[error][2017/05/31 13:05:10][function (err) ]:Error: ENOENT: no such file or directory, open 'D:\newProject\jsweb\bin\static_src\public\images\logo.png'
    at Error (native)
[error][2017/05/31 13:05:10][function (err) ]:Error: write after end
    at writeAfterEnd (_stream_writable.js:166:12)
    at Gzip.Writable.write (_stream_writable.js:217:5)
    at ReadStream.ondata (_stream_readable.js:556:20)
    at emitOne (events.js:96:13)
    at ReadStream.emit (events.js:188:7)
    at readableAddChunk (_stream_readable.js:177:18)
    at ReadStream.Readable.push (_stream_readable.js:135:10)
    at onread (fs.js:1780:12)
    at FSReqWrap.wrapper [as oncomplete] (fs.js:681:17)
[error][2017/05/31 13:05:10][function (err) ]:Error: ENOENT: no such file or directory, open 'D:\newProject\jsweb\bin\static_src\favicon.ico'
    at Error (native)
[error][2017/05/31 13:05:28][function (err) ]:Error: write after end
    at writeAfterEnd (_stream_writable.js:166:12)
    at Gzip.Writable.write (_stream_writable.js:217:5)
    at ReadStream.ondata (_stream_readable.js:556:20)
    at emitOne (events.js:96:13)
    at ReadStream.emit (events.js:188:7)
    at readableAddChunk (_stream_readable.js:177:18)
    at ReadStream.Readable.push (_stream_readable.js:135:10)
    at onread (fs.js:1780:12)
    at FSReqWrap.wrapper [as oncomplete] (fs.js:681:17)
[error][2017/05/31 13:05:47][function (err) ]:Error: write after end
    at writeAfterEnd (_stream_writable.js:166:12)
    at Gzip.Writable.write (_stream_writable.js:217:5)
    at ReadStream.ondata (_stream_readable.js:556:20)
    at emitOne (events.js:96:13)
    at ReadStream.emit (events.js:188:7)
    at readableAddChunk (_stream_readable.js:177:18)
    at ReadStream.Readable.push (_stream_readable.js:135:10)
    at onread (fs.js:1780:12)
    at FSReqWrap.wrapper [as oncomplete] (fs.js:681:17)
[error][2017/05/31 13:05:47][function (err) ]:Error: ENOENT: no such file or directory, open 'D:\newProject\jsweb\bin\static_src\favicon.ico'
    at Error (native)
[error][2017/05/31 13:15:27][function (err) ]:Error: ENOENT: no such file or directory, open 'D:\newProject\jsweb\bin\static_src\public\images\logo.png'
    at Error (native)
[error][2017/05/31 13:15:27][function (req, response) ]:Error: not support resource of 
    at Error (native)
    at module.exports (D:\newProject\jsweb\bin\rap.server.response.js:107:9)
    at Server.<anonymous> (D:\newProject\jsweb\bin\rap.server.init.js:51:2)
    at emitTwo (events.js:106:13)
    at Server.emit (events.js:191:7)
    at HTTPParser.parserOnIncoming [as onIncoming] (_http_server.js:543:12)
    at HTTPParser.parserOnHeadersComplete (_http_common.js:105:23)
[error][2017/05/31 13:15:27][function (req, response) ]:Error: not support resource of 
    at Error (native)
    at module.exports (D:\newProject\jsweb\bin\rap.server.response.js:107:9)
    at Server.<anonymous> (D:\newProject\jsweb\bin\rap.server.init.js:51:2)
    at emitTwo (events.js:106:13)
    at Server.emit (events.js:191:7)
    at HTTPParser.parserOnIncoming [as onIncoming] (_http_server.js:543:12)
    at HTTPParser.parserOnHeadersComplete (_http_common.js:105:23)
[error][2017/05/31 13:15:28][function (req, response) ]:Error: not support resource of 
    at Error (native)
    at module.exports (D:\newProject\jsweb\bin\rap.server.response.js:107:9)
    at Server.<anonymous> (D:\newProject\jsweb\bin\rap.server.init.js:51:2)
    at emitTwo (events.js:106:13)
    at Server.emit (events.js:191:7)
    at HTTPParser.parserOnIncoming [as onIncoming] (_http_server.js:543:12)
    at HTTPParser.parserOnHeadersComplete (_http_common.js:105:23)
[error][2017/05/31 13:15:28][function (req, response) ]:Error: not support resource of 
    at Error (native)
    at module.exports (D:\newProject\jsweb\bin\rap.server.response.js:107:9)
    at Server.<anonymous> (D:\newProject\jsweb\bin\rap.server.init.js:51:2)
    at emitTwo (events.js:106:13)
    at Server.emit (events.js:191:7)
    at HTTPParser.parserOnIncoming [as onIncoming] (_http_server.js:543:12)
    at HTTPParser.parserOnHeadersComplete (_http_common.js:105:23)
[error][2017/05/31 13:17:27][function (err) ]:Error: ENOENT: no such file or directory, open 'D:\newProject\jsweb\bin\static_src\public\images\logo.png'
    at Error (native)
[error][2017/05/31 13:17:27][function (req, response) ]:Error: not support resource of 
    at Error (native)
    at module.exports (D:\newProject\jsweb\bin\rap.server.response.js:107:9)
    at Server.<anonymous> (D:\newProject\jsweb\bin\rap.server.init.js:51:2)
    at emitTwo (events.js:106:13)
    at Server.emit (events.js:191:7)
    at HTTPParser.parserOnIncoming [as onIncoming] (_http_server.js:543:12)
    at HTTPParser.parserOnHeadersComplete (_http_common.js:105:23)
[error][2017/05/31 13:17:28][function (req, response) ]:Error: not support resource of 
    at Error (native)
    at module.exports (D:\newProject\jsweb\bin\rap.server.response.js:107:9)
    at Server.<anonymous> (D:\newProject\jsweb\bin\rap.server.init.js:51:2)
    at emitTwo (events.js:106:13)
    at Server.emit (events.js:191:7)
    at HTTPParser.parserOnIncoming [as onIncoming] (_http_server.js:543:12)
    at HTTPParser.parserOnHeadersComplete (_http_common.js:105:23)
[error][2017/05/31 13:17:28][function (req, response) ]:Error: not support resource of 
    at Error (native)
    at module.exports (D:\newProject\jsweb\bin\rap.server.response.js:107:9)
    at Server.<anonymous> (D:\newProject\jsweb\bin\rap.server.init.js:51:2)
    at emitTwo (events.js:106:13)
    at Server.emit (events.js:191:7)
    at HTTPParser.parserOnIncoming [as onIncoming] (_http_server.js:543:12)
    at HTTPParser.parserOnHeadersComplete (_http_common.js:105:23)
[error][2017/05/31 13:17:28][function (req, response) ]:Error: not support resource of 
    at Error (native)
    at module.exports (D:\newProject\jsweb\bin\rap.server.response.js:107:9)
    at Server.<anonymous> (D:\newProject\jsweb\bin\rap.server.init.js:51:2)
    at emitTwo (events.js:106:13)
    at Server.emit (events.js:191:7)
    at HTTPParser.parserOnIncoming [as onIncoming] (_http_server.js:543:12)
    at HTTPParser.parserOnHeadersComplete (_http_common.js:105:23)
[error][2017/05/31 13:19:27][function (err) ]:Error: ENOENT: no such file or directory, open 'D:\newProject\jsweb\bin\static_src\public\images\logo.png'
    at Error (native)
[error][2017/05/31 13:19:28][function (req, response) ]:Error: not support resource of 
    at Error (native)
    at module.exports (D:\newProject\jsweb\bin\rap.server.response.js:107:9)
    at Server.<anonymous> (D:\newProject\jsweb\bin\rap.server.init.js:51:2)
    at emitTwo (events.js:106:13)
    at Server.emit (events.js:191:7)
    at HTTPParser.parserOnIncoming [as onIncoming] (_http_server.js:543:12)
    at HTTPParser.parserOnHeadersComplete (_http_common.js:105:23)
[error][2017/05/31 13:19:28][function (req, response) ]:Error: not support resource of 
    at Error (native)
    at module.exports (D:\newProject\jsweb\bin\rap.server.response.js:107:9)
    at Server.<anonymous> (D:\newProject\jsweb\bin\rap.server.init.js:51:2)
    at emitTwo (events.js:106:13)
    at Server.emit (events.js:191:7)
    at HTTPParser.parserOnIncoming [as onIncoming] (_http_server.js:543:12)
    at HTTPParser.parserOnHeadersComplete (_http_common.js:105:23)
[error][2017/05/31 13:19:28][function (req, response) ]:Error: not support resource of 
    at Error (native)
    at module.exports (D:\newProject\jsweb\bin\rap.server.response.js:107:9)
    at Server.<anonymous> (D:\newProject\jsweb\bin\rap.server.init.js:51:2)
    at emitTwo (events.js:106:13)
    at Server.emit (events.js:191:7)
    at HTTPParser.parserOnIncoming [as onIncoming] (_http_server.js:543:12)
    at HTTPParser.parserOnHeadersComplete (_http_common.js:105:23)
[error][2017/05/31 13:21:28][function (err) ]:Error: ENOENT: no such file or directory, open 'D:\newProject\jsweb\bin\static_src\favicon.ico'
    at Error (native)
[error][2017/05/31 13:44:43][function (err) ]:Error: ENOENT: no such file or directory, open 'D:\newProject\jsweb\bin\static_src\public\images\logo.png'
    at Error (native)
[error][2017/05/31 13:44:43][function (req, response) ]:Error: not support resource of 
    at Error (native)
    at module.exports (D:\newProject\jsweb\bin\rap.server.response.js:107:9)
    at Server.<anonymous> (D:\newProject\jsweb\bin\rap.server.init.js:51:2)
    at emitTwo (events.js:106:13)
    at Server.emit (events.js:191:7)
    at HTTPParser.parserOnIncoming [as onIncoming] (_http_server.js:543:12)
    at HTTPParser.parserOnHeadersComplete (_http_common.js:105:23)
[error][2017/05/31 13:44:43][function (req, response) ]:Error: not support resource of 
    at Error (native)
    at module.exports (D:\newProject\jsweb\bin\rap.server.response.js:107:9)
    at Server.<anonymous> (D:\newProject\jsweb\bin\rap.server.init.js:51:2)
    at emitTwo (events.js:106:13)
    at Server.emit (events.js:191:7)
    at HTTPParser.parserOnIncoming [as onIncoming] (_http_server.js:543:12)
    at HTTPParser.parserOnHeadersComplete (_http_common.js:105:23)
[error][2017/05/31 13:44:43][function (req, response) ]:Error: not support resource of 
    at Error (native)
    at module.exports (D:\newProject\jsweb\bin\rap.server.response.js:107:9)
    at Server.<anonymous> (D:\newProject\jsweb\bin\rap.server.init.js:51:2)
    at emitTwo (events.js:106:13)
    at Server.emit (events.js:191:7)
    at HTTPParser.parserOnIncoming [as onIncoming] (_http_server.js:543:12)
    at HTTPParser.parserOnHeadersComplete (_http_common.js:105:23)
[error][2017/05/31 13:44:43][function (req, response) ]:Error: not support resource of 
    at Error (native)
    at module.exports (D:\newProject\jsweb\bin\rap.server.response.js:107:9)
    at Server.<anonymous> (D:\newProject\jsweb\bin\rap.server.init.js:51:2)
    at emitTwo (events.js:106:13)
    at Server.emit (events.js:191:7)
    at HTTPParser.parserOnIncoming [as onIncoming] (_http_server.js:543:12)
    at HTTPParser.parserOnHeadersComplete (_http_common.js:105:23)
