[info][2017/09/26 13:36:42][function (callback, weeks, name) ]:[intervalByWeek] 清除日志监听器 下一次启动将在 5 天后
[info][2017/09/26 13:36:42][function (callback, hours, name) ]:[intervalByHour] 打包日志监听器 下一次启动将在 4.4 小时后
[info][2017/09/26 13:36:42][function () ]:找到sql文件 ["D:/newProject/jsweb/bin/dao/sql/create_t_code.sql","D:/newProject/jsweb/bin/dao/sql/create_t_user.sql"]
[info][2017/09/26 13:36:42][function (file,idx) ]:当前文件 D:/newProject/jsweb/bin/dao/sql/create_t_code.sql 解析出来表为 t_code 成员有 {"id":{"type":"serial","limit":"PRIMARY KEY NOT NULL"},"title":{"type":"varchar","limit":"128"},"content":{"type":"text","limit":""},"turn":{"type":"serial","limit":""},"createtime":{"type":"timestamp","limit":""},"updatetime":{"type":"timestamp","limit":""},"status":{"type":"varchar","limit":"20"}}
[info][2017/09/26 13:36:42][function (file,idx) ]:当前文件 D:/newProject/jsweb/bin/dao/sql/create_t_user.sql 解析出来表为 t_user 成员有 {"id":{"type":"serial","limit":"PRIMARY KEY NOT NULL"},"cardid":{"type":"varchar","limit":"20"},"realname":{"type":"varchar","limit":"64"},"nickname":{"type":"varchar","limit":"64"},"email":{"type":"varchar","limit":"128"},"userType":{"type":"varchar","limit":"64"},"age":{"type":"smallint","limit":""},"brithday":{"type":"timestamp","limit":""},"picture":[deep Object],"address":[deep Object],"mobile":[deep Object],"qq":[deep Object],"sex":[deep Object],"turn":[deep Object],"password":[deep Object],"passwordMd5":[deep Object],"logintime":[deep Object],"createtime":[deep Object],"updatetime":[deep Object],"status":[deep Object]}
[info][2017/09/26 13:36:42][function (exports, require, module, __filename, __dirname) ]:base路径： D:/newProject/jsweb/bin
[info][2017/09/26 13:36:42][function (exports, require, module, __filename, __dirname) ]:action文件路径为： /action D:/newProject/jsweb/bin/action
[info][2017/09/26 13:36:42][function (exports, require, module, __filename, __dirname) ]:根文件路径： D:/newProject/jsweb/bin/static_src
[info][2017/09/26 13:36:42][function (exports, require, module, __filename, __dirname) ]:action map {"/ajax/index/getCode":"[object Function]","/ajax/index/insertCode":"[object Function]","/tool/handle/createFile":"[object Function]","/":"/index.html","/proxy":"[object Function]"}
[info][2017/09/26 13:36:42][function (exports, require, module, __filename, __dirname) ]:静态文件路径为 /static_src D:/newProject/jsweb/bin/static_src
[info][2017/09/26 13:36:42][function (exports, require, module, __filename, __dirname) ]:服务器启动在3000端口上,启动消耗 651 ms
[info][2017/09/26 13:52:00][function (callback, weeks, name) ]:[intervalByWeek] 清除日志监听器 下一次启动将在 5 天后
[info][2017/09/26 13:52:00][function (callback, hours, name) ]:[intervalByHour] 打包日志监听器 下一次启动将在 4.1 小时后
[info][2017/09/26 13:52:00][function () ]:找到sql文件 ["D:/newProject/jsweb/bin/dao/sql/create_t_code.sql","D:/newProject/jsweb/bin/dao/sql/create_t_user.sql"]
[info][2017/09/26 13:52:00][function (file,idx) ]:当前文件 D:/newProject/jsweb/bin/dao/sql/create_t_code.sql 解析出来表为 t_code 成员有 {"id":{"type":"serial","limit":"PRIMARY KEY NOT NULL"},"title":{"type":"varchar","limit":"128"},"content":{"type":"text","limit":""},"turn":{"type":"serial","limit":""},"createtime":{"type":"timestamp","limit":""},"updatetime":{"type":"timestamp","limit":""},"status":{"type":"varchar","limit":"20"}}
[info][2017/09/26 13:52:00][function (file,idx) ]:当前文件 D:/newProject/jsweb/bin/dao/sql/create_t_user.sql 解析出来表为 t_user 成员有 {"id":{"type":"serial","limit":"PRIMARY KEY NOT NULL"},"cardid":{"type":"varchar","limit":"20"},"realname":{"type":"varchar","limit":"64"},"nickname":{"type":"varchar","limit":"64"},"email":{"type":"varchar","limit":"128"},"userType":{"type":"varchar","limit":"64"},"age":{"type":"smallint","limit":""},"brithday":{"type":"timestamp","limit":""},"picture":[deep Object],"address":[deep Object],"mobile":[deep Object],"qq":[deep Object],"sex":[deep Object],"turn":[deep Object],"password":[deep Object],"passwordMd5":[deep Object],"logintime":[deep Object],"createtime":[deep Object],"updatetime":[deep Object],"status":[deep Object]}
[info][2017/09/26 13:52:00][function (exports, require, module, __filename, __dirname) ]:base路径： D:/newProject/jsweb/bin
[info][2017/09/26 13:52:00][function (exports, require, module, __filename, __dirname) ]:action文件路径为： /action D:/newProject/jsweb/bin/action
[info][2017/09/26 13:52:00][function (exports, require, module, __filename, __dirname) ]:根文件路径： D:/newProject/jsweb/bin/static_src
[info][2017/09/26 13:52:00][function (exports, require, module, __filename, __dirname) ]:action map {"/ajax/index/getCode":"[object Function]","/ajax/index/insertCode":"[object Function]","/tool/handle/createFile":"[object Function]","/":"/index.html","/proxy":"[object Function]"}
[info][2017/09/26 13:52:00][function (exports, require, module, __filename, __dirname) ]:静态文件路径为 /static_src D:/newProject/jsweb/bin/static_src
[info][2017/09/26 13:52:00][function (exports, require, module, __filename, __dirname) ]:服务器启动在3000端口上,启动消耗 572 ms
[info][2017/09/26 13:57:41][function (callback, weeks, name) ]:[intervalByWeek] 清除日志监听器 下一次启动将在 5 天后
[info][2017/09/26 13:57:41][function (callback, hours, name) ]:[intervalByHour] 打包日志监听器 下一次启动将在 4 小时后
[info][2017/09/26 13:57:41][function () ]:找到sql文件 ["D:/newProject/jsweb/bin/dao/sql/create_t_code.sql","D:/newProject/jsweb/bin/dao/sql/create_t_user.sql"]
[info][2017/09/26 13:57:41][function (file,idx) ]:当前文件 D:/newProject/jsweb/bin/dao/sql/create_t_code.sql 解析出来表为 t_code 成员有 {"id":{"type":"serial","limit":"PRIMARY KEY NOT NULL"},"title":{"type":"varchar","limit":"128"},"content":{"type":"text","limit":""},"turn":{"type":"serial","limit":""},"createtime":{"type":"timestamp","limit":""},"updatetime":{"type":"timestamp","limit":""},"status":{"type":"varchar","limit":"20"}}
[info][2017/09/26 13:57:41][function (file,idx) ]:当前文件 D:/newProject/jsweb/bin/dao/sql/create_t_user.sql 解析出来表为 t_user 成员有 {"id":{"type":"serial","limit":"PRIMARY KEY NOT NULL"},"cardid":{"type":"varchar","limit":"20"},"realname":{"type":"varchar","limit":"64"},"nickname":{"type":"varchar","limit":"64"},"email":{"type":"varchar","limit":"128"},"userType":{"type":"varchar","limit":"64"},"age":{"type":"smallint","limit":""},"brithday":{"type":"timestamp","limit":""},"picture":[deep Object],"address":[deep Object],"mobile":[deep Object],"qq":[deep Object],"sex":[deep Object],"turn":[deep Object],"password":[deep Object],"passwordMd5":[deep Object],"logintime":[deep Object],"createtime":[deep Object],"updatetime":[deep Object],"status":[deep Object]}
[info][2017/09/26 13:57:41][function (exports, require, module, __filename, __dirname) ]:base路径： D:/newProject/jsweb/bin
[info][2017/09/26 13:57:41][function (exports, require, module, __filename, __dirname) ]:action文件路径为： /action D:/newProject/jsweb/bin/action
[info][2017/09/26 13:57:41][function (exports, require, module, __filename, __dirname) ]:根文件路径： D:/newProject/jsweb/bin/static_src
[info][2017/09/26 13:57:41][function (exports, require, module, __filename, __dirname) ]:action map {"/ajax/index/getCode":"[object Function]","/ajax/index/insertCode":"[object Function]","/tool/handle/createFile":"[object Function]","/":"/index.html","/proxy":"[object Function]"}
[info][2017/09/26 13:57:41][function (exports, require, module, __filename, __dirname) ]:静态文件路径为 /static_src D:/newProject/jsweb/bin/static_src
[info][2017/09/26 13:57:41][function (exports, require, module, __filename, __dirname) ]:服务器启动在3000端口上,启动消耗 577 ms
[info][2017/09/26 13:58:51][function (callback, weeks, name) ]:[intervalByWeek] 清除日志监听器 下一次启动将在 5 天后
[info][2017/09/26 13:58:51][function (callback, hours, name) ]:[intervalByHour] 打包日志监听器 下一次启动将在 4 小时后
[info][2017/09/26 13:58:51][function () ]:找到sql文件 ["D:/newProject/jsweb/bin/dao/sql/create_t_code.sql","D:/newProject/jsweb/bin/dao/sql/create_t_user.sql"]
[info][2017/09/26 13:58:51][function (file,idx) ]:当前文件 D:/newProject/jsweb/bin/dao/sql/create_t_code.sql 解析出来表为 t_code 成员有 {"id":{"type":"serial","limit":"PRIMARY KEY NOT NULL"},"title":{"type":"varchar","limit":"128"},"content":{"type":"text","limit":""},"turn":{"type":"serial","limit":""},"createtime":{"type":"timestamp","limit":""},"updatetime":{"type":"timestamp","limit":""},"status":{"type":"varchar","limit":"20"}}
[info][2017/09/26 13:58:51][function (file,idx) ]:当前文件 D:/newProject/jsweb/bin/dao/sql/create_t_user.sql 解析出来表为 t_user 成员有 {"id":{"type":"serial","limit":"PRIMARY KEY NOT NULL"},"cardid":{"type":"varchar","limit":"20"},"realname":{"type":"varchar","limit":"64"},"nickname":{"type":"varchar","limit":"64"},"email":{"type":"varchar","limit":"128"},"userType":{"type":"varchar","limit":"64"},"age":{"type":"smallint","limit":""},"brithday":{"type":"timestamp","limit":""},"picture":[deep Object],"address":[deep Object],"mobile":[deep Object],"qq":[deep Object],"sex":[deep Object],"turn":[deep Object],"password":[deep Object],"passwordMd5":[deep Object],"logintime":[deep Object],"createtime":[deep Object],"updatetime":[deep Object],"status":[deep Object]}
[info][2017/09/26 13:58:51][function (exports, require, module, __filename, __dirname) ]:base路径： D:/newProject/jsweb/bin
[info][2017/09/26 13:58:51][function (exports, require, module, __filename, __dirname) ]:action文件路径为： /action D:/newProject/jsweb/bin/action
[info][2017/09/26 13:58:51][function (exports, require, module, __filename, __dirname) ]:根文件路径： D:/newProject/jsweb/bin/static_src
[info][2017/09/26 13:58:51][function (exports, require, module, __filename, __dirname) ]:action map {"/ajax/index/getCode":"[object Function]","/ajax/index/insertCode":"[object Function]","/tool/handle/createFile":"[object Function]","/":"/index.html","/proxy":"[object Function]"}
[info][2017/09/26 13:58:51][function (exports, require, module, __filename, __dirname) ]:静态文件路径为 /static_src D:/newProject/jsweb/bin/static_src
[info][2017/09/26 13:58:51][function (exports, require, module, __filename, __dirname) ]:服务器启动在3000端口上,启动消耗 683 ms
[info][2017/09/26 13:59:42][function (callback, weeks, name) ]:[intervalByWeek] 清除日志监听器 下一次启动将在 5 天后
[info][2017/09/26 13:59:42][function (callback, hours, name) ]:[intervalByHour] 打包日志监听器 下一次启动将在 4 小时后
[info][2017/09/26 13:59:42][function () ]:找到sql文件 ["D:/newProject/jsweb/bin/dao/sql/create_t_code.sql","D:/newProject/jsweb/bin/dao/sql/create_t_user.sql"]
[info][2017/09/26 13:59:42][function (file,idx) ]:当前文件 D:/newProject/jsweb/bin/dao/sql/create_t_code.sql 解析出来表为 t_code 成员有 {"id":{"type":"serial","limit":"PRIMARY KEY NOT NULL"},"title":{"type":"varchar","limit":"128"},"content":{"type":"text","limit":""},"turn":{"type":"serial","limit":""},"createtime":{"type":"timestamp","limit":""},"updatetime":{"type":"timestamp","limit":""},"status":{"type":"varchar","limit":"20"}}
[info][2017/09/26 13:59:42][function (file,idx) ]:当前文件 D:/newProject/jsweb/bin/dao/sql/create_t_user.sql 解析出来表为 t_user 成员有 {"id":{"type":"serial","limit":"PRIMARY KEY NOT NULL"},"cardid":{"type":"varchar","limit":"20"},"realname":{"type":"varchar","limit":"64"},"nickname":{"type":"varchar","limit":"64"},"email":{"type":"varchar","limit":"128"},"userType":{"type":"varchar","limit":"64"},"age":{"type":"smallint","limit":""},"brithday":{"type":"timestamp","limit":""},"picture":[deep Object],"address":[deep Object],"mobile":[deep Object],"qq":[deep Object],"sex":[deep Object],"turn":[deep Object],"password":[deep Object],"passwordMd5":[deep Object],"logintime":[deep Object],"createtime":[deep Object],"updatetime":[deep Object],"status":[deep Object]}
[info][2017/09/26 13:59:42][function (exports, require, module, __filename, __dirname) ]:base路径： D:/newProject/jsweb/bin
[info][2017/09/26 13:59:42][function (exports, require, module, __filename, __dirname) ]:action文件路径为： /action D:/newProject/jsweb/bin/action
[info][2017/09/26 13:59:42][function (exports, require, module, __filename, __dirname) ]:根文件路径： D:/newProject/jsweb/bin/static_src
[info][2017/09/26 13:59:42][function (exports, require, module, __filename, __dirname) ]:action map {"/ajax/index/getCode":"[object Function]","/ajax/index/insertCode":"[object Function]","/tool/handle/createFile":"[object Function]","/":"/index.html","/proxy":"[object Function]"}
[info][2017/09/26 13:59:42][function (exports, require, module, __filename, __dirname) ]:静态文件路径为 /static_src D:/newProject/jsweb/bin/static_src
[info][2017/09/26 13:59:42][function (exports, require, module, __filename, __dirname) ]:服务器启动在3000端口上,启动消耗 786 ms
[info][2017/09/26 18:56:34][function (callback, hours, name) ]:[intervalByHour]  下一次启动将在 23.1 小时后
[info][2017/09/26 19:01:13][function (callback, weeks, name) ]:[intervalByWeek] 清除日志监听器 下一次启动将在 5 天后
[info][2017/09/26 19:01:13][function (callback, hours, name) ]:[intervalByHour] 打包日志监听器 下一次启动将在 23 小时后
[info][2017/09/26 19:01:13][function () ]:找到sql文件 ["D:/newProject/jsweb/bin/dao/sql/create_t_code.sql","D:/newProject/jsweb/bin/dao/sql/create_t_user.sql"]
[info][2017/09/26 19:01:13][function (file,idx) ]:当前文件 D:/newProject/jsweb/bin/dao/sql/create_t_code.sql 解析出来表为 t_code 成员有 {"id":{"type":"serial","limit":"PRIMARY KEY NOT NULL"},"title":{"type":"varchar","limit":"128"},"content":{"type":"text","limit":""},"turn":{"type":"serial","limit":""},"createtime":{"type":"timestamp","limit":""},"updatetime":{"type":"timestamp","limit":""},"status":{"type":"varchar","limit":"20"}}
[info][2017/09/26 19:01:13][function (file,idx) ]:当前文件 D:/newProject/jsweb/bin/dao/sql/create_t_user.sql 解析出来表为 t_user 成员有 {"id":{"type":"serial","limit":"PRIMARY KEY NOT NULL"},"cardid":{"type":"varchar","limit":"20"},"realname":{"type":"varchar","limit":"64"},"nickname":{"type":"varchar","limit":"64"},"email":{"type":"varchar","limit":"128"},"userType":{"type":"varchar","limit":"64"},"age":{"type":"smallint","limit":""},"brithday":{"type":"timestamp","limit":""},"picture":[deep Object],"address":[deep Object],"mobile":[deep Object],"qq":[deep Object],"sex":[deep Object],"turn":[deep Object],"password":[deep Object],"passwordMd5":[deep Object],"logintime":[deep Object],"createtime":[deep Object],"updatetime":[deep Object],"status":[deep Object]}
[info][2017/09/26 19:01:13][function (exports, require, module, __filename, __dirname) ]:base路径： D:/newProject/jsweb/bin
[info][2017/09/26 19:01:13][function (exports, require, module, __filename, __dirname) ]:action文件路径为： /action D:/newProject/jsweb/bin/action
[info][2017/09/26 19:01:13][function (exports, require, module, __filename, __dirname) ]:根文件路径： D:/newProject/jsweb/bin/static_src
[info][2017/09/26 19:01:13][function (exports, require, module, __filename, __dirname) ]:action map {"/ajax/index/getCode":"[object Function]","/ajax/index/insertCode":"[object Function]","/tool/handle/createFile":"[object Function]","/":"/index.html","/proxy":"[object Function]"}
[info][2017/09/26 19:01:13][function (exports, require, module, __filename, __dirname) ]:静态文件路径为 /static_src D:/newProject/jsweb/bin/static_src
[info][2017/09/26 19:01:13][function (exports, require, module, __filename, __dirname) ]:服务器启动在3000端口上,启动消耗 709 ms
[info][2017/09/26 19:01:25][function (callback, weeks, name) ]:[intervalByWeek] 清除日志监听器 下一次启动将在 5 天后
[info][2017/09/26 19:01:25][function (callback, hours, name) ]:[intervalByHour] 打包日志监听器 下一次启动将在 23 小时后
[info][2017/09/26 19:01:25][function () ]:找到sql文件 ["D:/newProject/jsweb/bin/dao/sql/create_t_code.sql","D:/newProject/jsweb/bin/dao/sql/create_t_user.sql"]
[info][2017/09/26 19:01:25][function (file,idx) ]:当前文件 D:/newProject/jsweb/bin/dao/sql/create_t_code.sql 解析出来表为 t_code 成员有 {"id":{"type":"serial","limit":"PRIMARY KEY NOT NULL"},"title":{"type":"varchar","limit":"128"},"content":{"type":"text","limit":""},"turn":{"type":"serial","limit":""},"createtime":{"type":"timestamp","limit":""},"updatetime":{"type":"timestamp","limit":""},"status":{"type":"varchar","limit":"20"}}
[info][2017/09/26 19:01:25][function (file,idx) ]:当前文件 D:/newProject/jsweb/bin/dao/sql/create_t_user.sql 解析出来表为 t_user 成员有 {"id":{"type":"serial","limit":"PRIMARY KEY NOT NULL"},"cardid":{"type":"varchar","limit":"20"},"realname":{"type":"varchar","limit":"64"},"nickname":{"type":"varchar","limit":"64"},"email":{"type":"varchar","limit":"128"},"userType":{"type":"varchar","limit":"64"},"age":{"type":"smallint","limit":""},"brithday":{"type":"timestamp","limit":""},"picture":[deep Object],"address":[deep Object],"mobile":[deep Object],"qq":[deep Object],"sex":[deep Object],"turn":[deep Object],"password":[deep Object],"passwordMd5":[deep Object],"logintime":[deep Object],"createtime":[deep Object],"updatetime":[deep Object],"status":[deep Object]}
[info][2017/09/26 19:01:25][function (exports, require, module, __filename, __dirname) ]:base路径： D:/newProject/jsweb/bin
[info][2017/09/26 19:01:25][function (exports, require, module, __filename, __dirname) ]:action文件路径为： /action D:/newProject/jsweb/bin/action
[info][2017/09/26 19:01:25][function (exports, require, module, __filename, __dirname) ]:根文件路径： D:/newProject/jsweb/bin/static_src
[info][2017/09/26 19:01:25][function (exports, require, module, __filename, __dirname) ]:action map {"/ajax/index/getCode":"[object Function]","/ajax/index/insertCode":"[object Function]","/tool/handle/createFile":"[object Function]","/":"/index.html","/proxy":"[object Function]"}
[info][2017/09/26 19:01:25][function (exports, require, module, __filename, __dirname) ]:静态文件路径为 /static_src D:/newProject/jsweb/bin/static_src
[info][2017/09/26 19:01:25][function (exports, require, module, __filename, __dirname) ]:服务器启动在3000端口上,启动消耗 904 ms
[info][2017/09/26 19:02:27][function (callback, weeks, name) ]:[intervalByWeek] 清除日志监听器 下一次启动将在 5 天后
[info][2017/09/26 19:02:27][function (callback, hours, name) ]:[intervalByHour] 打包日志监听器 下一次启动将在 23 小时后
[info][2017/09/26 19:02:27][function () ]:找到sql文件 ["D:/newProject/jsweb/bin/dao/sql/create_t_code.sql","D:/newProject/jsweb/bin/dao/sql/create_t_user.sql"]
[info][2017/09/26 19:02:27][function (file,idx) ]:当前文件 D:/newProject/jsweb/bin/dao/sql/create_t_code.sql 解析出来表为 t_code 成员有 {"id":{"type":"serial","limit":"PRIMARY KEY NOT NULL"},"title":{"type":"varchar","limit":"128"},"content":{"type":"text","limit":""},"turn":{"type":"serial","limit":""},"createtime":{"type":"timestamp","limit":""},"updatetime":{"type":"timestamp","limit":""},"status":{"type":"varchar","limit":"20"}}
[info][2017/09/26 19:02:27][function (file,idx) ]:当前文件 D:/newProject/jsweb/bin/dao/sql/create_t_user.sql 解析出来表为 t_user 成员有 {"id":{"type":"serial","limit":"PRIMARY KEY NOT NULL"},"cardid":{"type":"varchar","limit":"20"},"realname":{"type":"varchar","limit":"64"},"nickname":{"type":"varchar","limit":"64"},"email":{"type":"varchar","limit":"128"},"userType":{"type":"varchar","limit":"64"},"age":{"type":"smallint","limit":""},"brithday":{"type":"timestamp","limit":""},"picture":[deep Object],"address":[deep Object],"mobile":[deep Object],"qq":[deep Object],"sex":[deep Object],"turn":[deep Object],"password":[deep Object],"passwordMd5":[deep Object],"logintime":[deep Object],"createtime":[deep Object],"updatetime":[deep Object],"status":[deep Object]}
[info][2017/09/26 19:02:27][function (exports, require, module, __filename, __dirname) ]:base路径： D:/newProject/jsweb/bin
[info][2017/09/26 19:02:27][function (exports, require, module, __filename, __dirname) ]:action文件路径为： /action D:/newProject/jsweb/bin/action
[info][2017/09/26 19:02:27][function (exports, require, module, __filename, __dirname) ]:根文件路径： D:/newProject/jsweb/bin/static_src
[info][2017/09/26 19:02:27][function (exports, require, module, __filename, __dirname) ]:action map {"/ajax/index/getCode":"[object Function]","/ajax/index/insertCode":"[object Function]","/tool/handle/createFile":"[object Function]","/":"/index.html","/proxy":"[object Function]"}
[info][2017/09/26 19:02:28][function (exports, require, module, __filename, __dirname) ]:静态文件路径为 /static_src D:/newProject/jsweb/bin/static_src
[info][2017/09/26 19:02:28][function (exports, require, module, __filename, __dirname) ]:服务器启动在3000端口上,启动消耗 848 ms
[info][2017/09/26 19:03:19][function (callback, weeks, name) ]:[intervalByWeek] 清除日志监听器 下一次启动将在 5 天后
[info][2017/09/26 19:03:19][function (callback, hours, name) ]:[intervalByHour] 打包日志监听器 下一次启动将在 22.9 小时后
[info][2017/09/26 19:03:19][function () ]:找到sql文件 ["D:/newProject/jsweb/bin/dao/sql/create_t_code.sql","D:/newProject/jsweb/bin/dao/sql/create_t_user.sql"]
[info][2017/09/26 19:03:19][function (file,idx) ]:当前文件 D:/newProject/jsweb/bin/dao/sql/create_t_code.sql 解析出来表为 t_code 成员有 {"id":{"type":"serial","limit":"PRIMARY KEY NOT NULL"},"title":{"type":"varchar","limit":"128"},"content":{"type":"text","limit":""},"turn":{"type":"serial","limit":""},"createtime":{"type":"timestamp","limit":""},"updatetime":{"type":"timestamp","limit":""},"status":{"type":"varchar","limit":"20"}}
[info][2017/09/26 19:03:19][function (file,idx) ]:当前文件 D:/newProject/jsweb/bin/dao/sql/create_t_user.sql 解析出来表为 t_user 成员有 {"id":{"type":"serial","limit":"PRIMARY KEY NOT NULL"},"cardid":{"type":"varchar","limit":"20"},"realname":{"type":"varchar","limit":"64"},"nickname":{"type":"varchar","limit":"64"},"email":{"type":"varchar","limit":"128"},"userType":{"type":"varchar","limit":"64"},"age":{"type":"smallint","limit":""},"brithday":{"type":"timestamp","limit":""},"picture":[deep Object],"address":[deep Object],"mobile":[deep Object],"qq":[deep Object],"sex":[deep Object],"turn":[deep Object],"password":[deep Object],"passwordMd5":[deep Object],"logintime":[deep Object],"createtime":[deep Object],"updatetime":[deep Object],"status":[deep Object]}
[info][2017/09/26 19:03:19][function (exports, require, module, __filename, __dirname) ]:base路径： D:/newProject/jsweb/bin
[info][2017/09/26 19:03:19][function (exports, require, module, __filename, __dirname) ]:action文件路径为： /action D:/newProject/jsweb/bin/action
[info][2017/09/26 19:03:19][function (exports, require, module, __filename, __dirname) ]:根文件路径： D:/newProject/jsweb/bin/static_src
[info][2017/09/26 19:03:19][function (exports, require, module, __filename, __dirname) ]:action map {"/ajax/index/getCode":"[object Function]","/ajax/index/insertCode":"[object Function]","/tool/handle/createFile":"[object Function]","/":"/index.html","/proxy":"[object Function]"}
[info][2017/09/26 19:03:19][function (exports, require, module, __filename, __dirname) ]:静态文件路径为 /static_src D:/newProject/jsweb/bin/static_src
[info][2017/09/26 19:03:19][function (exports, require, module, __filename, __dirname) ]:服务器启动在3000端口上,启动消耗 572 ms
[info][2017/09/26 19:04:06][function (callback, weeks, name) ]:[intervalByWeek] 清除日志监听器 下一次启动将在 5 天后
[info][2017/09/26 19:04:06][function (callback, hours, name) ]:[intervalByHour] 打包日志监听器 下一次启动将在 22.9 小时后
[info][2017/09/26 19:04:06][function () ]:找到sql文件 ["D:/newProject/jsweb/bin/dao/sql/create_t_code.sql","D:/newProject/jsweb/bin/dao/sql/create_t_user.sql"]
[info][2017/09/26 19:04:06][function (file,idx) ]:当前文件 D:/newProject/jsweb/bin/dao/sql/create_t_code.sql 解析出来表为 t_code 成员有 {"id":{"type":"serial","limit":"PRIMARY KEY NOT NULL"},"title":{"type":"varchar","limit":"128"},"content":{"type":"text","limit":""},"turn":{"type":"serial","limit":""},"createtime":{"type":"timestamp","limit":""},"updatetime":{"type":"timestamp","limit":""},"status":{"type":"varchar","limit":"20"}}
[info][2017/09/26 19:04:06][function (file,idx) ]:当前文件 D:/newProject/jsweb/bin/dao/sql/create_t_user.sql 解析出来表为 t_user 成员有 {"id":{"type":"serial","limit":"PRIMARY KEY NOT NULL"},"cardid":{"type":"varchar","limit":"20"},"realname":{"type":"varchar","limit":"64"},"nickname":{"type":"varchar","limit":"64"},"email":{"type":"varchar","limit":"128"},"userType":{"type":"varchar","limit":"64"},"age":{"type":"smallint","limit":""},"brithday":{"type":"timestamp","limit":""},"picture":[deep Object],"address":[deep Object],"mobile":[deep Object],"qq":[deep Object],"sex":[deep Object],"turn":[deep Object],"password":[deep Object],"passwordMd5":[deep Object],"logintime":[deep Object],"createtime":[deep Object],"updatetime":[deep Object],"status":[deep Object]}
[info][2017/09/26 19:04:06][function (exports, require, module, __filename, __dirname) ]:base路径： D:/newProject/jsweb/bin
[info][2017/09/26 19:04:06][function (exports, require, module, __filename, __dirname) ]:action文件路径为： /action D:/newProject/jsweb/bin/action
[info][2017/09/26 19:04:06][function (exports, require, module, __filename, __dirname) ]:根文件路径： D:/newProject/jsweb/bin/static_src
[info][2017/09/26 19:04:07][function (exports, require, module, __filename, __dirname) ]:action map {"/ajax/index/getCode":"[object Function]","/ajax/index/insertCode":"[object Function]","/tool/handle/createFile":"[object Function]","/":"/index.html","/proxy":"[object Function]"}
[info][2017/09/26 19:04:07][function (exports, require, module, __filename, __dirname) ]:静态文件路径为 /static_src D:/newProject/jsweb/bin/static_src
[info][2017/09/26 19:04:07][function (exports, require, module, __filename, __dirname) ]:服务器启动在3000端口上,启动消耗 734 ms
[info][2017/09/26 19:04:51][function (callback, weeks, name) ]:[intervalByWeek] 清除日志监听器 下一次启动将在 5 天后
[info][2017/09/26 19:04:51][function (callback, hours, name) ]:[intervalByHour] 打包日志监听器 下一次启动将在 22.9 小时后
[info][2017/09/26 19:04:51][function () ]:找到sql文件 ["D:/newProject/jsweb/bin/dao/sql/create_t_code.sql","D:/newProject/jsweb/bin/dao/sql/create_t_user.sql"]
[info][2017/09/26 19:04:51][function (file,idx) ]:当前文件 D:/newProject/jsweb/bin/dao/sql/create_t_code.sql 解析出来表为 t_code 成员有 {"id":{"type":"serial","limit":"PRIMARY KEY NOT NULL"},"title":{"type":"varchar","limit":"128"},"content":{"type":"text","limit":""},"turn":{"type":"serial","limit":""},"createtime":{"type":"timestamp","limit":""},"updatetime":{"type":"timestamp","limit":""},"status":{"type":"varchar","limit":"20"}}
[info][2017/09/26 19:04:51][function (file,idx) ]:当前文件 D:/newProject/jsweb/bin/dao/sql/create_t_user.sql 解析出来表为 t_user 成员有 {"id":{"type":"serial","limit":"PRIMARY KEY NOT NULL"},"cardid":{"type":"varchar","limit":"20"},"realname":{"type":"varchar","limit":"64"},"nickname":{"type":"varchar","limit":"64"},"email":{"type":"varchar","limit":"128"},"userType":{"type":"varchar","limit":"64"},"age":{"type":"smallint","limit":""},"brithday":{"type":"timestamp","limit":""},"picture":[deep Object],"address":[deep Object],"mobile":[deep Object],"qq":[deep Object],"sex":[deep Object],"turn":[deep Object],"password":[deep Object],"passwordMd5":[deep Object],"logintime":[deep Object],"createtime":[deep Object],"updatetime":[deep Object],"status":[deep Object]}
[info][2017/09/26 19:04:51][function (exports, require, module, __filename, __dirname) ]:base路径： D:/newProject/jsweb/bin
[info][2017/09/26 19:04:51][function (exports, require, module, __filename, __dirname) ]:action文件路径为： /action D:/newProject/jsweb/bin/action
[info][2017/09/26 19:04:51][function (exports, require, module, __filename, __dirname) ]:根文件路径： D:/newProject/jsweb/bin/static_src
[info][2017/09/26 19:04:51][function (exports, require, module, __filename, __dirname) ]:action map {"/ajax/index/getCode":"[object Function]","/ajax/index/insertCode":"[object Function]","/tool/handle/createFile":"[object Function]","/":"/index.html","/proxy":"[object Function]"}
[info][2017/09/26 19:04:52][function (exports, require, module, __filename, __dirname) ]:静态文件路径为 /static_src D:/newProject/jsweb/bin/static_src
[info][2017/09/26 19:04:52][function (exports, require, module, __filename, __dirname) ]:服务器启动在3000端口上,启动消耗 646 ms
[info][2017/09/26 19:12:18][function (callback, weeks, name) ]:[intervalByWeek] 清除日志监听器 下一次启动将在 5 天后
[info][2017/09/26 19:12:18][function (callback, hours, name) ]:[intervalByHour] 打包日志监听器 下一次启动将在 22.8 小时后
[info][2017/09/26 19:12:18][function () ]:找到sql文件 ["D:/newProject/jsweb/bin/dao/sql/create_t_code.sql","D:/newProject/jsweb/bin/dao/sql/create_t_user.sql"]
[info][2017/09/26 19:12:18][function (file,idx) ]:当前文件 D:/newProject/jsweb/bin/dao/sql/create_t_code.sql 解析出来表为 t_code 成员有 {"id":{"type":"serial","limit":"PRIMARY KEY NOT NULL"},"title":{"type":"varchar","limit":"128"},"content":{"type":"text","limit":""},"turn":{"type":"serial","limit":""},"createtime":{"type":"timestamp","limit":""},"updatetime":{"type":"timestamp","limit":""},"status":{"type":"varchar","limit":"20"}}
[info][2017/09/26 19:12:18][function (file,idx) ]:当前文件 D:/newProject/jsweb/bin/dao/sql/create_t_user.sql 解析出来表为 t_user 成员有 {"id":{"type":"serial","limit":"PRIMARY KEY NOT NULL"},"cardid":{"type":"varchar","limit":"20"},"realname":{"type":"varchar","limit":"64"},"nickname":{"type":"varchar","limit":"64"},"email":{"type":"varchar","limit":"128"},"userType":{"type":"varchar","limit":"64"},"age":{"type":"smallint","limit":""},"brithday":{"type":"timestamp","limit":""},"picture":[deep Object],"address":[deep Object],"mobile":[deep Object],"qq":[deep Object],"sex":[deep Object],"turn":[deep Object],"password":[deep Object],"passwordMd5":[deep Object],"logintime":[deep Object],"createtime":[deep Object],"updatetime":[deep Object],"status":[deep Object]}
[info][2017/09/26 19:12:18][function (exports, require, module, __filename, __dirname) ]:base路径： D:/newProject/jsweb/bin
[info][2017/09/26 19:12:18][function (exports, require, module, __filename, __dirname) ]:action文件路径为： /action D:/newProject/jsweb/bin/action
[info][2017/09/26 19:12:18][function (exports, require, module, __filename, __dirname) ]:根文件路径： D:/newProject/jsweb/bin/static_src
[info][2017/09/26 19:12:18][function (exports, require, module, __filename, __dirname) ]:action map {"/ajax/index/getCode":"[object Function]","/ajax/index/insertCode":"[object Function]","/tool/handle/createFile":"[object Function]","/":"/index.html","/proxy":"[object Function]"}
[info][2017/09/26 19:12:18][function (exports, require, module, __filename, __dirname) ]:静态文件路径为 /static_src D:/newProject/jsweb/bin/static_src
[info][2017/09/26 19:12:18][function (exports, require, module, __filename, __dirname) ]:服务器启动在3000端口上,启动消耗 709 ms
[info][2017/09/26 19:13:02][function (callback, weeks, name) ]:[intervalByWeek] 清除日志监听器 下一次启动将在 5 天后
[info][2017/09/26 19:13:02][function (callback, hours, name) ]:[intervalByHour] 打包日志监听器 下一次启动将在 22.8 小时后
[info][2017/09/26 19:13:02][function () ]:找到sql文件 ["D:/newProject/jsweb/bin/dao/sql/create_t_code.sql","D:/newProject/jsweb/bin/dao/sql/create_t_user.sql"]
[info][2017/09/26 19:13:02][function (file,idx) ]:当前文件 D:/newProject/jsweb/bin/dao/sql/create_t_code.sql 解析出来表为 t_code 成员有 {"id":{"type":"serial","limit":"PRIMARY KEY NOT NULL"},"title":{"type":"varchar","limit":"128"},"content":{"type":"text","limit":""},"turn":{"type":"serial","limit":""},"createtime":{"type":"timestamp","limit":""},"updatetime":{"type":"timestamp","limit":""},"status":{"type":"varchar","limit":"20"}}
[info][2017/09/26 19:13:02][function (file,idx) ]:当前文件 D:/newProject/jsweb/bin/dao/sql/create_t_user.sql 解析出来表为 t_user 成员有 {"id":{"type":"serial","limit":"PRIMARY KEY NOT NULL"},"cardid":{"type":"varchar","limit":"20"},"realname":{"type":"varchar","limit":"64"},"nickname":{"type":"varchar","limit":"64"},"email":{"type":"varchar","limit":"128"},"userType":{"type":"varchar","limit":"64"},"age":{"type":"smallint","limit":""},"brithday":{"type":"timestamp","limit":""},"picture":[deep Object],"address":[deep Object],"mobile":[deep Object],"qq":[deep Object],"sex":[deep Object],"turn":[deep Object],"password":[deep Object],"passwordMd5":[deep Object],"logintime":[deep Object],"createtime":[deep Object],"updatetime":[deep Object],"status":[deep Object]}
[info][2017/09/26 19:13:02][function (exports, require, module, __filename, __dirname) ]:base路径： D:/newProject/jsweb/bin
[info][2017/09/26 19:13:02][function (exports, require, module, __filename, __dirname) ]:action文件路径为： /action D:/newProject/jsweb/bin/action
[info][2017/09/26 19:13:02][function (exports, require, module, __filename, __dirname) ]:根文件路径： D:/newProject/jsweb/bin/static_src
[info][2017/09/26 19:13:02][function (exports, require, module, __filename, __dirname) ]:action map {"/ajax/index/getCode":"[object Function]","/ajax/index/insertCode":"[object Function]","/tool/handle/createFile":"[object Function]","/":"/index.html","/proxy":"[object Function]"}
[info][2017/09/26 19:13:03][function (exports, require, module, __filename, __dirname) ]:静态文件路径为 /static_src D:/newProject/jsweb/bin/static_src
[info][2017/09/26 19:13:03][function (exports, require, module, __filename, __dirname) ]:服务器启动在3000端口上,启动消耗 553 ms
[info][2017/09/26 19:22:48][function (callback, weeks, name) ]:[intervalByWeek] 清除日志监听器 下一次启动将在 5 天后
[info][2017/09/26 19:22:48][function (callback, hours, name) ]:[intervalByHour] 打包日志监听器 下一次启动将在 22.6 小时后
[info][2017/09/26 19:22:48][function () ]:找到sql文件 ["D:/newProject/jsweb/bin/dao/sql/create_t_code.sql","D:/newProject/jsweb/bin/dao/sql/create_t_user.sql"]
[info][2017/09/26 19:22:48][function (file,idx) ]:当前文件 D:/newProject/jsweb/bin/dao/sql/create_t_code.sql 解析出来表为 t_code 成员有 {"id":{"type":"serial","limit":"PRIMARY KEY NOT NULL"},"title":{"type":"varchar","limit":"128"},"content":{"type":"text","limit":""},"turn":{"type":"serial","limit":""},"createtime":{"type":"timestamp","limit":""},"updatetime":{"type":"timestamp","limit":""},"status":{"type":"varchar","limit":"20"}}
[info][2017/09/26 19:22:48][function (file,idx) ]:当前文件 D:/newProject/jsweb/bin/dao/sql/create_t_user.sql 解析出来表为 t_user 成员有 {"id":{"type":"serial","limit":"PRIMARY KEY NOT NULL"},"cardid":{"type":"varchar","limit":"20"},"realname":{"type":"varchar","limit":"64"},"nickname":{"type":"varchar","limit":"64"},"email":{"type":"varchar","limit":"128"},"userType":{"type":"varchar","limit":"64"},"age":{"type":"smallint","limit":""},"brithday":{"type":"timestamp","limit":""},"picture":[deep Object],"address":[deep Object],"mobile":[deep Object],"qq":[deep Object],"sex":[deep Object],"turn":[deep Object],"password":[deep Object],"passwordMd5":[deep Object],"logintime":[deep Object],"createtime":[deep Object],"updatetime":[deep Object],"status":[deep Object]}
[info][2017/09/26 19:22:48][function (exports, require, module, __filename, __dirname) ]:base路径： D:/newProject/jsweb/bin
[info][2017/09/26 19:22:48][function (exports, require, module, __filename, __dirname) ]:action文件路径为： /action D:/newProject/jsweb/bin/action
[info][2017/09/26 19:22:48][function (exports, require, module, __filename, __dirname) ]:根文件路径： D:/newProject/jsweb/bin/static_src
[info][2017/09/26 19:22:48][function (exports, require, module, __filename, __dirname) ]:action map {"/ajax/index/getCode":"[object Function]","/ajax/index/insertCode":"[object Function]","/tool/handle/createFile":"[object Function]","/":"/index.html","/proxy":"[object Function]"}
[info][2017/09/26 19:22:48][function (exports, require, module, __filename, __dirname) ]:静态文件路径为 /static_src D:/newProject/jsweb/bin/static_src
[info][2017/09/26 19:22:48][function (exports, require, module, __filename, __dirname) ]:服务器启动在3000端口上,启动消耗 576 ms
[info][2017/09/26 20:00:05][function (callback, weeks, name) ]:[intervalByWeek] 清除日志监听器 下一次启动将在 5 天后
[info][2017/09/26 20:00:05][function (callback, hours, name) ]:[intervalByHour] 打包日志监听器 下一次启动将在 22 小时后
[info][2017/09/26 20:00:05][function () ]:找到sql文件 ["D:/newProject/jsweb/bin/dao/sql/create_t_code.sql","D:/newProject/jsweb/bin/dao/sql/create_t_user.sql"]
[info][2017/09/26 20:00:05][function (file,idx) ]:当前文件 D:/newProject/jsweb/bin/dao/sql/create_t_code.sql 解析出来表为 t_code 成员有 {"id":{"type":"serial","limit":"PRIMARY KEY NOT NULL"},"title":{"type":"varchar","limit":"128"},"content":{"type":"text","limit":""},"turn":{"type":"serial","limit":""},"createtime":{"type":"timestamp","limit":""},"updatetime":{"type":"timestamp","limit":""},"status":{"type":"varchar","limit":"20"}}
[info][2017/09/26 20:00:05][function (file,idx) ]:当前文件 D:/newProject/jsweb/bin/dao/sql/create_t_user.sql 解析出来表为 t_user 成员有 {"id":{"type":"serial","limit":"PRIMARY KEY NOT NULL"},"cardid":{"type":"varchar","limit":"20"},"realname":{"type":"varchar","limit":"64"},"nickname":{"type":"varchar","limit":"64"},"email":{"type":"varchar","limit":"128"},"userType":{"type":"varchar","limit":"64"},"age":{"type":"smallint","limit":""},"brithday":{"type":"timestamp","limit":""},"picture":[deep Object],"address":[deep Object],"mobile":[deep Object],"qq":[deep Object],"sex":[deep Object],"turn":[deep Object],"password":[deep Object],"passwordMd5":[deep Object],"logintime":[deep Object],"createtime":[deep Object],"updatetime":[deep Object],"status":[deep Object]}
[info][2017/09/26 20:00:05][function (exports, require, module, __filename, __dirname) ]:base路径： D:/newProject/jsweb/bin
[info][2017/09/26 20:00:05][function (exports, require, module, __filename, __dirname) ]:action文件路径为： /action D:/newProject/jsweb/bin/action
[info][2017/09/26 20:00:05][function (exports, require, module, __filename, __dirname) ]:根文件路径： D:/newProject/jsweb/bin/static_src
[info][2017/09/26 20:00:05][function (exports, require, module, __filename, __dirname) ]:action map {"/ajax/index/getCode":"[object Function]","/ajax/index/insertCode":"[object Function]","/tool/handle/createFile":"[object Function]","/":"/index.html","/proxy":"[object Function]"}
[info][2017/09/26 20:00:05][function (exports, require, module, __filename, __dirname) ]:静态文件路径为 /static_src D:/newProject/jsweb/bin/static_src
[info][2017/09/26 20:00:05][function (exports, require, module, __filename, __dirname) ]:服务器启动在3000端口上,启动消耗 729 ms
[info][2017/09/26 20:00:28][function (callback, weeks, name) ]:[intervalByWeek] 清除日志监听器 下一次启动将在 5 天后
[info][2017/09/26 20:00:28][function (callback, hours, name) ]:[intervalByHour] 打包日志监听器 下一次启动将在 22 小时后
[info][2017/09/26 20:00:28][function () ]:找到sql文件 ["D:/newProject/jsweb/bin/dao/sql/create_t_code.sql","D:/newProject/jsweb/bin/dao/sql/create_t_user.sql"]
[info][2017/09/26 20:00:28][function (file,idx) ]:当前文件 D:/newProject/jsweb/bin/dao/sql/create_t_code.sql 解析出来表为 t_code 成员有 {"id":{"type":"serial","limit":"PRIMARY KEY NOT NULL"},"title":{"type":"varchar","limit":"128"},"content":{"type":"text","limit":""},"turn":{"type":"serial","limit":""},"createtime":{"type":"timestamp","limit":""},"updatetime":{"type":"timestamp","limit":""},"status":{"type":"varchar","limit":"20"}}
[info][2017/09/26 20:00:28][function (file,idx) ]:当前文件 D:/newProject/jsweb/bin/dao/sql/create_t_user.sql 解析出来表为 t_user 成员有 {"id":{"type":"serial","limit":"PRIMARY KEY NOT NULL"},"cardid":{"type":"varchar","limit":"20"},"realname":{"type":"varchar","limit":"64"},"nickname":{"type":"varchar","limit":"64"},"email":{"type":"varchar","limit":"128"},"userType":{"type":"varchar","limit":"64"},"age":{"type":"smallint","limit":""},"brithday":{"type":"timestamp","limit":""},"picture":[deep Object],"address":[deep Object],"mobile":[deep Object],"qq":[deep Object],"sex":[deep Object],"turn":[deep Object],"password":[deep Object],"passwordMd5":[deep Object],"logintime":[deep Object],"createtime":[deep Object],"updatetime":[deep Object],"status":[deep Object]}
[info][2017/09/26 20:00:28][function (exports, require, module, __filename, __dirname) ]:base路径： D:/newProject/jsweb/bin
[info][2017/09/26 20:00:28][function (exports, require, module, __filename, __dirname) ]:action文件路径为： /action D:/newProject/jsweb/bin/action
[info][2017/09/26 20:00:28][function (exports, require, module, __filename, __dirname) ]:根文件路径： D:/newProject/jsweb/bin/static_src
[info][2017/09/26 20:00:28][function (exports, require, module, __filename, __dirname) ]:action map {"/ajax/index/getCode":"[object Function]","/ajax/index/insertCode":"[object Function]","/tool/handle/createFile":"[object Function]","/":"/index.html","/proxy":"[object Function]"}
[info][2017/09/26 20:00:29][function (exports, require, module, __filename, __dirname) ]:静态文件路径为 /static_src D:/newProject/jsweb/bin/static_src
[info][2017/09/26 20:00:29][function (exports, require, module, __filename, __dirname) ]:服务器启动在3000端口上,启动消耗 860 ms
[info][2017/09/26 20:01:45][function (callback, weeks, name) ]:[intervalByWeek] 清除日志监听器 下一次启动将在 5 天后
[info][2017/09/26 20:01:45][function (callback, hours, name) ]:[intervalByHour] 打包日志监听器 下一次启动将在 22 小时后
[info][2017/09/26 20:01:45][function () ]:找到sql文件 ["D:/newProject/jsweb/bin/dao/sql/create_t_code.sql","D:/newProject/jsweb/bin/dao/sql/create_t_user.sql"]
[info][2017/09/26 20:01:45][function (file,idx) ]:当前文件 D:/newProject/jsweb/bin/dao/sql/create_t_code.sql 解析出来表为 t_code 成员有 {"id":{"type":"serial","limit":"PRIMARY KEY NOT NULL"},"title":{"type":"varchar","limit":"128"},"content":{"type":"text","limit":""},"turn":{"type":"serial","limit":""},"createtime":{"type":"timestamp","limit":""},"updatetime":{"type":"timestamp","limit":""},"status":{"type":"varchar","limit":"20"}}
[info][2017/09/26 20:01:45][function (file,idx) ]:当前文件 D:/newProject/jsweb/bin/dao/sql/create_t_user.sql 解析出来表为 t_user 成员有 {"id":{"type":"serial","limit":"PRIMARY KEY NOT NULL"},"cardid":{"type":"varchar","limit":"20"},"realname":{"type":"varchar","limit":"64"},"nickname":{"type":"varchar","limit":"64"},"email":{"type":"varchar","limit":"128"},"userType":{"type":"varchar","limit":"64"},"age":{"type":"smallint","limit":""},"brithday":{"type":"timestamp","limit":""},"picture":[deep Object],"address":[deep Object],"mobile":[deep Object],"qq":[deep Object],"sex":[deep Object],"turn":[deep Object],"password":[deep Object],"passwordMd5":[deep Object],"logintime":[deep Object],"createtime":[deep Object],"updatetime":[deep Object],"status":[deep Object]}
[info][2017/09/26 20:01:45][function (exports, require, module, __filename, __dirname) ]:base路径： D:/newProject/jsweb/bin
[info][2017/09/26 20:01:45][function (exports, require, module, __filename, __dirname) ]:action文件路径为： /action D:/newProject/jsweb/bin/action
[info][2017/09/26 20:01:45][function (exports, require, module, __filename, __dirname) ]:根文件路径： D:/newProject/jsweb/bin/static_src
[info][2017/09/26 20:01:45][function (exports, require, module, __filename, __dirname) ]:action map {"/ajax/index/getCode":"[object Function]","/ajax/index/insertCode":"[object Function]","/tool/handle/createFile":"[object Function]","/":"/index.html","/proxy":"[object Function]"}
[info][2017/09/26 20:01:45][function (exports, require, module, __filename, __dirname) ]:静态文件路径为 /static_src D:/newProject/jsweb/bin/static_src
[info][2017/09/26 20:01:45][function (exports, require, module, __filename, __dirname) ]:服务器启动在3000端口上,启动消耗 778 ms
[info][2017/09/26 20:48:07][function (callback, weeks, name) ]:[intervalByWeek] 清除日志监听器 下一次启动将在 5 天后
[info][2017/09/26 20:48:07][function (callback, hours, name) ]:[intervalByHour] 打包日志监听器 下一次启动将在 21.2 小时后
[info][2017/09/26 20:48:07][function () ]:找到sql文件 ["D:/newProject/jsweb/bin/dao/sql/create_t_code.sql","D:/newProject/jsweb/bin/dao/sql/create_t_user.sql"]
[info][2017/09/26 20:48:07][function (file,idx) ]:当前文件 D:/newProject/jsweb/bin/dao/sql/create_t_code.sql 解析出来表为 t_code 成员有 {"id":{"type":"serial","limit":"PRIMARY KEY NOT NULL"},"title":{"type":"varchar","limit":"128"},"content":{"type":"text","limit":""},"turn":{"type":"serial","limit":""},"createtime":{"type":"timestamp","limit":""},"updatetime":{"type":"timestamp","limit":""},"status":{"type":"varchar","limit":"20"}}
[info][2017/09/26 20:48:07][function (file,idx) ]:当前文件 D:/newProject/jsweb/bin/dao/sql/create_t_user.sql 解析出来表为 t_user 成员有 {"id":{"type":"serial","limit":"PRIMARY KEY NOT NULL"},"cardid":{"type":"varchar","limit":"20"},"realname":{"type":"varchar","limit":"64"},"nickname":{"type":"varchar","limit":"64"},"email":{"type":"varchar","limit":"128"},"userType":{"type":"varchar","limit":"64"},"age":{"type":"smallint","limit":""},"brithday":{"type":"timestamp","limit":""},"picture":[deep Object],"address":[deep Object],"mobile":[deep Object],"qq":[deep Object],"sex":[deep Object],"turn":[deep Object],"password":[deep Object],"passwordMd5":[deep Object],"logintime":[deep Object],"createtime":[deep Object],"updatetime":[deep Object],"status":[deep Object]}
[info][2017/09/26 20:48:07][function (exports, require, module, __filename, __dirname) ]:base路径： D:/newProject/jsweb/bin
[info][2017/09/26 20:48:07][function (exports, require, module, __filename, __dirname) ]:action文件路径为： /action D:/newProject/jsweb/bin/action
[info][2017/09/26 20:48:07][function (exports, require, module, __filename, __dirname) ]:根文件路径： D:/newProject/jsweb/bin/static_src
[info][2017/09/26 20:48:07][function (exports, require, module, __filename, __dirname) ]:action map {"/ajax/index/getCode":"[object Function]","/ajax/index/insertCode":"[object Function]","/tool/handle/createFile":"[object Function]","/":"/index.html","/proxy":"[object Function]"}
[info][2017/09/26 20:48:07][function (exports, require, module, __filename, __dirname) ]:静态文件路径为 /static_src D:/newProject/jsweb/bin/static_src
[info][2017/09/26 20:48:07][function (exports, require, module, __filename, __dirname) ]:服务器启动在3000端口上,启动消耗 770 ms
[info][2017/09/26 20:55:28][function (callback, weeks, name) ]:[intervalByWeek] 清除日志监听器 下一次启动将在 5 天后
[info][2017/09/26 20:55:28][function (callback, hours, name) ]:[intervalByHour] 打包日志监听器 下一次启动将在 21.1 小时后
[info][2017/09/26 20:55:28][function () ]:找到sql文件 ["D:/newProject/jsweb/bin/dao/sql/create_t_code.sql","D:/newProject/jsweb/bin/dao/sql/create_t_user.sql"]
[info][2017/09/26 20:55:28][function (file,idx) ]:当前文件 D:/newProject/jsweb/bin/dao/sql/create_t_code.sql 解析出来表为 t_code 成员有 {"id":{"type":"serial","limit":"PRIMARY KEY NOT NULL"},"title":{"type":"varchar","limit":"128"},"content":{"type":"text","limit":""},"turn":{"type":"serial","limit":""},"createtime":{"type":"timestamp","limit":""},"updatetime":{"type":"timestamp","limit":""},"status":{"type":"varchar","limit":"20"}}
[info][2017/09/26 20:55:28][function (file,idx) ]:当前文件 D:/newProject/jsweb/bin/dao/sql/create_t_user.sql 解析出来表为 t_user 成员有 {"id":{"type":"serial","limit":"PRIMARY KEY NOT NULL"},"cardid":{"type":"varchar","limit":"20"},"realname":{"type":"varchar","limit":"64"},"nickname":{"type":"varchar","limit":"64"},"email":{"type":"varchar","limit":"128"},"userType":{"type":"varchar","limit":"64"},"age":{"type":"smallint","limit":""},"brithday":{"type":"timestamp","limit":""},"picture":[deep Object],"address":[deep Object],"mobile":[deep Object],"qq":[deep Object],"sex":[deep Object],"turn":[deep Object],"password":[deep Object],"passwordMd5":[deep Object],"logintime":[deep Object],"createtime":[deep Object],"updatetime":[deep Object],"status":[deep Object]}
[info][2017/09/26 20:55:28][function (exports, require, module, __filename, __dirname) ]:base路径： D:/newProject/jsweb/bin
[info][2017/09/26 20:55:28][function (exports, require, module, __filename, __dirname) ]:action文件路径为： /action D:/newProject/jsweb/bin/action
[info][2017/09/26 20:55:28][function (exports, require, module, __filename, __dirname) ]:根文件路径： D:/newProject/jsweb/bin/static_src
[info][2017/09/26 20:55:28][function (exports, require, module, __filename, __dirname) ]:action map {"/ajax/index/getCode":"[object Function]","/ajax/index/insertCode":"[object Function]","/tool/handle/createFile":"[object Function]","/":"/index.html","/proxy":"[object Function]"}
[info][2017/09/26 20:55:29][function (exports, require, module, __filename, __dirname) ]:静态文件路径为 /static_src D:/newProject/jsweb/bin/static_src
[info][2017/09/26 20:55:29][function (exports, require, module, __filename, __dirname) ]:服务器启动在3000端口上,启动消耗 880 ms
[info][2017/09/26 20:55:55][function (callback, weeks, name) ]:[intervalByWeek] 清除日志监听器 下一次启动将在 5 天后
[info][2017/09/26 20:55:55][function (callback, hours, name) ]:[intervalByHour] 打包日志监听器 下一次启动将在 21.1 小时后
[info][2017/09/26 20:55:55][function () ]:找到sql文件 ["D:/newProject/jsweb/bin/dao/sql/create_t_code.sql","D:/newProject/jsweb/bin/dao/sql/create_t_user.sql"]
[info][2017/09/26 20:55:55][function (file,idx) ]:当前文件 D:/newProject/jsweb/bin/dao/sql/create_t_code.sql 解析出来表为 t_code 成员有 {"id":{"type":"serial","limit":"PRIMARY KEY NOT NULL"},"title":{"type":"varchar","limit":"128"},"content":{"type":"text","limit":""},"turn":{"type":"serial","limit":""},"createtime":{"type":"timestamp","limit":""},"updatetime":{"type":"timestamp","limit":""},"status":{"type":"varchar","limit":"20"}}
[info][2017/09/26 20:55:55][function (file,idx) ]:当前文件 D:/newProject/jsweb/bin/dao/sql/create_t_user.sql 解析出来表为 t_user 成员有 {"id":{"type":"serial","limit":"PRIMARY KEY NOT NULL"},"cardid":{"type":"varchar","limit":"20"},"realname":{"type":"varchar","limit":"64"},"nickname":{"type":"varchar","limit":"64"},"email":{"type":"varchar","limit":"128"},"userType":{"type":"varchar","limit":"64"},"age":{"type":"smallint","limit":""},"brithday":{"type":"timestamp","limit":""},"picture":[deep Object],"address":[deep Object],"mobile":[deep Object],"qq":[deep Object],"sex":[deep Object],"turn":[deep Object],"password":[deep Object],"passwordMd5":[deep Object],"logintime":[deep Object],"createtime":[deep Object],"updatetime":[deep Object],"status":[deep Object]}
[info][2017/09/26 20:55:56][function (exports, require, module, __filename, __dirname) ]:base路径： D:/newProject/jsweb/bin
[info][2017/09/26 20:55:56][function (exports, require, module, __filename, __dirname) ]:action文件路径为： /action D:/newProject/jsweb/bin/action
[info][2017/09/26 20:55:56][function (exports, require, module, __filename, __dirname) ]:根文件路径： D:/newProject/jsweb/bin/static_src
[info][2017/09/26 20:55:56][function (exports, require, module, __filename, __dirname) ]:action map {"/ajax/index/getCode":"[object Function]","/ajax/index/insertCode":"[object Function]","/tool/handle/createFile":"[object Function]","/":"/index.html","/proxy":"[object Function]"}
[info][2017/09/26 20:55:56][function (exports, require, module, __filename, __dirname) ]:静态文件路径为 /static_src D:/newProject/jsweb/bin/static_src
[info][2017/09/26 20:55:56][function (exports, require, module, __filename, __dirname) ]:服务器启动在3000端口上,启动消耗 943 ms
[info][2017/09/26 20:56:28][function (callback, weeks, name) ]:[intervalByWeek] 清除日志监听器 下一次启动将在 5 天后
[info][2017/09/26 20:56:28][function (callback, hours, name) ]:[intervalByHour] 打包日志监听器 下一次启动将在 21.1 小时后
[info][2017/09/26 20:56:28][function () ]:找到sql文件 ["D:/newProject/jsweb/bin/dao/sql/create_t_code.sql","D:/newProject/jsweb/bin/dao/sql/create_t_user.sql"]
[info][2017/09/26 20:56:28][function (file,idx) ]:当前文件 D:/newProject/jsweb/bin/dao/sql/create_t_code.sql 解析出来表为 t_code 成员有 {"id":{"type":"serial","limit":"PRIMARY KEY NOT NULL"},"title":{"type":"varchar","limit":"128"},"content":{"type":"text","limit":""},"turn":{"type":"serial","limit":""},"createtime":{"type":"timestamp","limit":""},"updatetime":{"type":"timestamp","limit":""},"status":{"type":"varchar","limit":"20"}}
[info][2017/09/26 20:56:28][function (file,idx) ]:当前文件 D:/newProject/jsweb/bin/dao/sql/create_t_user.sql 解析出来表为 t_user 成员有 {"id":{"type":"serial","limit":"PRIMARY KEY NOT NULL"},"cardid":{"type":"varchar","limit":"20"},"realname":{"type":"varchar","limit":"64"},"nickname":{"type":"varchar","limit":"64"},"email":{"type":"varchar","limit":"128"},"userType":{"type":"varchar","limit":"64"},"age":{"type":"smallint","limit":""},"brithday":{"type":"timestamp","limit":""},"picture":[deep Object],"address":[deep Object],"mobile":[deep Object],"qq":[deep Object],"sex":[deep Object],"turn":[deep Object],"password":[deep Object],"passwordMd5":[deep Object],"logintime":[deep Object],"createtime":[deep Object],"updatetime":[deep Object],"status":[deep Object]}
[info][2017/09/26 20:56:28][function (exports, require, module, __filename, __dirname) ]:base路径： D:/newProject/jsweb/bin
[info][2017/09/26 20:56:28][function (exports, require, module, __filename, __dirname) ]:action文件路径为： /action D:/newProject/jsweb/bin/action
[info][2017/09/26 20:56:28][function (exports, require, module, __filename, __dirname) ]:根文件路径： D:/newProject/jsweb/bin/static_src
[info][2017/09/26 20:56:28][function (exports, require, module, __filename, __dirname) ]:action map {"/ajax/index/getCode":"[object Function]","/ajax/index/insertCode":"[object Function]","/tool/handle/createFile":"[object Function]","/":"/index.html","/proxy":"[object Function]"}
[info][2017/09/26 20:56:29][function (exports, require, module, __filename, __dirname) ]:静态文件路径为 /static_src D:/newProject/jsweb/bin/static_src
[info][2017/09/26 20:56:29][function (exports, require, module, __filename, __dirname) ]:服务器启动在3000端口上,启动消耗 776 ms
[info][2017/09/26 20:58:05][function (callback, weeks, name) ]:[intervalByWeek] 清除日志监听器 下一次启动将在 5 天后
[info][2017/09/26 20:58:05][function (callback, hours, name) ]:[intervalByHour] 打包日志监听器 下一次启动将在 21 小时后
[info][2017/09/26 20:58:05][function () ]:找到sql文件 ["D:/newProject/jsweb/bin/dao/sql/create_t_code.sql","D:/newProject/jsweb/bin/dao/sql/create_t_user.sql"]
[info][2017/09/26 20:58:05][function (file,idx) ]:当前文件 D:/newProject/jsweb/bin/dao/sql/create_t_code.sql 解析出来表为 t_code 成员有 {"id":{"type":"serial","limit":"PRIMARY KEY NOT NULL"},"title":{"type":"varchar","limit":"128"},"content":{"type":"text","limit":""},"turn":{"type":"serial","limit":""},"createtime":{"type":"timestamp","limit":""},"updatetime":{"type":"timestamp","limit":""},"status":{"type":"varchar","limit":"20"}}
[info][2017/09/26 20:58:05][function (file,idx) ]:当前文件 D:/newProject/jsweb/bin/dao/sql/create_t_user.sql 解析出来表为 t_user 成员有 {"id":{"type":"serial","limit":"PRIMARY KEY NOT NULL"},"cardid":{"type":"varchar","limit":"20"},"realname":{"type":"varchar","limit":"64"},"nickname":{"type":"varchar","limit":"64"},"email":{"type":"varchar","limit":"128"},"userType":{"type":"varchar","limit":"64"},"age":{"type":"smallint","limit":""},"brithday":{"type":"timestamp","limit":""},"picture":[deep Object],"address":[deep Object],"mobile":[deep Object],"qq":[deep Object],"sex":[deep Object],"turn":[deep Object],"password":[deep Object],"passwordMd5":[deep Object],"logintime":[deep Object],"createtime":[deep Object],"updatetime":[deep Object],"status":[deep Object]}
[info][2017/09/26 20:58:05][function (exports, require, module, __filename, __dirname) ]:base路径： D:/newProject/jsweb/bin
[info][2017/09/26 20:58:05][function (exports, require, module, __filename, __dirname) ]:action文件路径为： /action D:/newProject/jsweb/bin/action
[info][2017/09/26 20:58:05][function (exports, require, module, __filename, __dirname) ]:根文件路径： D:/newProject/jsweb/bin/static_src
[info][2017/09/26 20:58:05][function (exports, require, module, __filename, __dirname) ]:action map {"/ajax/index/getCode":"[object Function]","/ajax/index/insertCode":"[object Function]","/tool/handle/createFile":"[object Function]","/":"/index.html","/proxy":"[object Function]"}
[info][2017/09/26 20:58:06][function (exports, require, module, __filename, __dirname) ]:静态文件路径为 /static_src D:/newProject/jsweb/bin/static_src
[info][2017/09/26 20:58:06][function (exports, require, module, __filename, __dirname) ]:服务器启动在3000端口上,启动消耗 939 ms
[info][2017/09/27 07:46:46][function (callback, weeks, name) ]:[intervalByWeek] 清除日志监听器 下一次启动将在 4 天后
[info][2017/09/27 07:46:46][function (callback, hours, name) ]:[intervalByHour] 打包日志监听器 下一次启动将在 0.2 小时后
[info][2017/09/27 07:46:46][function () ]:找到sql文件 ["D:/newProject/jsweb/bin/dao/sql/create_t_code.sql","D:/newProject/jsweb/bin/dao/sql/create_t_user.sql"]
[info][2017/09/27 07:46:46][function (file,idx) ]:当前文件 D:/newProject/jsweb/bin/dao/sql/create_t_code.sql 解析出来表为 t_code 成员有 {"id":{"type":"serial","limit":"PRIMARY KEY NOT NULL"},"title":{"type":"varchar","limit":"128"},"content":{"type":"text","limit":""},"turn":{"type":"serial","limit":""},"createtime":{"type":"timestamp","limit":""},"updatetime":{"type":"timestamp","limit":""},"status":{"type":"varchar","limit":"20"}}
[info][2017/09/27 07:46:46][function (file,idx) ]:当前文件 D:/newProject/jsweb/bin/dao/sql/create_t_user.sql 解析出来表为 t_user 成员有 {"id":{"type":"serial","limit":"PRIMARY KEY NOT NULL"},"cardid":{"type":"varchar","limit":"20"},"realname":{"type":"varchar","limit":"64"},"nickname":{"type":"varchar","limit":"64"},"email":{"type":"varchar","limit":"128"},"userType":{"type":"varchar","limit":"64"},"age":{"type":"smallint","limit":""},"brithday":{"type":"timestamp","limit":""},"picture":[deep Object],"address":[deep Object],"mobile":[deep Object],"qq":[deep Object],"sex":[deep Object],"turn":[deep Object],"password":[deep Object],"passwordMd5":[deep Object],"logintime":[deep Object],"createtime":[deep Object],"updatetime":[deep Object],"status":[deep Object]}
[info][2017/09/27 07:46:46][function (exports, require, module, __filename, __dirname) ]:base路径： D:/newProject/jsweb/bin
[info][2017/09/27 07:46:46][function (exports, require, module, __filename, __dirname) ]:action文件路径为： /action D:/newProject/jsweb/bin/action
[info][2017/09/27 07:46:46][function (exports, require, module, __filename, __dirname) ]:根文件路径： D:/newProject/jsweb/bin/senlin
[info][2017/09/27 07:46:47][function (exports, require, module, __filename, __dirname) ]:action map {"/ajax/index/getCode":"[object Function]","/ajax/index/insertCode":"[object Function]","/tool/handle/createFile":"[object Function]","/":"/index.html","/proxy":"[object Function]"}
[info][2017/09/27 07:46:47][function (exports, require, module, __filename, __dirname) ]:静态文件路径为 /senlin D:/newProject/jsweb/bin/senlin
[info][2017/09/27 07:46:47][function (exports, require, module, __filename, __dirname) ]:服务器启动在3000端口上,启动消耗 2693 ms
[info][2017/09/27 07:54:11][function (callback, weeks, name) ]:[intervalByWeek] 清除日志监听器 下一次启动将在 4 天后
[info][2017/09/27 07:54:11][function (callback, hours, name) ]:[intervalByHour] 打包日志监听器 下一次启动将在 0.1 小时后
[info][2017/09/27 07:54:11][function () ]:找到sql文件 ["D:/newProject/jsweb/bin/dao/sql/create_t_code.sql","D:/newProject/jsweb/bin/dao/sql/create_t_user.sql"]
[info][2017/09/27 07:54:11][function (file,idx) ]:当前文件 D:/newProject/jsweb/bin/dao/sql/create_t_code.sql 解析出来表为 t_code 成员有 {"id":{"type":"serial","limit":"PRIMARY KEY NOT NULL"},"title":{"type":"varchar","limit":"128"},"content":{"type":"text","limit":""},"turn":{"type":"serial","limit":""},"createtime":{"type":"timestamp","limit":""},"updatetime":{"type":"timestamp","limit":""},"status":{"type":"varchar","limit":"20"}}
[info][2017/09/27 07:54:11][function (file,idx) ]:当前文件 D:/newProject/jsweb/bin/dao/sql/create_t_user.sql 解析出来表为 t_user 成员有 {"id":{"type":"serial","limit":"PRIMARY KEY NOT NULL"},"cardid":{"type":"varchar","limit":"20"},"realname":{"type":"varchar","limit":"64"},"nickname":{"type":"varchar","limit":"64"},"email":{"type":"varchar","limit":"128"},"userType":{"type":"varchar","limit":"64"},"age":{"type":"smallint","limit":""},"brithday":{"type":"timestamp","limit":""},"picture":[deep Object],"address":[deep Object],"mobile":[deep Object],"qq":[deep Object],"sex":[deep Object],"turn":[deep Object],"password":[deep Object],"passwordMd5":[deep Object],"logintime":[deep Object],"createtime":[deep Object],"updatetime":[deep Object],"status":[deep Object]}
[info][2017/09/27 07:54:11][function (exports, require, module, __filename, __dirname) ]:base路径： D:/newProject/jsweb/bin
[info][2017/09/27 07:54:11][function (exports, require, module, __filename, __dirname) ]:action文件路径为： /action D:/newProject/jsweb/bin/action
[info][2017/09/27 07:54:11][function (exports, require, module, __filename, __dirname) ]:根文件路径： D:/newProject/jsweb/bin/senlin
[info][2017/09/27 07:54:11][function (exports, require, module, __filename, __dirname) ]:action map {"/ajax/index/getCode":"[object Function]","/ajax/index/insertCode":"[object Function]","/tool/handle/createFile":"[object Function]","/":"/index.html","/proxy":"[object Function]"}
[info][2017/09/27 07:54:11][function (exports, require, module, __filename, __dirname) ]:静态文件路径为 /senlin D:/newProject/jsweb/bin/senlin
[info][2017/09/27 07:54:11][function (exports, require, module, __filename, __dirname) ]:服务器启动在3000端口上,启动消耗 636 ms
[info][2017/09/27 08:00:00][function (callback, hours, name) ]:[intervalByHour]  下一次启动将在 4 小时后
[info][2017/09/27 12:35:10][function (callback, weeks, name) ]:[intervalByWeek] 清除日志监听器 下一次启动将在 4 天后
[info][2017/09/27 12:35:10][function (callback, hours, name) ]:[intervalByHour] 打包日志监听器 下一次启动将在 5.4 小时后
[info][2017/09/27 12:35:10][function () ]:找到sql文件 ["D:/newProject/jsweb/bin/dao/sql/create_t_code.sql","D:/newProject/jsweb/bin/dao/sql/create_t_user.sql"]
[info][2017/09/27 12:35:10][function (file,idx) ]:当前文件 D:/newProject/jsweb/bin/dao/sql/create_t_code.sql 解析出来表为 t_code 成员有 {"id":{"type":"serial","limit":"PRIMARY KEY NOT NULL"},"title":{"type":"varchar","limit":"128"},"content":{"type":"text","limit":""},"turn":{"type":"serial","limit":""},"createtime":{"type":"timestamp","limit":""},"updatetime":{"type":"timestamp","limit":""},"status":{"type":"varchar","limit":"20"}}
[info][2017/09/27 12:35:10][function (file,idx) ]:当前文件 D:/newProject/jsweb/bin/dao/sql/create_t_user.sql 解析出来表为 t_user 成员有 {"id":{"type":"serial","limit":"PRIMARY KEY NOT NULL"},"cardid":{"type":"varchar","limit":"20"},"realname":{"type":"varchar","limit":"64"},"nickname":{"type":"varchar","limit":"64"},"email":{"type":"varchar","limit":"128"},"userType":{"type":"varchar","limit":"64"},"age":{"type":"smallint","limit":""},"brithday":{"type":"timestamp","limit":""},"picture":[deep Object],"address":[deep Object],"mobile":[deep Object],"qq":[deep Object],"sex":[deep Object],"turn":[deep Object],"password":[deep Object],"passwordMd5":[deep Object],"logintime":[deep Object],"createtime":[deep Object],"updatetime":[deep Object],"status":[deep Object]}
[info][2017/09/27 12:35:10][function (exports, require, module, __filename, __dirname) ]:base路径： D:/newProject/jsweb/bin
[info][2017/09/27 12:35:10][function (exports, require, module, __filename, __dirname) ]:action文件路径为： /action D:/newProject/jsweb/bin/action
[info][2017/09/27 12:35:10][function (exports, require, module, __filename, __dirname) ]:根文件路径： D:/newProject/jsweb/bin/senlin
[info][2017/09/27 12:35:10][function (exports, require, module, __filename, __dirname) ]:action map {"/ajax/index/getCode":"[object Function]","/ajax/index/insertCode":"[object Function]","/tool/handle/createFile":"[object Function]","/":"/index.html","/proxy":"[object Function]"}
[info][2017/09/27 12:35:11][function (exports, require, module, __filename, __dirname) ]:静态文件路径为 /senlin D:/newProject/jsweb/bin/senlin
[info][2017/09/27 12:35:11][function (exports, require, module, __filename, __dirname) ]:服务器启动在3000端口上,启动消耗 2869 ms
[info][2017/09/27 21:22:09][function (callback, weeks, name) ]:[intervalByWeek] 清除日志监听器 下一次启动将在 4 天后
[info][2017/09/27 21:22:09][function (callback, hours, name) ]:[intervalByHour] 打包日志监听器 下一次启动将在 20.6 小时后
[info][2017/09/27 21:22:09][function () ]:找到sql文件 ["D:/newProject/jsweb/bin/dao/sql/create_t_code.sql","D:/newProject/jsweb/bin/dao/sql/create_t_user.sql"]
[info][2017/09/27 21:22:09][function (file,idx) ]:当前文件 D:/newProject/jsweb/bin/dao/sql/create_t_code.sql 解析出来表为 t_code 成员有 {"id":{"type":"serial","limit":"PRIMARY KEY NOT NULL"},"title":{"type":"varchar","limit":"128"},"content":{"type":"text","limit":""},"turn":{"type":"serial","limit":""},"createtime":{"type":"timestamp","limit":""},"updatetime":{"type":"timestamp","limit":""},"status":{"type":"varchar","limit":"20"}}
[info][2017/09/27 21:22:09][function (file,idx) ]:当前文件 D:/newProject/jsweb/bin/dao/sql/create_t_user.sql 解析出来表为 t_user 成员有 {"id":{"type":"serial","limit":"PRIMARY KEY NOT NULL"},"cardid":{"type":"varchar","limit":"20"},"realname":{"type":"varchar","limit":"64"},"nickname":{"type":"varchar","limit":"64"},"email":{"type":"varchar","limit":"128"},"userType":{"type":"varchar","limit":"64"},"age":{"type":"smallint","limit":""},"brithday":{"type":"timestamp","limit":""},"picture":[deep Object],"address":[deep Object],"mobile":[deep Object],"qq":[deep Object],"sex":[deep Object],"turn":[deep Object],"password":[deep Object],"passwordMd5":[deep Object],"logintime":[deep Object],"createtime":[deep Object],"updatetime":[deep Object],"status":[deep Object]}
[info][2017/09/27 21:22:09][function (exports, require, module, __filename, __dirname) ]:base路径： D:/newProject/jsweb/bin
[info][2017/09/27 21:22:09][function (exports, require, module, __filename, __dirname) ]:action文件路径为： /action D:/newProject/jsweb/bin/action
[info][2017/09/27 21:22:09][function (exports, require, module, __filename, __dirname) ]:根文件路径： D:/newProject/jsweb/bin/senlin
[info][2017/09/27 21:22:09][function (exports, require, module, __filename, __dirname) ]:action map {"/ajax/index/getCode":"[object Function]","/ajax/index/insertCode":"[object Function]","/tool/handle/createFile":"[object Function]","/":"/index.html","/proxy":"[object Function]"}
[info][2017/09/27 21:22:10][function (exports, require, module, __filename, __dirname) ]:静态文件路径为 /senlin D:/newProject/jsweb/bin/senlin
[info][2017/09/27 21:22:10][function (exports, require, module, __filename, __dirname) ]:服务器启动在3000端口上,启动消耗 2891 ms
